#
# A fatal error has been detected by the Java Runtime Environment:
#
#  EXCEPTION_ACCESS_VIOLATION (0xc0000005) at pc=0x00007ffcde981058, pid=431596, tid=404004
#
# JRE version: Java(TM) SE Runtime Environment (23.0.1+11) (build 23.0.1+11-39)
# Java VM: Java HotSpot(TM) 64-Bit Server VM (23.0.1+11-39, mixed mode, sharing, tiered, compressed oops, compressed class ptrs, g1 gc, windows-amd64)
# Problematic frame:
# C  [amdxn64.dll+0x331058]
#
# No core dump will be written. Minidumps are not enabled by default on client versions of Windows
#
# If you would like to submit a bug report, please visit:
#   https://bugreport.java.com/bugreport/crash.jsp
# The crash happened outside the Java Virtual Machine in native code.
# See problematic frame for where to report the bug.
#

---------------  S U M M A R Y ------------

Command Line: com.mycompany.attendancesystem.Register

Host: AMD Ryzen 5 7520U with Radeon Graphics         , 8 cores, 5G,  Windows 11 , 64 bit Build 26100 (10.0.26100.3037)
Time: Wed Mar 12 16:51:08 2025 Malay Peninsula Standard Time elapsed time: 5.161194 seconds (0d 0h 0m 5s)

---------------  T H R E A D  ---------------

Current thread (0x00000280c53178a0):  JavaThread "AWT-Windows" daemon [_thread_in_native, id=404004, stack(0x000000ff6b300000,0x000000ff6b400000) (1024K)]

Stack: [0x000000ff6b300000,0x000000ff6b400000],  sp=0x000000ff6b3f9f70,  free space=999k
Native frames: (J=compiled Java code, j=interpreted, Vv=VM code, C=native code)
C  [amdxn64.dll+0x331058]  (no source info available)
C  [amdxn64.dll+0x3313d7]  (no source info available)
C  [amdxn64.dll+0x31a4c1]  (no source info available)
C  [amdxn64.dll+0x321e55]  (no source info available)
C  [amdxn64.dll+0x309b2b]  (no source info available)
C  [amdxn64.dll+0x30c87b]  (no source info available)
C  [amdxn64.dll+0x307068]  (no source info available)
C  [amdxn64.dll+0x73e06]  (no source info available)
C  [amdxn64.dll+0x72c60]  (no source info available)
C  [amdxn64.dll+0x4b3d8]  (no source info available)
C  [amdxn64.dll+0x44066]  (no source info available)
C  [d3d9.dll+0xe371]  (no source info available)
C  [d3d9.dll+0xd565]  (no source info available)
C  [d3d9.dll+0x18dbb]  (no source info available)
C  [d3d9.dll+0xb836]  (no source info available)
C  [d3d9.dll+0xa8ee]  (no source info available)
C  [d3d9.dll+0xfec85]  (no source info available)
C  [awt.dll+0x193d8]  (no source info available)
C  [awt.dll+0x19881]  (no source info available)
C  [awt.dll+0x1ef02]  (no source info available)
C  [awt.dll+0x1c3c9]  (no source info available)
C  0x00000280de10d207  (no source info available)

The last pc belongs to native method entry point (kind = native) (printed below).
Java frames: (J=compiled Java code, j=interpreted, Vv=VM code)
j  sun.java2d.d3d.D3DGraphicsDevice.getDeviceCapsNative(I)I+0 java.desktop@23.0.1
j  sun.java2d.d3d.D3DGraphicsDevice$1.run()V+8 java.desktop@23.0.1
v  ~StubRoutines::call_stub 0x00000280de100fcd
j  sun.awt.windows.WToolkit.eventLoop()V+0 java.desktop@23.0.1
j  sun.awt.windows.WToolkit.run()V+50 java.desktop@23.0.1
j  java.lang.Thread.runWith(Ljava/lang/Object;Ljava/lang/Runnable;)V+5 java.base@23.0.1
j  java.lang.Thread.run()V+19 java.base@23.0.1
v  ~StubRoutines::call_stub 0x00000280de100fcd

siginfo: EXCEPTION_ACCESS_VIOLATION (0xc0000005), writing address 0x0000000000000018


Registers:
RAX=0x0000000000005288, RBX=0x00000280c627e180, RCX=0x00000280c627e198, RDX=0x000000ff6b3fa060
RSP=0x000000ff6b3f9f70, RBP=0x00000280c627e180, RSI=0x0000000000000000, RDI=0x00000280c6351678
R8 =0x0000000000000000, R9 =0x00000280c6351678, R10=0x0000000000005260, R11=0x0000000000000001
R12=0x0000000000000000, R13=0x0000000000000000, R14=0x00000280c6351678, R15=0x000000ff6b3fa8e0
RIP=0x00007ffcde981058, EFLAGS=0x0000000000010202


Register to memory mapping:

RAX=0x0000000000005288 is an unknown value
RBX=0x00000280c627e180 points into unknown readable memory: 0x00007ffce17c3850 | 50 38 7c e1 fc 7f 00 00
RCX=0x00000280c627e198 points into unknown readable memory: 0x0000000000000000 | 00 00 00 00 00 00 00 00
RDX=0x000000ff6b3fa060 is pointing into the stack for thread: 0x00000280c53178a0
RSP=0x000000ff6b3f9f70 is pointing into the stack for thread: 0x00000280c53178a0
RBP=0x00000280c627e180 points into unknown readable memory: 0x00007ffce17c3850 | 50 38 7c e1 fc 7f 00 00
RSI=0x0 is null
RDI=0x00000280c6351678 points into unknown readable memory: 0x00007ffce17c34f0 | f0 34 7c e1 fc 7f 00 00
R8 =0x0 is null
R9 =0x00000280c6351678 points into unknown readable memory: 0x00007ffce17c34f0 | f0 34 7c e1 fc 7f 00 00
R10=0x0000000000005260 is an unknown value
R11=0x0000000000000001 is an unknown value
R12=0x0 is null
R13=0x0 is null
R14=0x00000280c6351678 points into unknown readable memory: 0x00007ffce17c34f0 | f0 34 7c e1 fc 7f 00 00
R15=0x000000ff6b3fa8e0 is pointing into the stack for thread: 0x00000280c53178a0

Top of Stack: (sp=0x000000ff6b3f9f70)
0x000000ff6b3f9f70:   19dc307e00000000 126befb600000000
0x000000ff6b3f9f80:   ffffffff126befb6 00000000ffffffff
0x000000ff6b3f9f90:   19dc307e19dc307e 19dc307e19dc307e
0x000000ff6b3f9fa0:   0000000000080040 0000000000000000
0x000000ff6b3f9fb0:   0000000400000000 0000001000000000
0x000000ff6b3f9fc0:   0000000000000000 3f800000126befb6
0x000000ff6b3f9fd0:   0000000000000000 0000000000000000
0x000000ff6b3f9fe0:   000000ff6b3fa8e0 00000280c6351678
0x000000ff6b3f9ff0:   0000000000000000 00000280c627e180
0x000000ff6b3fa000:   0000000000000000 00007ffcde9813d7
0x000000ff6b3fa010:   00000280c60853c0 0000000006000c17
0x000000ff6b3fa020:   000000ff6b3fa8e0 00000280c6351678
0x000000ff6b3fa030:   0000000000005260 0000000000000000
0x000000ff6b3fa040:   00000280c60853c0 000000ff00000003
0x000000ff6b3fa050:   00000280c6352098 00007ffcde96a4c1
0x000000ff6b3fa060:   0000000000000000 0000000000000000
0x000000ff6b3fa070:   000000ff6b3fa160 000000ff6b3fa9c0
0x000000ff6b3fa080:   0000028000000003 00000280c634f104
0x000000ff6b3fa090:   000000ff6b3fa960 0000000000000000
0x000000ff6b3fa0a0:   00000280c63521c8 0000000000000000
0x000000ff6b3fa0b0:   00000280c627b840 771aeecb157e2326
0x000000ff6b3fa0c0:   000000ff6b3faab0 0000000000000000
0x000000ff6b3fa0d0:   0000000000000000 0000000000000000
0x000000ff6b3fa0e0:   0000000000000000 0000000000000000
0x000000ff6b3fa0f0:   0000000000000000 0000000000000000
0x000000ff6b3fa100:   00000280cbf81080 0000000000000000
0x000000ff6b3fa110:   00000280cbf802ac 0000000000000000
0x000000ff6b3fa120:   00000280c6362448 0000000000000000
0x000000ff6b3fa130:   0000000000000000 00000280c535a780
0x000000ff6b3fa140:   00000280c535a760 0000000000000000
0x000000ff6b3fa150:   0000000000000000 0000000000000000
0x000000ff6b3fa160:   0000000000000000 0000000000000000 

Instructions: (pc=0x00007ffcde981058)
0x00007ffcde980f58:   cc cc cc cc cc cc cc cc 40 55 48 83 ec 20 8b 42
0x00007ffcde980f68:   28 48 8b ea 48 89 74 24 38 41 0f b6 f0 4c 89 74
0x00007ffcde980f78:   24 48 4c 8b f1 83 f8 01 75 7e 48 89 5c 24 30 48
0x00007ffcde980f88:   89 7c 24 40 48 8d b9 b0 03 00 00 49 8d 4e 18 40
0x00007ffcde980f98:   84 f6 74 08 ff 15 46 13 b3 00 eb 06 ff 15 5e 15
0x00007ffcde980fa8:   b3 00 48 8b cf ff 15 2d 16 b3 00 48 85 ff 74 16
0x00007ffcde980fb8:   49 8d 8e d8 03 00 00 41 b8 f4 01 00 00 48 8b d7
0x00007ffcde980fc8:   ff 15 9a 15 b3 00 48 8b cf ff 15 e9 15 b3 00 49
0x00007ffcde980fd8:   8d 4e 18 40 84 f6 74 08 ff 15 f2 15 b3 00 eb 06
0x00007ffcde980fe8:   ff 15 f2 12 b3 00 8b 45 28 83 f8 01 74 9d 48 8b
0x00007ffcde980ff8:   7c 24 40 48 8b 5c 24 30 4c 8b 74 24 48 48 8b 74
0x00007ffcde981008:   24 38 83 f8 02 74 10 85 c0 75 0c c7 45 28 01 00
0x00007ffcde981018:   00 00 b8 01 00 00 00 48 83 c4 20 5d c3 cc cc cc
0x00007ffcde981028:   cc cc cc cc cc cc cc cc 4c 89 4c 24 20 53 55 56
0x00007ffcde981038:   57 41 57 48 83 ec 70 48 8b 84 24 c0 00 00 00 48
0x00007ffcde981048:   8b d9 48 83 c0 28 c7 02 00 00 00 00 48 83 c1 18
0x00007ffcde981058:   49 89 40 18 49 8b f0 4c 8b fa ff 15 78 12 b3 00
0x00007ffcde981068:   48 8b 56 18 48 8b cb e8 bc 09 00 00 48 89 46 30
0x00007ffcde981078:   48 83 bb e0 03 00 00 00 48 8b 83 20 01 00 00 48
0x00007ffcde981088:   89 44 24 30 74 12 48 83 bb e8 03 00 00 00 c6 84
0x00007ffcde981098:   24 a0 00 00 00 01 75 08 c6 84 24 a0 00 00 00 00
0x00007ffcde9810a8:   48 8b 83 e8 03 00 00 48 8d 4b 18 48 89 84 24 b0
0x00007ffcde9810b8:   00 00 00 ff 15 47 14 b3 00 48 83 7e 30 00 75 15
0x00007ffcde9810c8:   41 c7 07 fc ff ff ff 49 8b c7 48 83 c4 70 41 5f
0x00007ffcde9810d8:   5f 5e 5d 5b c3 48 8b ac 24 c8 00 00 00 4c 89 64
0x00007ffcde9810e8:   24 68 4c 89 6c 24 60 4c 89 74 24 58 4c 8d b3 78
0x00007ffcde9810f8:   03 00 00 49 ff 06 4c 8b 6e 30 48 85 ed 75 28 48
0x00007ffcde981108:   8b 8c 24 b8 00 00 00 4c 8d 8c 24 c0 00 00 00 4d
0x00007ffcde981118:   8d 45 28 48 8d 94 24 a8 00 00 00 e8 08 85 00 00
0x00007ffcde981128:   8b 08 41 89 0f eb 14 4c 8b 84 24 c0 00 00 00 49
0x00007ffcde981138:   8d 4d 28 48 8b d5 e8 dd 87 b1 00 4c 8b 84 24 c0
0x00007ffcde981148:   00 00 00 49 8d 55 28 e8 3c 06 00 00 4c 8b 64 24 


Stack slot to memory mapping:

stack at sp + 0 slots: 0x19dc307e00000000 is an unknown value
stack at sp + 1 slots: 0x126befb600000000 is an unknown value
stack at sp + 2 slots: 0xffffffff126befb6 is an unknown value
stack at sp + 3 slots: 0x00000000ffffffff is an unallocated location in the heap
stack at sp + 4 slots: 0x19dc307e19dc307e is an unknown value
stack at sp + 5 slots: 0x19dc307e19dc307e is an unknown value
stack at sp + 6 slots: 0x0000000000080040 is an unknown value
stack at sp + 7 slots: 0x0 is null

Lock stack of current Java thread (top to bottom):

native method entry point (kind = native)  [0x00000280de10cde0, 0x00000280de10d938]  2904 bytes
[MachCode]
  0x00000280de10cde0: 488b 4b08 | 0fb7 492e | 584c 8d74 | ccf8 6800 | 0000 0068 | 0000 0000 | 5055 488b | ec41 5568 
  0x00000280de10ce00: 0000 0000 | 4c8b 6b08 | 4d8d 6d38 | 5348 8b53 | 0848 8b52 | 0848 8b52 | 1848 8b52 | 7048 8b12 
  0x00000280de10ce20: 5248 8b53 | 1048 85d2 | 0f84 0700 | 0000 4881 | c210 0100 | 0052 488b | 5308 488b | 5208 488b 
  0x00000280de10ce40: 5210 5249 | 8bc6 482b | c548 c1e8 | 0350 6800 | 0000 0068 | f7ff ffff | 41c6 8771 | 0400 0001 
  0x00000280de10ce60: 488b 4310 | 4885 c074 | 208b 88cc | 0000 0083 | c102 8988 | cc00 0000 | 2388 e000 | 0000 0f84 
  0x00000280de10ce80: 000a 0000 | e9cf 0000 | 0048 8b43 | 1848 85c0 | 0f85 b000 | 0000 e805 | 0000 00e9 | 9900 0000 
  0x00000280de10cea0: 488b d348 | 8d44 2408 | 4c89 6dc0 | 498b cfc5 | f877 4989 | afb0 0300 | 0049 8987 | a003 0000 
  0x00000280de10cec0: 4883 ec20 | 40f6 c40f | 0f84 1900 | 0000 4883 | ec08 48b8 | 9026 08ef | fc7f 0000 | ffd0 4883 
  0x00000280de10cee0: c408 e90c | 0000 0048 | b890 2608 | effc 7f00 | 00ff d048 | 83c4 2049 | c787 a003 | 0000 0000 
  0x00000280de10cf00: 0000 49c7 | 87b0 0300 | 0000 0000 | 0049 c787 | a803 0000 | 0000 0000 | c5f8 7749 | 837f 0800 
  0x00000280de10cf20: 0f84 0500 | 0000 e995 | 3fff ff4c | 8b6d c04c | 8b75 c84e | 8d74 f500 | c348 8b43 | 1848 85c0 
  0x00000280de10cf40: 0f84 1200 | 0000 8b48 | 0883 c102 | 8948 0823 | 481c 0f84 | 2c09 0000 | 493b a7e8 | 0400 000f 
  0x00000280de10cf60: 8748 0000 | 0089 8424 | 00f0 ffff | 8984 2400 | e0ff ff89 | 8424 00d0 | ffff 8984 | 2400 c0ff 
  0x00000280de10cf80: ff89 8424 | 00b0 ffff | 8984 2400 | a0ff ff89 | 8424 0090 | ffff 8984 | 2400 80ff | ff49 3ba7 
  0x00000280de10cfa0: e004 0000 | 7607 4989 | a7e8 0400 | 0041 c687 | 7104 0000 | 0049 ba41 | ad8f effc | 7f00 0041 
  0x00000280de10cfc0: 803a 000f | 843e 0000 | 0048 8b55 | e849 8bcf | 4883 ec20 | 40f6 c40f | 0f84 1900 | 0000 4883 
  0x00000280de10cfe0: ec08 48b8 | 10ee 3fef | fc7f 0000 | ffd0 4883 | c408 e90c | 0000 0048 | b810 ee3f | effc 7f00 
  0x00000280de10d000: 00ff d048 | 83c4 2048 | 8b5d e84c | 8b5b 0845 | 0fb7 5b2e | 41c1 e303 | 492b e348 | 83ec 2048 
  0x00000280de10d020: 83e4 f04c | 8b5b 604d | 85db 0f85 | ab00 0000 | e805 0000 | 00e9 9900 | 0000 488b | d348 8d44 
  0x00000280de10d040: 2408 4c89 | 6dc0 498b | cfc5 f877 | 4989 afb0 | 0300 0049 | 8987 a003 | 0000 4883 | ec20 40f6 
  0x00000280de10d060: c40f 0f84 | 1900 0000 | 4883 ec08 | 48b8 f04d | 08ef fc7f | 0000 ffd0 | 4883 c408 | e90c 0000 
  0x00000280de10d080: 0048 b8f0 | 4d08 effc | 7f00 00ff | d048 83c4 | 2049 c787 | a003 0000 | 0000 0000 | 49c7 87b0 
  0x00000280de10d0a0: 0300 0000 | 0000 0049 | c787 a803 | 0000 0000 | 0000 c5f8 | 7749 837f | 0800 0f84 | 0500 0000 
  0x00000280de10d0c0: e9fb 3dff | ff4c 8b6d | c04c 8b75 | c84e 8d74 | f500 c348 | 8b5d e84c | 8b5b 6041 | ffd3 488b 
  0x00000280de10d0e0: 5de8 4889 | 4518 448b | 5b28 41f6 | c308 0f84 | 1b00 0000 | 4c8b 5b08 | 4d8b 5b08 | 4d8b 5b18 
  0x00000280de10d100: 4d8b 5b70 | 4d8b 1b4c | 895d 1048 | 8d55 1048 | 8b43 5849 | ba60 3c40 | effc 7f00 | 0049 3bc2 
  0x00000280de10d120: 0f85 ab00 | 0000 e805 | 0000 00e9 | 9900 0000 | 488b d348 | 8d44 2408 | 4c89 6dc0 | 498b cfc5 
  0x00000280de10d140: f877 4989 | afb0 0300 | 0049 8987 | a003 0000 | 4883 ec20 | 40f6 c40f | 0f84 1900 | 0000 4883 
  0x00000280de10d160: ec08 48b8 | f04d 08ef | fc7f 0000 | ffd0 4883 | c408 e90c | 0000 0048 | b8f0 4d08 | effc 7f00 
  0x00000280de10d180: 00ff d048 | 83c4 2049 | c787 a003 | 0000 0000 | 0000 49c7 | 87b0 0300 | 0000 0000 | 0049 c787 
  0x00000280de10d1a0: a803 0000 | 0000 0000 | c5f8 7749 | 837f 0800 | 0f84 0500 | 0000 e905 | 3dff ff4c | 8b6d c04c 
  0x00000280de10d1c0: 8b75 c84e | 8d74 f500 | c348 8b5d | e848 8b43 | 5849 8d8f | c003 0000 | c5f8 7749 | 89af b003 
  0x00000280de10d1e0: 0000 49ba | d8d1 10de | 8002 0000 | 4d89 97a8 | 0300 0049 | 89a7 a003 | 0000 41c7 | 8744 0400 
  0x00000280de10d200: 0004 0000 | 00ff d0c5 | f877 4883 | ec10 c5fb | 1104 2448 | 83ec 1048 | 8904 2448 | c744 2408 
  0x00000280de10d220: 0000 0000 | 41c7 8744 | 0400 0005 | 0000 00f0 | 8344 24c0 | 0049 3baf | 4804 0000 | 0f87 0e00 
  0x00000280de10d240: 0000 4183 | bf40 0400 | 0000 0f84 | 2000 0000 | 498b cf4c | 8be4 4883 | ec20 4883 | e4f0 48b8 
  0x00000280de10d260: 90a9 09ef | fc7f 0000 | ffd0 498b | e44d 33e4 | 41c7 8744 | 0400 0008 | 0000 0049 | c787 a003 
  0x00000280de10d280: 0000 0000 | 0000 49c7 | 87b0 0300 | 0000 0000 | 0049 c787 | a803 0000 | 0000 0000 | c5f8 774d 
  0x00000280de10d2a0: 8b9f 3004 | 0000 41c7 | 8300 0100 | 0000 0000 | 0049 bbda | a510 de80 | 0200 004c | 3b5d 180f 
  0x00000280de10d2c0: 8524 0200 | 0048 8b04 | 2448 83c4 | 1048 85c0 | 0f84 fe01 | 0000 a803 | 0f85 0800 | 0000 488b 
  0x00000280de10d2e0: 00e9 ee01 | 0000 a801 | 0f85 0900 | 0000 488b | 40fe e9dd | 0100 0048 | 8b40 ff41 | 807f 3800 
  0x00000280de10d300: 0f84 ce01 | 0000 4883 | f800 0f84 | c401 0000 | 4d8b 5f28 | 4983 fb00 | 0f84 1400 | 0000 4983 
  0x00000280de10d320: eb08 4d89 | 5f28 4d03 | 5f30 4989 | 03e9 a201 | 0000 4881 | ecd0 0000 | 0048 8904 | 2448 894c 
  0x00000280de10d340: 2408 4889 | 5424 1048 | 8974 2418 | 4889 7c24 | 204c 8944 | 2428 4c89 | 4c24 304c | 8954 2438 
  0x00000280de10d360: 4c89 5c24 | 40c5 fb11 | 4424 50c5 | fb11 4c24 | 58c5 fb11 | 5424 60c5 | fb11 5c24 | 68c5 fb11 
  0x00000280de10d380: 6424 70c5 | fb11 6c24 | 78c5 fb11 | b424 8000 | 0000 c5fb | 11bc 2488 | 0000 00c5 | 7b11 8424 
  0x00000280de10d3a0: 9000 0000 | c57b 118c | 2498 0000 | 00c5 7b11 | 9424 a000 | 0000 c57b | 119c 24a8 | 0000 00c5 
  0x00000280de10d3c0: 7b11 a424 | b000 0000 | c57b 11ac | 24b8 0000 | 00c5 7b11 | b424 c000 | 0000 c57b | 11bc 24c8 
  0x00000280de10d3e0: 0000 0049 | 8bd7 488b | c848 83ec | 2040 f6c4 | 0f0f 8419 | 0000 0048 | 83ec 0848 | b8e0 07fd 
  0x00000280de10d400: eefc 7f00 | 00ff d048 | 83c4 08e9 | 0c00 0000 | 48b8 e007 | fdee fc7f | 0000 ffd0 | 4883 c420 
  0x00000280de10d420: c57b 10bc | 24c8 0000 | 00c5 7b10 | b424 c000 | 0000 c57b | 10ac 24b8 | 0000 00c5 | 7b10 a424 
  0x00000280de10d440: b000 0000 | c57b 109c | 24a8 0000 | 00c5 7b10 | 9424 a000 | 0000 c57b | 108c 2498 | 0000 00c5 
  0x00000280de10d460: 7b10 8424 | 9000 0000 | c5fb 10bc | 2488 0000 | 00c5 fb10 | b424 8000 | 0000 c5fb | 106c 2478 
  0x00000280de10d480: c5fb 1064 | 2470 c5fb | 105c 2468 | c5fb 1054 | 2460 c5fb | 104c 2458 | c5fb 1044 | 2450 4c8b 
  0x00000280de10d4a0: 5c24 404c | 8b54 2438 | 4c8b 4c24 | 304c 8b44 | 2428 488b | 7c24 2048 | 8b74 2418 | 488b 5424 
  0x00000280de10d4c0: 1048 8b4c | 2408 488b | 0424 4881 | c4d0 0000 | 00c5 f877 | 4889 4510 | 4883 ec10 | 4889 0424 
  0x00000280de10d4e0: 48c7 4424 | 0800 0000 | 0041 83bf | c804 0000 | 020f 85bf | 0000 0048 | 81ec 8000 | 0000 4889 
  0x00000280de10d500: 4424 7848 | 894c 2470 | 4889 5424 | 6848 895c | 2460 4889 | 6c24 5048 | 8974 2448 | 4889 7c24 
  0x00000280de10d520: 404c 8944 | 2438 4c89 | 4c24 304c | 8954 2428 | 4c89 5c24 | 204c 8964 | 2418 4c89 | 6c24 104c 
  0x00000280de10d540: 8974 2408 | 4c89 3c24 | 4c8b e448 | 83ec 2048 | 83e4 f048 | b8c0 2240 | effc 7f00 | 00ff d049 
  0x00000280de10d560: 8be4 4c8b | 3c24 4c8b | 7424 084c | 8b6c 2410 | 4c8b 6424 | 184c 8b5c | 2420 4c8b | 5424 284c 
  0x00000280de10d580: 8b4c 2430 | 4c8b 4424 | 3848 8b7c | 2440 488b | 7424 4848 | 8b6c 2450 | 488b 5c24 | 6048 8b54 
  0x00000280de10d5a0: 2468 488b | 4c24 7048 | 8b44 2478 | 4881 c480 | 0000 004d | 33e4 488b | 5de8 4c8b | 6b08 4d8d 
  0x00000280de10d5c0: 6d38 4983 | 7f08 000f | 84bb 0000 | 00e8 0500 | 0000 e996 | 0000 0048 | 8d44 2408 | 4c89 6dc0 
  0x00000280de10d5e0: 498b cfc5 | f877 4989 | afb0 0300 | 0049 8987 | a003 0000 | 4883 ec20 | 40f6 c40f | 0f84 1900 
  0x00000280de10d600: 0000 4883 | ec08 48b8 | 006c 08ef | fc7f 0000 | ffd0 4883 | c408 e90c | 0000 0048 | b800 6c08 
  0x00000280de10d620: effc 7f00 | 00ff d048 | 83c4 2049 | c787 a003 | 0000 0000 | 0000 49c7 | 87b0 0300 | 0000 0000 
  0x00000280de10d640: 0049 c787 | a803 0000 | 0000 0000 | c5f8 7749 | 837f 0800 | 0f84 0500 | 0000 e961 | 38ff ff4c 
  0x00000280de10d660: 8b6d c04c | 8b75 c84e | 8d74 f500 | c348 b940 | d567 effc | 7f00 0048 | 83e4 f048 | b870 4a2e 
  0x00000280de10d680: effc 7f00 | 00ff d0f4 | 448b 5b28 | 41f6 c320 | 0f84 7901 | 0000 488d | 55a8 4c8b | 5a08 4d85 
  0x00000280de10d6a0: db0f 85bb | 0000 00e8 | 0500 0000 | e996 0000 | 0048 8d44 | 2408 4c89 | 6dc0 498b | cfc5 f877 
  0x00000280de10d6c0: 4989 afb0 | 0300 0049 | 8987 a003 | 0000 4883 | ec20 40f6 | c40f 0f84 | 1900 0000 | 4883 ec08 
  0x00000280de10d6e0: 48b8 306b | 08ef fc7f | 0000 ffd0 | 4883 c408 | e90c 0000 | 0048 b830 | 6b08 effc | 7f00 00ff 
  0x00000280de10d700: d048 83c4 | 2049 c787 | a003 0000 | 0000 0000 | 49c7 87b0 | 0300 0000 | 0000 0049 | c787 a803 
  0x00000280de10d720: 0000 0000 | 0000 c5f8 | 7749 837f | 0800 0f84 | 0500 0000 | e987 37ff | ff4c 8b6d | c04c 8b75 
  0x00000280de10d740: c84e 8d74 | f500 c348 | b940 d567 | effc 7f00 | 0048 83e4 | f048 b870 | 4a2e effc | 7f00 00ff 
  0x00000280de10d760: d0f4 4c89 | 6dc0 4c8b | 4a08 48c7 | 4208 0000 | 0000 458b | 8718 0600 | 004f 3b4c | 07f8 0f85 
  0x00000280de10d780: 4900 0000 | 4183 af18 | 0600 0008 | 4f3b 4c07 | f00f 842a | 0000 0049 | 8b01 a802 | 0f85 1200 
  0x00000280de10d7a0: 0000 4c8b | c049 83c8 | 01f0 4d0f | b101 0f84 | 0d00 0000 | 4183 8718 | 0600 0008 | e90c 0000 
  0x00000280de10d7c0: 0049 ff8f | 5005 0000 | e93e 0000 | 004c 894a | 0848 8bca | 4883 ec20 | 40f6 c40f | 0f84 1900 
  0x00000280de10d7e0: 0000 4883 | ec08 48b8 | f03d 08ef | fc7f 0000 | ffd0 4883 | c408 e90c | 0000 0048 | b8f0 3d08 
  0x00000280de10d800: effc 7f00 | 00ff d048 | 83c4 204c | 8b6d c049 | ba41 ad8f | effc 7f00 | 0041 803a | 000f 843e 
  0x00000280de10d820: 0000 0048 | 8b55 e849 | 8bcf 4883 | ec20 40f6 | c40f 0f84 | 1900 0000 | 4883 ec08 | 48b8 10ee 
  0x00000280de10d840: 3fef fc7f | 0000 ffd0 | 4883 c408 | e90c 0000 | 0048 b810 | ee3f effc | 7f00 00ff | d048 83c4 
  0x00000280de10d860: 2048 8b04 | 2448 83c4 | 10c5 fb10 | 0424 4883 | c410 4c8b | 5d18 41ff | d34c 8b5d | f8c9 5f49 
  0x00000280de10d880: 8be3 ffe7 | ba00 0000 | 00e8 0500 | 0000 e996 | 0000 0048 | 8d44 2408 | 4c89 6dc0 | 498b cfc5 
  0x00000280de10d8a0: f877 4989 | afb0 0300 | 0049 8987 | a003 0000 | 4883 ec20 | 40f6 c40f | 0f84 1900 | 0000 4883 
  0x00000280de10d8c0: ec08 48b8 | a031 08ef | fc7f 0000 | ffd0 4883 | c408 e90c | 0000 0048 | b8a0 3108 | effc 7f00 
  0x00000280de10d8e0: 00ff d048 | 83c4 2049 | c787 a003 | 0000 0000 | 0000 49c7 | 87b0 0300 | 0000 0000 | 0049 c787 
  0x00000280de10d900: a803 0000 | 0000 0000 | c5f8 7749 | 837f 0800 | 0f84 0500 | 0000 e9a5 | 35ff ff4c | 8b6d c04c 
  0x00000280de10d920: 8b75 c84e | 8d74 f500 | c348 8b5d | e8e9 26f6 | ffff 660f | 1f44 0000 
[/MachCode]

---------------  P R O C E S S  ---------------

Threads class SMR info:
_java_thread_list=0x00000280c538b340, length=15, elements={
0x00000280ea5bbc10, 0x00000280ea5be680, 0x00000280ea5c2490, 0x00000280ea5c5420,
0x00000280ea5c5e80, 0x00000280ea5c68e0, 0x00000280ea5c4810, 0x00000280ea5e5260,
0x00000280c510b980, 0x00000280c510e040, 0x00000280c5312e80, 0x00000280c5314a30,
0x00000280c53178a0, 0x00000280c538b670, 0x00000280cc163460
}

Java Threads: ( => current thread )
  0x00000280ea5bbc10 JavaThread "Reference Handler"          daemon [_thread_blocked, id=423472, stack(0x000000ff6a700000,0x000000ff6a800000) (1024K)]
  0x00000280ea5be680 JavaThread "Finalizer"                  daemon [_thread_blocked, id=409556, stack(0x000000ff6a800000,0x000000ff6a900000) (1024K)]
  0x00000280ea5c2490 JavaThread "Signal Dispatcher"          daemon [_thread_blocked, id=427376, stack(0x000000ff6a900000,0x000000ff6aa00000) (1024K)]
  0x00000280ea5c5420 JavaThread "Attach Listener"            daemon [_thread_blocked, id=431244, stack(0x000000ff6aa00000,0x000000ff6ab00000) (1024K)]
  0x00000280ea5c5e80 JavaThread "Service Thread"             daemon [_thread_blocked, id=405544, stack(0x000000ff6ab00000,0x000000ff6ac00000) (1024K)]
  0x00000280ea5c68e0 JavaThread "Monitor Deflation Thread"   daemon [_thread_blocked, id=430524, stack(0x000000ff6ac00000,0x000000ff6ad00000) (1024K)]
  0x00000280ea5c4810 JavaThread "C2 CompilerThread0"         daemon [_thread_blocked, id=396676, stack(0x000000ff6ad00000,0x000000ff6ae00000) (1024K)]
  0x00000280ea5e5260 JavaThread "C1 CompilerThread0"         daemon [_thread_blocked, id=431188, stack(0x000000ff6ae00000,0x000000ff6af00000) (1024K)]
  0x00000280c510b980 JavaThread "Notification Thread"        daemon [_thread_blocked, id=416840, stack(0x000000ff6af00000,0x000000ff6b000000) (1024K)]
  0x00000280c510e040 JavaThread "Common-Cleaner"             daemon [_thread_blocked, id=429760, stack(0x000000ff6b000000,0x000000ff6b100000) (1024K)]
  0x00000280c5312e80 JavaThread "Java2D Disposer"            daemon [_thread_blocked, id=415976, stack(0x000000ff6b100000,0x000000ff6b200000) (1024K)]
  0x00000280c5314a30 JavaThread "AWT-Shutdown"                      [_thread_blocked, id=385124, stack(0x000000ff6b200000,0x000000ff6b300000) (1024K)]
=>0x00000280c53178a0 JavaThread "AWT-Windows"                daemon [_thread_in_native, id=404004, stack(0x000000ff6b300000,0x000000ff6b400000) (1024K)]
  0x00000280c538b670 JavaThread "AWT-EventQueue-0"                  [_thread_in_native, id=389092, stack(0x000000ff6b400000,0x000000ff6b500000) (1024K)]
  0x00000280cc163460 JavaThread "DestroyJavaVM"                     [_thread_blocked, id=421900, stack(0x000000ff69f00000,0x000000ff6a000000) (1024K)]
Total: 15

Other Threads:
  0x00000280ea5a5c90 VMThread "VM Thread"                           [id=419200, stack(0x000000ff6a600000,0x000000ff6a700000) (1024K)]
  0x00000280ea5932a0 WatcherThread "VM Periodic Task Thread"        [id=430412, stack(0x000000ff6a500000,0x000000ff6a600000) (1024K)]
  0x00000280ce4e0150 WorkerThread "GC Thread#0"                     [id=396856, stack(0x000000ff6a000000,0x000000ff6a100000) (1024K)]
  0x00000280ce4f0760 ConcurrentGCThread "G1 Main Marker"            [id=423924, stack(0x000000ff6a100000,0x000000ff6a200000) (1024K)]
  0x00000280ce4f1310 WorkerThread "G1 Conc#0"                       [id=431736, stack(0x000000ff6a200000,0x000000ff6a300000) (1024K)]
  0x00000280ea4620c0 ConcurrentGCThread "G1 Refine#0"               [id=292720, stack(0x000000ff6a300000,0x000000ff6a400000) (1024K)]
  0x00000280ea4649f0 ConcurrentGCThread "G1 Service"                [id=426292, stack(0x000000ff6a400000,0x000000ff6a500000) (1024K)]
Total: 7

Threads with active compile tasks:
Total: 0

VM state: not at safepoint (normal execution)

VM Mutex/Monitor currently owned by a thread: None

Heap address: 0x00000000a4200000, size: 1470 MB, Compressed Oops mode: 32-bit

CDS archive(s) mapped at: [0x0000028080000000-0x0000028080d70000-0x0000028080d70000), size 14090240, SharedBaseAddress: 0x0000028080000000, ArchiveRelocationMode: 1.
Compressed class space mapped at: 0x0000028081000000-0x00000280c1000000, reserved size: 1073741824
Narrow klass base: 0x0000028080000000, Narrow klass shift: 0, Narrow klass range: 0x41000000

GC Precious Log:
 CardTable entry size: 512
 Card Set container configuration: InlinePtr #cards 5 size 8 Array Of Cards #cards 10 size 36 Howl #buckets 4 coarsen threshold 1843 Howl Bitmap #cards 512 size 80 coarsen threshold 460 Card regions per heap region 1 cards per card region 2048
 CPUs: 8 total, 8 available
 Memory: 5877M
 Large Page Support: Disabled
 NUMA Support: Disabled
 Compressed Oops: Enabled (32-bit)
 Heap Region Size: 1M
 Heap Min Capacity: 8M
 Heap Initial Capacity: 92M
 Heap Max Capacity: 1470M
 Pre-touch: Disabled
 Parallel Workers: 8
 Concurrent Workers: 2
 Concurrent Refinement Workers: 8
 Periodic GC: Disabled

Heap:
 garbage-first heap   total reserved 1505280K, committed 94208K, used 5120K [0x00000000a4200000, 0x0000000100000000)
  region size 1024K, 6 young (6144K), 0 survivors (0K)
 Metaspace       used 5868K, committed 6080K, reserved 1114112K
  class space    used 699K, committed 768K, reserved 1048576K

Heap Regions: E=young(eden), S=young(survivor), O=old, HS=humongous(starts), HC=humongous(continues), CS=collection set, F=free, TAMS=top-at-mark-start, PB=parsable bottom
|   0|0x00000000a4200000, 0x00000000a4200000, 0x00000000a4300000|  0%| F|  |TAMS 0x00000000a4200000| PB 0x00000000a4200000| Untracked |  0
|   1|0x00000000a4300000, 0x00000000a4300000, 0x00000000a4400000|  0%| F|  |TAMS 0x00000000a4300000| PB 0x00000000a4300000| Untracked |  0
|   2|0x00000000a4400000, 0x00000000a4400000, 0x00000000a4500000|  0%| F|  |TAMS 0x00000000a4400000| PB 0x00000000a4400000| Untracked |  0
|   3|0x00000000a4500000, 0x00000000a4500000, 0x00000000a4600000|  0%| F|  |TAMS 0x00000000a4500000| PB 0x00000000a4500000| Untracked |  0
|   4|0x00000000a4600000, 0x00000000a4600000, 0x00000000a4700000|  0%| F|  |TAMS 0x00000000a4600000| PB 0x00000000a4600000| Untracked |  0
|   5|0x00000000a4700000, 0x00000000a4700000, 0x00000000a4800000|  0%| F|  |TAMS 0x00000000a4700000| PB 0x00000000a4700000| Untracked |  0
|   6|0x00000000a4800000, 0x00000000a4800000, 0x00000000a4900000|  0%| F|  |TAMS 0x00000000a4800000| PB 0x00000000a4800000| Untracked |  0
|   7|0x00000000a4900000, 0x00000000a4900000, 0x00000000a4a00000|  0%| F|  |TAMS 0x00000000a4900000| PB 0x00000000a4900000| Untracked |  0
|   8|0x00000000a4a00000, 0x00000000a4a00000, 0x00000000a4b00000|  0%| F|  |TAMS 0x00000000a4a00000| PB 0x00000000a4a00000| Untracked |  0
|   9|0x00000000a4b00000, 0x00000000a4b00000, 0x00000000a4c00000|  0%| F|  |TAMS 0x00000000a4b00000| PB 0x00000000a4b00000| Untracked |  0
|  10|0x00000000a4c00000, 0x00000000a4c00000, 0x00000000a4d00000|  0%| F|  |TAMS 0x00000000a4c00000| PB 0x00000000a4c00000| Untracked |  0
|  11|0x00000000a4d00000, 0x00000000a4d00000, 0x00000000a4e00000|  0%| F|  |TAMS 0x00000000a4d00000| PB 0x00000000a4d00000| Untracked |  0
|  12|0x00000000a4e00000, 0x00000000a4e00000, 0x00000000a4f00000|  0%| F|  |TAMS 0x00000000a4e00000| PB 0x00000000a4e00000| Untracked |  0
|  13|0x00000000a4f00000, 0x00000000a4f00000, 0x00000000a5000000|  0%| F|  |TAMS 0x00000000a4f00000| PB 0x00000000a4f00000| Untracked |  0
|  14|0x00000000a5000000, 0x00000000a5000000, 0x00000000a5100000|  0%| F|  |TAMS 0x00000000a5000000| PB 0x00000000a5000000| Untracked |  0
|  15|0x00000000a5100000, 0x00000000a5100000, 0x00000000a5200000|  0%| F|  |TAMS 0x00000000a5100000| PB 0x00000000a5100000| Untracked |  0
|  16|0x00000000a5200000, 0x00000000a5200000, 0x00000000a5300000|  0%| F|  |TAMS 0x00000000a5200000| PB 0x00000000a5200000| Untracked |  0
|  17|0x00000000a5300000, 0x00000000a5300000, 0x00000000a5400000|  0%| F|  |TAMS 0x00000000a5300000| PB 0x00000000a5300000| Untracked |  0
|  18|0x00000000a5400000, 0x00000000a5400000, 0x00000000a5500000|  0%| F|  |TAMS 0x00000000a5400000| PB 0x00000000a5400000| Untracked |  0
|  19|0x00000000a5500000, 0x00000000a5500000, 0x00000000a5600000|  0%| F|  |TAMS 0x00000000a5500000| PB 0x00000000a5500000| Untracked |  0
|  20|0x00000000a5600000, 0x00000000a5600000, 0x00000000a5700000|  0%| F|  |TAMS 0x00000000a5600000| PB 0x00000000a5600000| Untracked |  0
|  21|0x00000000a5700000, 0x00000000a5700000, 0x00000000a5800000|  0%| F|  |TAMS 0x00000000a5700000| PB 0x00000000a5700000| Untracked |  0
|  22|0x00000000a5800000, 0x00000000a5800000, 0x00000000a5900000|  0%| F|  |TAMS 0x00000000a5800000| PB 0x00000000a5800000| Untracked |  0
|  23|0x00000000a5900000, 0x00000000a5900000, 0x00000000a5a00000|  0%| F|  |TAMS 0x00000000a5900000| PB 0x00000000a5900000| Untracked |  0
|  24|0x00000000a5a00000, 0x00000000a5a00000, 0x00000000a5b00000|  0%| F|  |TAMS 0x00000000a5a00000| PB 0x00000000a5a00000| Untracked |  0
|  25|0x00000000a5b00000, 0x00000000a5b00000, 0x00000000a5c00000|  0%| F|  |TAMS 0x00000000a5b00000| PB 0x00000000a5b00000| Untracked |  0
|  26|0x00000000a5c00000, 0x00000000a5c00000, 0x00000000a5d00000|  0%| F|  |TAMS 0x00000000a5c00000| PB 0x00000000a5c00000| Untracked |  0
|  27|0x00000000a5d00000, 0x00000000a5d00000, 0x00000000a5e00000|  0%| F|  |TAMS 0x00000000a5d00000| PB 0x00000000a5d00000| Untracked |  0
|  28|0x00000000a5e00000, 0x00000000a5e00000, 0x00000000a5f00000|  0%| F|  |TAMS 0x00000000a5e00000| PB 0x00000000a5e00000| Untracked |  0
|  29|0x00000000a5f00000, 0x00000000a5f00000, 0x00000000a6000000|  0%| F|  |TAMS 0x00000000a5f00000| PB 0x00000000a5f00000| Untracked |  0
|  30|0x00000000a6000000, 0x00000000a6000000, 0x00000000a6100000|  0%| F|  |TAMS 0x00000000a6000000| PB 0x00000000a6000000| Untracked |  0
|  31|0x00000000a6100000, 0x00000000a6100000, 0x00000000a6200000|  0%| F|  |TAMS 0x00000000a6100000| PB 0x00000000a6100000| Untracked |  0
|  32|0x00000000a6200000, 0x00000000a6200000, 0x00000000a6300000|  0%| F|  |TAMS 0x00000000a6200000| PB 0x00000000a6200000| Untracked |  0
|  33|0x00000000a6300000, 0x00000000a6300000, 0x00000000a6400000|  0%| F|  |TAMS 0x00000000a6300000| PB 0x00000000a6300000| Untracked |  0
|  34|0x00000000a6400000, 0x00000000a6400000, 0x00000000a6500000|  0%| F|  |TAMS 0x00000000a6400000| PB 0x00000000a6400000| Untracked |  0
|  35|0x00000000a6500000, 0x00000000a6500000, 0x00000000a6600000|  0%| F|  |TAMS 0x00000000a6500000| PB 0x00000000a6500000| Untracked |  0
|  36|0x00000000a6600000, 0x00000000a6600000, 0x00000000a6700000|  0%| F|  |TAMS 0x00000000a6600000| PB 0x00000000a6600000| Untracked |  0
|  37|0x00000000a6700000, 0x00000000a6700000, 0x00000000a6800000|  0%| F|  |TAMS 0x00000000a6700000| PB 0x00000000a6700000| Untracked |  0
|  38|0x00000000a6800000, 0x00000000a6800000, 0x00000000a6900000|  0%| F|  |TAMS 0x00000000a6800000| PB 0x00000000a6800000| Untracked |  0
|  39|0x00000000a6900000, 0x00000000a6900000, 0x00000000a6a00000|  0%| F|  |TAMS 0x00000000a6900000| PB 0x00000000a6900000| Untracked |  0
|  40|0x00000000a6a00000, 0x00000000a6a00000, 0x00000000a6b00000|  0%| F|  |TAMS 0x00000000a6a00000| PB 0x00000000a6a00000| Untracked |  0
|  41|0x00000000a6b00000, 0x00000000a6b00000, 0x00000000a6c00000|  0%| F|  |TAMS 0x00000000a6b00000| PB 0x00000000a6b00000| Untracked |  0
|  42|0x00000000a6c00000, 0x00000000a6c00000, 0x00000000a6d00000|  0%| F|  |TAMS 0x00000000a6c00000| PB 0x00000000a6c00000| Untracked |  0
|  43|0x00000000a6d00000, 0x00000000a6d00000, 0x00000000a6e00000|  0%| F|  |TAMS 0x00000000a6d00000| PB 0x00000000a6d00000| Untracked |  0
|  44|0x00000000a6e00000, 0x00000000a6e00000, 0x00000000a6f00000|  0%| F|  |TAMS 0x00000000a6e00000| PB 0x00000000a6e00000| Untracked |  0
|  45|0x00000000a6f00000, 0x00000000a6f00000, 0x00000000a7000000|  0%| F|  |TAMS 0x00000000a6f00000| PB 0x00000000a6f00000| Untracked |  0
|  46|0x00000000a7000000, 0x00000000a7000000, 0x00000000a7100000|  0%| F|  |TAMS 0x00000000a7000000| PB 0x00000000a7000000| Untracked |  0
|  47|0x00000000a7100000, 0x00000000a7100000, 0x00000000a7200000|  0%| F|  |TAMS 0x00000000a7100000| PB 0x00000000a7100000| Untracked |  0
|  48|0x00000000a7200000, 0x00000000a7200000, 0x00000000a7300000|  0%| F|  |TAMS 0x00000000a7200000| PB 0x00000000a7200000| Untracked |  0
|  49|0x00000000a7300000, 0x00000000a7300000, 0x00000000a7400000|  0%| F|  |TAMS 0x00000000a7300000| PB 0x00000000a7300000| Untracked |  0
|  50|0x00000000a7400000, 0x00000000a7400000, 0x00000000a7500000|  0%| F|  |TAMS 0x00000000a7400000| PB 0x00000000a7400000| Untracked |  0
|  51|0x00000000a7500000, 0x00000000a7500000, 0x00000000a7600000|  0%| F|  |TAMS 0x00000000a7500000| PB 0x00000000a7500000| Untracked |  0
|  52|0x00000000a7600000, 0x00000000a7600000, 0x00000000a7700000|  0%| F|  |TAMS 0x00000000a7600000| PB 0x00000000a7600000| Untracked |  0
|  53|0x00000000a7700000, 0x00000000a7700000, 0x00000000a7800000|  0%| F|  |TAMS 0x00000000a7700000| PB 0x00000000a7700000| Untracked |  0
|  54|0x00000000a7800000, 0x00000000a7800000, 0x00000000a7900000|  0%| F|  |TAMS 0x00000000a7800000| PB 0x00000000a7800000| Untracked |  0
|  55|0x00000000a7900000, 0x00000000a7900000, 0x00000000a7a00000|  0%| F|  |TAMS 0x00000000a7900000| PB 0x00000000a7900000| Untracked |  0
|  56|0x00000000a7a00000, 0x00000000a7a00000, 0x00000000a7b00000|  0%| F|  |TAMS 0x00000000a7a00000| PB 0x00000000a7a00000| Untracked |  0
|  57|0x00000000a7b00000, 0x00000000a7b00000, 0x00000000a7c00000|  0%| F|  |TAMS 0x00000000a7b00000| PB 0x00000000a7b00000| Untracked |  0
|  58|0x00000000a7c00000, 0x00000000a7c00000, 0x00000000a7d00000|  0%| F|  |TAMS 0x00000000a7c00000| PB 0x00000000a7c00000| Untracked |  0
|  59|0x00000000a7d00000, 0x00000000a7d00000, 0x00000000a7e00000|  0%| F|  |TAMS 0x00000000a7d00000| PB 0x00000000a7d00000| Untracked |  0
|  60|0x00000000a7e00000, 0x00000000a7e00000, 0x00000000a7f00000|  0%| F|  |TAMS 0x00000000a7e00000| PB 0x00000000a7e00000| Untracked |  0
|  61|0x00000000a7f00000, 0x00000000a7f00000, 0x00000000a8000000|  0%| F|  |TAMS 0x00000000a7f00000| PB 0x00000000a7f00000| Untracked |  0
|  62|0x00000000a8000000, 0x00000000a8000000, 0x00000000a8100000|  0%| F|  |TAMS 0x00000000a8000000| PB 0x00000000a8000000| Untracked |  0
|  63|0x00000000a8100000, 0x00000000a8100000, 0x00000000a8200000|  0%| F|  |TAMS 0x00000000a8100000| PB 0x00000000a8100000| Untracked |  0
|  64|0x00000000a8200000, 0x00000000a8200000, 0x00000000a8300000|  0%| F|  |TAMS 0x00000000a8200000| PB 0x00000000a8200000| Untracked |  0
|  65|0x00000000a8300000, 0x00000000a8300000, 0x00000000a8400000|  0%| F|  |TAMS 0x00000000a8300000| PB 0x00000000a8300000| Untracked |  0
|  66|0x00000000a8400000, 0x00000000a8400000, 0x00000000a8500000|  0%| F|  |TAMS 0x00000000a8400000| PB 0x00000000a8400000| Untracked |  0
|  67|0x00000000a8500000, 0x00000000a8500000, 0x00000000a8600000|  0%| F|  |TAMS 0x00000000a8500000| PB 0x00000000a8500000| Untracked |  0
|  68|0x00000000a8600000, 0x00000000a8600000, 0x00000000a8700000|  0%| F|  |TAMS 0x00000000a8600000| PB 0x00000000a8600000| Untracked |  0
|  69|0x00000000a8700000, 0x00000000a8700000, 0x00000000a8800000|  0%| F|  |TAMS 0x00000000a8700000| PB 0x00000000a8700000| Untracked |  0
|  70|0x00000000a8800000, 0x00000000a8800000, 0x00000000a8900000|  0%| F|  |TAMS 0x00000000a8800000| PB 0x00000000a8800000| Untracked |  0
|  71|0x00000000a8900000, 0x00000000a8900000, 0x00000000a8a00000|  0%| F|  |TAMS 0x00000000a8900000| PB 0x00000000a8900000| Untracked |  0
|  72|0x00000000a8a00000, 0x00000000a8a00000, 0x00000000a8b00000|  0%| F|  |TAMS 0x00000000a8a00000| PB 0x00000000a8a00000| Untracked |  0
|  73|0x00000000a8b00000, 0x00000000a8b00000, 0x00000000a8c00000|  0%| F|  |TAMS 0x00000000a8b00000| PB 0x00000000a8b00000| Untracked |  0
|  74|0x00000000a8c00000, 0x00000000a8c00000, 0x00000000a8d00000|  0%| F|  |TAMS 0x00000000a8c00000| PB 0x00000000a8c00000| Untracked |  0
|  75|0x00000000a8d00000, 0x00000000a8d00000, 0x00000000a8e00000|  0%| F|  |TAMS 0x00000000a8d00000| PB 0x00000000a8d00000| Untracked |  0
|  76|0x00000000a8e00000, 0x00000000a8e00000, 0x00000000a8f00000|  0%| F|  |TAMS 0x00000000a8e00000| PB 0x00000000a8e00000| Untracked |  0
|  77|0x00000000a8f00000, 0x00000000a8f00000, 0x00000000a9000000|  0%| F|  |TAMS 0x00000000a8f00000| PB 0x00000000a8f00000| Untracked |  0
|  78|0x00000000a9000000, 0x00000000a9000000, 0x00000000a9100000|  0%| F|  |TAMS 0x00000000a9000000| PB 0x00000000a9000000| Untracked |  0
|  79|0x00000000a9100000, 0x00000000a9100000, 0x00000000a9200000|  0%| F|  |TAMS 0x00000000a9100000| PB 0x00000000a9100000| Untracked |  0
|  80|0x00000000a9200000, 0x00000000a9200000, 0x00000000a9300000|  0%| F|  |TAMS 0x00000000a9200000| PB 0x00000000a9200000| Untracked |  0
|  81|0x00000000a9300000, 0x00000000a9300000, 0x00000000a9400000|  0%| F|  |TAMS 0x00000000a9300000| PB 0x00000000a9300000| Untracked |  0
|  82|0x00000000a9400000, 0x00000000a9400000, 0x00000000a9500000|  0%| F|  |TAMS 0x00000000a9400000| PB 0x00000000a9400000| Untracked |  0
|  83|0x00000000a9500000, 0x00000000a9500000, 0x00000000a9600000|  0%| F|  |TAMS 0x00000000a9500000| PB 0x00000000a9500000| Untracked |  0
|  84|0x00000000a9600000, 0x00000000a9600000, 0x00000000a9700000|  0%| F|  |TAMS 0x00000000a9600000| PB 0x00000000a9600000| Untracked |  0
|  85|0x00000000a9700000, 0x00000000a9700000, 0x00000000a9800000|  0%| F|  |TAMS 0x00000000a9700000| PB 0x00000000a9700000| Untracked |  0
|  86|0x00000000a9800000, 0x00000000a9900000, 0x00000000a9900000|100%| E|  |TAMS 0x00000000a9800000| PB 0x00000000a9800000| Complete |  0
|  87|0x00000000a9900000, 0x00000000a9a00000, 0x00000000a9a00000|100%| E|CS|TAMS 0x00000000a9900000| PB 0x00000000a9900000| Complete |  0
|  88|0x00000000a9a00000, 0x00000000a9b00000, 0x00000000a9b00000|100%| E|CS|TAMS 0x00000000a9a00000| PB 0x00000000a9a00000| Complete |  0
|  89|0x00000000a9b00000, 0x00000000a9c00000, 0x00000000a9c00000|100%| E|CS|TAMS 0x00000000a9b00000| PB 0x00000000a9b00000| Complete |  0
|  90|0x00000000a9c00000, 0x00000000a9d00000, 0x00000000a9d00000|100%| E|CS|TAMS 0x00000000a9c00000| PB 0x00000000a9c00000| Complete |  0
|  91|0x00000000a9d00000, 0x00000000a9e00000, 0x00000000a9e00000|100%| E|CS|TAMS 0x00000000a9d00000| PB 0x00000000a9d00000| Complete |  0

Card table byte_map: [0x00000280e61e0000,0x00000280e64c0000] _byte_map_base: 0x00000280e5cbf000

Marking Bits: (CMBitMap*) 0x00000280ce4e0860
 Bits: [0x00000280e64c0000, 0x00000280e7bb8000)

Polling page: 0x00000280cc270000

Metaspace:

Usage:
  Non-class:      5.05 MB used.
      Class:    699.66 KB used.
       Both:      5.73 MB used.

Virtual space:
  Non-class space:       64.00 MB reserved,       5.19 MB (  8%) committed,  1 nodes.
      Class space:        1.00 GB reserved,     768.00 KB ( <1%) committed,  1 nodes.
             Both:        1.06 GB reserved,       5.94 MB ( <1%) committed. 

Chunk freelists:
   Non-Class:  10.87 MB
       Class:  15.25 MB
        Both:  26.12 MB

MaxMetaspaceSize: unlimited
CompressedClassSpaceSize: 1.00 GB
Initial GC threshold: 21.00 MB
Current GC threshold: 21.00 MB
CDS: on
 - commit_granule_bytes: 65536.
 - commit_granule_words: 8192.
 - virtual_space_node_default_size: 8388608.
 - enlarge_chunks_in_place: 1.
 - use_allocation_guard: 0.


Internal statistics:

num_allocs_failed_limit: 0.
num_arena_births: 108.
num_arena_deaths: 0.
num_vsnodes_births: 2.
num_vsnodes_deaths: 0.
num_space_committed: 95.
num_space_uncommitted: 0.
num_chunks_returned_to_freelist: 0.
num_chunks_taken_from_freelist: 131.
num_chunk_merges: 0.
num_chunk_splits: 82.
num_chunks_enlarged: 38.
num_inconsistent_stats: 0.

CodeHeap 'non-profiled nmethods': size=120064Kb used=158Kb max_used=158Kb free=119905Kb
 bounds [0x00000280de690000, 0x00000280de900000, 0x00000280e5bd0000]
CodeHeap 'profiled nmethods': size=120000Kb used=631Kb max_used=631Kb free=119368Kb
 bounds [0x00000280d6bd0000, 0x00000280d6e40000, 0x00000280de100000]
CodeHeap 'non-nmethods': size=5696Kb used=1446Kb max_used=1455Kb free=4249Kb
 bounds [0x00000280de100000, 0x00000280de370000, 0x00000280de690000]
CodeCache: size=245760Kb, used=2235Kb, max_used=2244Kb, free=243522Kb
 total_blobs=1123, nmethods=578, adapters=451, full_count=0
Compilation: enabled, stopped_count=0, restarted_count=0

Compilation events (20 events):
Event: 0.596 Thread 0x00000280ea5e5260  569       3       java.lang.invoke.Invokers$Holder::linkToTargetMethod (9 bytes)
Event: 0.596 Thread 0x00000280ea5e5260 nmethod 569 0x00000280d6c6b508 code [0x00000280d6c6b640, 0x00000280d6c6b9f8]
Event: 0.596 Thread 0x00000280ea5e5260  571       1       java.awt.Color::getRGB (5 bytes)
Event: 0.596 Thread 0x00000280ea5e5260 nmethod 571 0x00000280de6b7708 code [0x00000280de6b7820, 0x00000280de6b78e8]
Event: 0.596 Thread 0x00000280ea5e5260  572       3       java.util.LinkedList$ListItr::hasNext (20 bytes)
Event: 0.596 Thread 0x00000280ea5e5260 nmethod 572 0x00000280d6c6ba08 code [0x00000280d6c6bb20, 0x00000280d6c6bc88]
Event: 0.596 Thread 0x00000280ea5e5260  570       3       java.lang.invoke.LambdaForm$MH/0x000002808100f800::invoke (25 bytes)
Event: 0.596 Thread 0x00000280ea5e5260 nmethod 570 0x00000280d6c6bd08 code [0x00000280d6c6be40, 0x00000280d6c6c340]
Event: 0.609 Thread 0x00000280ea5e5260  573       3       java.lang.ref.Reference::<init> (7 bytes)
Event: 0.610 Thread 0x00000280ea5e5260 nmethod 573 0x00000280d6c6c388 code [0x00000280d6c6c4c0, 0x00000280d6c6c770]
Event: 0.611 Thread 0x00000280ea5e5260  574       3       java.lang.invoke.MethodHandleNatives::findMethodHandleType (7 bytes)
Event: 0.611 Thread 0x00000280ea5e5260 nmethod 574 0x00000280d6c6c808 code [0x00000280d6c6c920, 0x00000280d6c6ca40]
Event: 0.611 Thread 0x00000280ea5e5260  575       3       java.lang.Class::cast (27 bytes)
Event: 0.612 Thread 0x00000280ea5e5260 nmethod 575 0x00000280d6c6cb08 code [0x00000280d6c6cc40, 0x00000280d6c6cee0]
Event: 0.612 Thread 0x00000280ea5e5260  576       3       java.lang.invoke.MethodHandles$Lookup::isClassAccessible (53 bytes)
Event: 0.612 Thread 0x00000280ea5e5260 nmethod 576 0x00000280d6c6cf08 code [0x00000280d6c6d0a0, 0x00000280d6c6d630]
Event: 0.612 Thread 0x00000280ea5e5260  577       3       java.lang.invoke.MemberName::changeReferenceKind (46 bytes)
Event: 0.612 Thread 0x00000280ea5e5260 nmethod 577 0x00000280d6c6d688 code [0x00000280d6c6d7a0, 0x00000280d6c6d8d0]
Event: 0.613 Thread 0x00000280ea5e5260  578       3       java.util.concurrent.ConcurrentHashMap$BaseIterator::hasNext (13 bytes)
Event: 0.613 Thread 0x00000280ea5e5260 nmethod 578 0x00000280d6c6d988 code [0x00000280d6c6daa0, 0x00000280d6c6dc00]

GC Heap History (0 events):
No events

Dll operation events (9 events):
Event: 0.013 Loaded shared library C:\Program Files\Java\jdk-23\bin\java.dll
Event: 0.070 Loaded shared library C:\Program Files\Java\jdk-23\bin\jsvml.dll
Event: 0.161 Loaded shared library C:\Program Files\Java\jdk-23\bin\net.dll
Event: 0.164 Loaded shared library C:\Program Files\Java\jdk-23\bin\nio.dll
Event: 0.169 Loaded shared library C:\Program Files\Java\jdk-23\bin\zip.dll
Event: 0.182 Loaded shared library C:\Program Files\Java\jdk-23\bin\jimage.dll
Event: 0.244 Loaded shared library C:\Program Files\Java\jdk-23\bin\awt.dll
Event: 0.486 Loaded shared library C:\Program Files\Java\jdk-23\bin\freetype.dll
Event: 0.489 Loaded shared library C:\Program Files\Java\jdk-23\bin\fontmanager.dll

Deoptimization events (0 events):
No events

Classes loaded (20 events):
Event: 0.613 Loading class sun/awt/AWTAccessor$CursorAccessor done
Event: 0.613 Loading class java/awt/Cursor$1 done
Event: 0.614 Loading class java/awt/GraphicsDevice
Event: 0.614 Loading class java/awt/GraphicsDevice done
Event: 0.615 Loading class sun/java2d/d3d/D3DGraphicsDevice
Event: 0.615 Loading class sun/awt/Win32GraphicsDevice
Event: 0.616 Loading class sun/awt/Win32GraphicsDevice done
Event: 0.616 Loading class sun/java2d/d3d/D3DGraphicsDevice done
Event: 0.879 Loading class sun/java2d/d3d/D3DRenderQueue
Event: 0.880 Loading class sun/java2d/pipe/RenderQueue
Event: 0.880 Loading class sun/java2d/pipe/RenderQueue done
Event: 0.880 Loading class sun/java2d/d3d/D3DRenderQueue done
Event: 0.880 Loading class sun/java2d/pipe/RenderBuffer
Event: 0.880 Loading class sun/java2d/pipe/RenderBuffer done
Event: 0.881 Loading class sun/java2d/d3d/D3DRenderQueue$1
Event: 0.881 Loading class sun/java2d/d3d/D3DRenderQueue$1 done
Event: 0.881 Loading class sun/java2d/d3d/D3DGraphicsDevice$1Result
Event: 0.881 Loading class sun/java2d/d3d/D3DGraphicsDevice$1Result done
Event: 0.881 Loading class sun/java2d/d3d/D3DGraphicsDevice$1
Event: 0.881 Loading class sun/java2d/d3d/D3DGraphicsDevice$1 done

Classes unloaded (0 events):
No events

Classes redefined (0 events):
No events

Internal exceptions (20 events):
Event: 0.567 Thread 0x00000280cc163460 Exception <a 'java/lang/ClassNotFoundException'{0x00000000a99f2778}: FormattedTextField> (0x00000000a99f2778) 
thrown [s\open\src\hotspot\share\classfile\systemDictionary.cpp, line 313]
Event: 0.568 Thread 0x00000280cc163460 Exception <a 'java/lang/ClassNotFoundException'{0x00000000a99f2bd0}: PasswordField> (0x00000000a99f2bd0) 
thrown [s\open\src\hotspot\share\classfile\systemDictionary.cpp, line 313]
Event: 0.568 Thread 0x00000280cc163460 Exception <a 'java/lang/ClassNotFoundException'{0x00000000a99f3128}: TextArea> (0x00000000a99f3128) 
thrown [s\open\src\hotspot\share\classfile\systemDictionary.cpp, line 313]
Event: 0.570 Thread 0x00000280cc163460 Exception <a 'java/lang/ClassNotFoundException'{0x00000000a99f3a68}: TextPane> (0x00000000a99f3a68) 
thrown [s\open\src\hotspot\share\classfile\systemDictionary.cpp, line 313]
Event: 0.570 Thread 0x00000280cc163460 Exception <a 'java/lang/ClassNotFoundException'{0x00000000a99f3ed0}: EditorPane> (0x00000000a99f3ed0) 
thrown [s\open\src\hotspot\share\classfile\systemDictionary.cpp, line 313]
Event: 0.570 Thread 0x00000280cc163460 Exception <a 'java/lang/ClassNotFoundException'{0x00000000a99f4830}: ToolBar> (0x00000000a99f4830) 
thrown [s\open\src\hotspot\share\classfile\systemDictionary.cpp, line 313]
Event: 0.571 Thread 0x00000280cc163460 Exception <a 'java/lang/ClassNotFoundException'{0x00000000a99f4d28}: ToolBar> (0x00000000a99f4d28) 
thrown [s\open\src\hotspot\share\classfile\systemDictionary.cpp, line 313]
Event: 0.571 Thread 0x00000280cc163460 Exception <a 'java/lang/ClassNotFoundException'{0x00000000a99f5088}: Button> (0x00000000a99f5088) 
thrown [s\open\src\hotspot\share\classfile\systemDictionary.cpp, line 313]
Event: 0.571 Thread 0x00000280cc163460 Exception <a 'java/lang/ClassNotFoundException'{0x00000000a99f5550}: ToolBar> (0x00000000a99f5550) 
thrown [s\open\src\hotspot\share\classfile\systemDictionary.cpp, line 313]
Event: 0.571 Thread 0x00000280cc163460 Exception <a 'java/lang/ClassNotFoundException'{0x00000000a99f58c0}: ToggleButton> (0x00000000a99f58c0) 
thrown [s\open\src\hotspot\share\classfile\systemDictionary.cpp, line 313]
Event: 0.571 Thread 0x00000280cc163460 Exception <a 'java/lang/ClassNotFoundException'{0x00000000a99f5d00}: javax/swing/JToolBarSeparator> (0x00000000a99f5d00) 
thrown [s\open\src\hotspot\share\classfile\systemDictionary.cpp, line 313]
Event: 0.571 Thread 0x00000280cc163460 Exception <a 'java/lang/ClassNotFoundException'{0x00000000a99f6288}: ToolBarSeparator> (0x00000000a99f6288) 
thrown [s\open\src\hotspot\share\classfile\systemDictionary.cpp, line 313]
Event: 0.571 Thread 0x00000280cc163460 Exception <a 'java/lang/ClassNotFoundException'{0x00000000a99f67a0}: ToolTip> (0x00000000a99f67a0) 
thrown [s\open\src\hotspot\share\classfile\systemDictionary.cpp, line 313]
Event: 0.573 Thread 0x00000280cc163460 Exception <a 'java/lang/ClassNotFoundException'{0x00000000a99f70f0}: Tree> (0x00000000a99f70f0) 
thrown [s\open\src\hotspot\share\classfile\systemDictionary.cpp, line 313]
Event: 0.573 Thread 0x00000280cc163460 Exception <a 'java/lang/ClassNotFoundException'{0x00000000a99f75e8}: Tree> (0x00000000a99f75e8) 
thrown [s\open\src\hotspot\share\classfile\systemDictionary.cpp, line 313]
Event: 0.573 Thread 0x00000280cc163460 Exception <a 'java/lang/ClassNotFoundException'{0x00000000a99f7958}: javax/swing/JTreeCell> (0x00000000a99f7958) 
thrown [s\open\src\hotspot\share\classfile\systemDictionary.cpp, line 313]
Event: 0.573 Thread 0x00000280cc163460 Exception <a 'java/lang/ClassNotFoundException'{0x00000000a99f7c60}: TreeCell> (0x00000000a99f7c60) 
thrown [s\open\src\hotspot\share\classfile\systemDictionary.cpp, line 313]
Event: 0.574 Thread 0x00000280cc163460 Exception <a 'java/lang/ClassNotFoundException'{0x00000000a99f8418}: RootPane> (0x00000000a99f8418) 
thrown [s\open\src\hotspot\share\classfile\systemDictionary.cpp, line 313]
Event: 0.577 Thread 0x00000280cc163460 Exception <a 'java/lang/ClassNotFoundException'{0x00000000a99fb278}: com/sun/swing/internal/plaf/metal/resources/spi/metalProvider> (0x00000000a99fb278) 
thrown [s\open\src\hotspot\share\classfile\systemDictionary.cpp, line 313]
Event: 0.579 Thread 0x00000280cc163460 Exception <a 'java/lang/ClassNotFoundException'{0x00000000a99fef88}: com/sun/swing/internal/plaf/basic/resources/spi/basicProvider> (0x00000000a99fef88) 
thrown [s\open\src\hotspot\share\classfile\systemDictionary.cpp, line 313]

VM Operations (4 events):
Event: 0.175 Executing VM operation: HandshakeAllThreads (Deoptimize)
Event: 0.176 Executing VM operation: HandshakeAllThreads (Deoptimize) done
Event: 0.293 Executing VM operation: HandshakeAllThreads (Deoptimize)
Event: 0.294 Executing VM operation: HandshakeAllThreads (Deoptimize) done

Memory protections (0 events):
No events

Nmethod flushes (0 events):
No events

Events (17 events):
Event: 0.051 Thread 0x00000280cc163460 Thread added: 0x00000280cc163460
Event: 0.067 Thread 0x00000280cc163460 Thread added: 0x00000280ea5bbc10
Event: 0.067 Thread 0x00000280cc163460 Thread added: 0x00000280ea5be680
Event: 0.067 Thread 0x00000280cc163460 Thread added: 0x00000280ea5c2490
Event: 0.067 Thread 0x00000280cc163460 Thread added: 0x00000280ea5c5420
Event: 0.068 Thread 0x00000280cc163460 Thread added: 0x00000280ea5c5e80
Event: 0.068 Thread 0x00000280cc163460 Thread added: 0x00000280ea5c68e0
Event: 0.068 Thread 0x00000280cc163460 Thread added: 0x00000280ea5c4810
Event: 0.068 Thread 0x00000280cc163460 Thread added: 0x00000280ea5e5260
Event: 0.091 Thread 0x00000280cc163460 Thread added: 0x00000280c510b980
Event: 0.139 Thread 0x00000280cc163460 Thread added: 0x00000280c510e040
Event: 0.352 Thread 0x00000280cc163460 Thread added: 0x00000280c5312e80
Event: 0.354 Thread 0x00000280cc163460 Thread added: 0x00000280c5314a30
Event: 0.356 Thread 0x00000280cc163460 Thread added: 0x00000280c53178a0
Event: 0.606 Thread 0x00000280cc163460 Thread added: 0x00000280c538b670
Event: 0.607 Thread 0x00000280cc163460 Thread exited: 0x00000280cc163460
Event: 0.607 Thread 0x00000280cc163460 Thread added: 0x00000280cc163460


Dynamic libraries:
0x00007ff6c07b0000 - 0x00007ff6c07c0000 	C:\Program Files\Java\jdk-23\bin\java.exe
0x00007ffd4c680000 - 0x00007ffd4c8e3000 	C:\WINDOWS\SYSTEM32\ntdll.dll
0x00007ffd4b1c0000 - 0x00007ffd4b287000 	C:\WINDOWS\System32\KERNEL32.DLL
0x00007ffd4a0c0000 - 0x00007ffd4a487000 	C:\WINDOWS\System32\KERNELBASE.dll
0x00007ffd49a20000 - 0x00007ffd49b6c000 	C:\WINDOWS\System32\ucrtbase.dll
0x00007ffd34db0000 - 0x00007ffd34dc7000 	C:\Program Files\Java\jdk-23\bin\jli.dll
0x00007ffd43f40000 - 0x00007ffd43f5b000 	C:\Program Files\Java\jdk-23\bin\VCRUNTIME140.dll
0x00007ffd4c2c0000 - 0x00007ffd4c489000 	C:\WINDOWS\System32\USER32.dll
0x00007ffd499f0000 - 0x00007ffd49a17000 	C:\WINDOWS\System32\win32u.dll
0x00007ffd48bd0000 - 0x00007ffd48e60000 	C:\WINDOWS\WinSxS\amd64_microsoft.windows.common-controls_6595b64144ccf1df_6.0.26100.3037_none_3e09262ce333c378\COMCTL32.dll
0x00007ffd4c530000 - 0x00007ffd4c55a000 	C:\WINDOWS\System32\GDI32.dll
0x00007ffd4b9c0000 - 0x00007ffd4ba69000 	C:\WINDOWS\System32\msvcrt.dll
0x00007ffd49f90000 - 0x00007ffd4a0bb000 	C:\WINDOWS\System32\gdi32full.dll
0x00007ffd49b70000 - 0x00007ffd49c13000 	C:\WINDOWS\System32\msvcp_win.dll
0x00007ffd4bed0000 - 0x00007ffd4beff000 	C:\WINDOWS\System32\IMM32.DLL
0x00007ffd3a5a0000 - 0x00007ffd3a5ac000 	C:\Program Files\Java\jdk-23\bin\vcruntime140_1.dll
0x00007ffd27a90000 - 0x00007ffd27b1e000 	C:\Program Files\Java\jdk-23\bin\msvcp140.dll
0x00007ffceecb0000 - 0x00007ffcef9ff000 	C:\Program Files\Java\jdk-23\bin\server\jvm.dll
0x00007ffd4be00000 - 0x00007ffd4beb4000 	C:\WINDOWS\System32\ADVAPI32.dll
0x00007ffd4c560000 - 0x00007ffd4c606000 	C:\WINDOWS\System32\sechost.dll
0x00007ffd4b090000 - 0x00007ffd4b1a6000 	C:\WINDOWS\System32\RPCRT4.dll
0x00007ffd4a590000 - 0x00007ffd4a604000 	C:\WINDOWS\System32\WS2_32.dll
0x00007ffd497d0000 - 0x00007ffd4981e000 	C:\WINDOWS\SYSTEM32\POWRPROF.dll
0x00007ffd3ad60000 - 0x00007ffd3ad6b000 	C:\WINDOWS\SYSTEM32\VERSION.dll
0x00007ffd42e00000 - 0x00007ffd42e36000 	C:\WINDOWS\SYSTEM32\WINMM.dll
0x00007ffd497b0000 - 0x00007ffd497c4000 	C:\WINDOWS\SYSTEM32\UMPDC.dll
0x00007ffd47ef0000 - 0x00007ffd47f0a000 	C:\WINDOWS\SYSTEM32\kernel.appcore.dll
0x00007ffd3a2b0000 - 0x00007ffd3a2ba000 	C:\Program Files\Java\jdk-23\bin\jimage.dll
0x00007ffd491b0000 - 0x00007ffd493f1000 	C:\WINDOWS\SYSTEM32\DBGHELP.DLL
0x00007ffd4ba70000 - 0x00007ffd4bdee000 	C:\WINDOWS\System32\combase.dll
0x00007ffd4a7a0000 - 0x00007ffd4a876000 	C:\WINDOWS\System32\OLEAUT32.dll
0x00007ffd49070000 - 0x00007ffd490a9000 	C:\WINDOWS\SYSTEM32\dbgcore.DLL
0x00007ffd49ef0000 - 0x00007ffd49f89000 	C:\WINDOWS\System32\bcryptPrimitives.dll
0x00007ffd3a2c0000 - 0x00007ffd3a2de000 	C:\Program Files\Java\jdk-23\bin\java.dll
0x00007ffd4b820000 - 0x00007ffd4b9b5000 	C:\WINDOWS\System32\ole32.dll
0x00007ffd4a8d0000 - 0x00007ffd4afd4000 	C:\WINDOWS\System32\SHELL32.dll
0x00007ffd46ca0000 - 0x00007ffd474d7000 	C:\WINDOWS\SYSTEM32\windows.storage.dll
0x00007ffd4b290000 - 0x00007ffd4b379000 	C:\WINDOWS\System32\SHCORE.dll
0x00007ffd4a630000 - 0x00007ffd4a68d000 	C:\WINDOWS\System32\shlwapi.dll
0x00007ffd49900000 - 0x00007ffd4992e000 	C:\WINDOWS\SYSTEM32\profapi.dll
0x00007ffd27fb0000 - 0x00007ffd28087000 	C:\Program Files\Java\jdk-23\bin\jsvml.dll
0x00007ffd390e0000 - 0x00007ffd390f0000 	C:\Program Files\Java\jdk-23\bin\net.dll
0x00007ffd483c0000 - 0x00007ffd4842a000 	C:\WINDOWS\system32\mswsock.dll
0x00007ffd385f0000 - 0x00007ffd38606000 	C:\Program Files\Java\jdk-23\bin\nio.dll
0x00007ffd384f0000 - 0x00007ffd38507000 	C:\Program Files\Java\jdk-23\bin\zip.dll
0x00007ffd04130000 - 0x00007ffd042be000 	C:\Program Files\Java\jdk-23\bin\awt.dll
0x00007ffd461a0000 - 0x00007ffd4623c000 	C:\WINDOWS\SYSTEM32\apphelp.dll
0x00007ffd46540000 - 0x00007ffd465ed000 	C:\WINDOWS\system32\uxtheme.dll
0x00007ffd4bf10000 - 0x00007ffd4c06c000 	C:\WINDOWS\System32\MSCTF.dll
0x00007ffd46650000 - 0x00007ffd4667e000 	C:\WINDOWS\system32\DWMAPI.DLL
0x00007ffd261c0000 - 0x00007ffd26247000 	C:\Program Files\Java\jdk-23\bin\freetype.dll
0x00007ffd1ecd0000 - 0x00007ffd1eda7000 	C:\Program Files\Java\jdk-23\bin\fontmanager.dll
0x00007ffd22fd0000 - 0x00007ffd230dc000 	C:\WINDOWS\system32\opengl32.dll
0x00007ffd24aa0000 - 0x00007ffd24acd000 	C:\WINDOWS\SYSTEM32\GLU32.dll
0x00007ffd466c0000 - 0x00007ffd46707000 	C:\WINDOWS\SYSTEM32\dxcore.dll
0x00007ffd229e0000 - 0x00007ffd22b8c000 	C:\WINDOWS\system32\d3d9.dll
0x00007ffcde650000 - 0x00007ffce1e94000 	C:\WINDOWS\System32\DriverStore\FileRepository\u0406361.inf_amd64_83db8324165c2a40\B405805\amdxn64.dll
0x00007ffd4b380000 - 0x00007ffd4b806000 	C:\WINDOWS\System32\SETUPAPI.dll
0x00007ffd42c50000 - 0x00007ffd42d7c000 	C:\WINDOWS\SYSTEM32\dxgi.dll
0x00007ffd42a40000 - 0x00007ffd42a9c000 	C:\WINDOWS\SYSTEM32\directxdatabasehelper.dll
0x00007ffd495e0000 - 0x00007ffd4963f000 	C:\WINDOWS\SYSTEM32\cfgmgr32.dll
0x00007ffd490b0000 - 0x00007ffd490d6000 	C:\WINDOWS\SYSTEM32\BCrypt.dll
0x00007ffd3d7b0000 - 0x00007ffd3d7e7000 	C:\WINDOWS\System32\DriverStore\FileRepository\u0406361.inf_amd64_83db8324165c2a40\B405805\amdihk64.dll

dbghelp: loaded successfully - version: 4.0.5 - missing functions: none
symbol engine: initialized successfully - sym options: 0x614 - pdb path: .;C:\Program Files\Java\jdk-23\bin;C:\WINDOWS\SYSTEM32;C:\WINDOWS\WinSxS\amd64_microsoft.windows.common-controls_6595b64144ccf1df_6.0.26100.3037_none_3e09262ce333c378;C:\Program Files\Java\jdk-23\bin\server;C:\WINDOWS\System32\DriverStore\FileRepository\u0406361.inf_amd64_83db8324165c2a40\B405805

VM Arguments:
java_command: com.mycompany.attendancesystem.Register
java_class_path (initial): C:\Users\sharon\Documents\NetBeansProjects\JJJJ\AttendanceSystem\target\classes;C:\Users\sharon\.m2\repository\net\sf\ucanaccess\ucanaccess\4.0.4\ucanaccess-4.0.4.jar;C:\Users\sharon\.m2\repository\org\hsqldb\hsqldb\2.3.1\hsqldb-2.3.1.jar;C:\Users\sharon\.m2\repository\com\healthmarketscience\jackcess\jackcess\2.1.11\jackcess-2.1.11.jar;C:\Users\sharon\.m2\repository\commons-lang\commons-lang\2.6\commons-lang-2.6.jar;C:\Users\sharon\.m2\repository\commons-logging\commons-logging\1.1.3\commons-logging-1.1.3.jar;C:\Users\sharon\.m2\repository\org\netbeans\external\AbsoluteLayout\RELEASE230\AbsoluteLayout-RELEASE230.jar;C:\Users\sharon\.m2\repository\com\toedter\jcalendar\1.4\jcalendar-1.4.jar
Launcher Type: SUN_STANDARD

[Global flags]
     intx CICompilerCount                          = 4                                         {product} {ergonomic}
     uint ConcGCThreads                            = 2                                         {product} {ergonomic}
     uint G1ConcRefinementThreads                  = 8                                         {product} {ergonomic}
   size_t G1HeapRegionSize                         = 1048576                                   {product} {ergonomic}
   size_t InitialHeapSize                          = 96468992                                  {product} {ergonomic}
   size_t MarkStackSize                            = 4194304                                   {product} {ergonomic}
   size_t MarkStackSizeMax                         = 536870912                                 {product} {ergonomic}
   size_t MaxHeapSize                              = 1541406720                                {product} {ergonomic}
   size_t MaxNewSize                               = 924844032                                 {product} {ergonomic}
   size_t MinHeapDeltaBytes                        = 1048576                                   {product} {ergonomic}
   size_t MinHeapSize                              = 8388608                                   {product} {ergonomic}
    uintx NonNMethodCodeHeapSize                   = 5832704                                {pd product} {ergonomic}
    uintx NonProfiledCodeHeapSize                  = 122945536                              {pd product} {ergonomic}
    uintx ProfiledCodeHeapSize                     = 122880000                              {pd product} {ergonomic}
    uintx ReservedCodeCacheSize                    = 251658240                              {pd product} {ergonomic}
     bool SegmentedCodeCache                       = true                                      {product} {ergonomic}
   size_t SoftMaxHeapSize                          = 1541406720                             {manageable} {ergonomic}
     bool UseCompressedOops                        = true                           {product lp64_product} {ergonomic}
     bool UseG1GC                                  = true                                      {product} {ergonomic}
     bool UseLargePagesIndividualAllocation        = false                                  {pd product} {ergonomic}

Logging:
Log output configuration:
 #0: stdout all=warning uptime,level,tags foldmultilines=false
 #1: stderr all=off uptime,level,tags foldmultilines=false

Environment Variables:
JAVA_HOME=C:\Program Files\Java\jdk-23
PATH=C:\Program Files\Common Files\Oracle\Java\javapath;C:\WINDOWS\system32;C:\WINDOWS;C:\WINDOWS\System32\Wbem;C:\WINDOWS\System32\WindowsPowerShell\v1.0\;C:\WINDOWS\System32\OpenSSH\;C:\Users\sharon\AppData\Local\Microsoft\WindowsApps;C:\Users\sharon\AppData\Local\GitHubDesktop\bin;
USERNAME=sharon
OS=Windows_NT
PROCESSOR_IDENTIFIER=AMD64 Family 23 Model 160 Stepping 0, AuthenticAMD
TMP=C:\Users\sharon\AppData\Local\Temp
TEMP=C:\Users\sharon\AppData\Local\Temp




Periodic native trim disabled

---------------  S Y S T E M  ---------------

OS:
 Windows 11 , 64 bit Build 26100 (10.0.26100.3037)
OS uptime: 3 days 3:54 hours
Hyper-V role detected

CPU: total 8 (initial active 8) (8 cores per cpu, 2 threads per core) family 23 model 160 stepping 0 microcode 0x8a00006, cx8, cmov, fxsr, ht, mmx, 3dnowpref, sse, sse2, sse3, ssse3, sse4a, sse4.1, sse4.2, popcnt, lzcnt, tsc, tscinvbit, avx, avx2, aes, clmul, bmi1, bmi2, adx, sha, fma, vzeroupper, clflush, clflushopt, hv, rdtscp, rdpid, f16c
Processor Information for processor 0
  Max Mhz: 2801, Current Mhz: 2801, Mhz Limit: 2801
Processor Information for processor 1
  Max Mhz: 2801, Current Mhz: 2483, Mhz Limit: 2801
Processor Information for processor 2
  Max Mhz: 2801, Current Mhz: 2483, Mhz Limit: 2801
Processor Information for processor 3
  Max Mhz: 2801, Current Mhz: 2483, Mhz Limit: 2801
Processor Information for processor 4
  Max Mhz: 2801, Current Mhz: 2801, Mhz Limit: 2801
Processor Information for processor 5
  Max Mhz: 2801, Current Mhz: 2483, Mhz Limit: 2801
Processor Information for processor 6
  Max Mhz: 2801, Current Mhz: 2801, Mhz Limit: 2801
Processor Information for processor 7
  Max Mhz: 2801, Current Mhz: 2483, Mhz Limit: 2801

Memory: 4k page, system-wide physical 5877M (206M free)
TotalPageFile size 24309M (AvailPageFile size 9M)
current process WorkingSet (physical memory assigned to process): 75M, peak: 75M
current process commit charge ("private bytes"): 199M, peak: 202M

vm_info: Java HotSpot(TM) 64-Bit Server VM (23.0.1+11-39) for windows-amd64 JRE (23.0.1+11-39), built on 2024-09-30T07:20:43Z with MS VC++ 17.6 (VS2022)

END.
