#
# There is insufficient memory for the Java Runtime Environment to continue.
# Native memory allocation (malloc) failed to allocate 231808 bytes. Error detail: Chunk::new
# Possible reasons:
#   The system is out of physical RAM or swap space
#   This process is running with CompressedOops enabled, and the Java Heap may be blocking the growth of the native heap
# Possible solutions:
#   Reduce memory load on the system
#   Increase physical memory or swap space
#   Check if swap backing store is full
#   Decrease Java heap size (-Xmx/-Xms)
#   Decrease number of Java threads
#   Decrease Java thread stack sizes (-Xss)
#   Set larger code cache with -XX:ReservedCodeCacheSize=
#   JVM is running with Unscaled Compressed Oops mode in which the Java heap is
#     placed in the first 4GB address space. The Java Heap base address is the
#     maximum limit for the native heap growth. Please use -XX:HeapBaseMinAddress
#     to set the Java Heap base and to place the Java Heap above 4GB virtual address.
# This output file may be truncated or incomplete.
#
#  Out of Memory Error (arena.cpp:149), pid=431208, tid=431680
#
# JRE version: Java(TM) SE Runtime Environment (23.0.1+11) (build 23.0.1+11-39)
# Java VM: Java HotSpot(TM) 64-Bit Server VM (23.0.1+11-39, mixed mode, sharing, tiered, compressed oops, compressed class ptrs, g1 gc, windows-amd64)
# No core dump will be written. Minidumps are not enabled by default on client versions of Windows
#

---------------  S U M M A R Y ------------

Command Line: com.mycompany.attendancesystem.Register

Host: AMD Ryzen 5 7520U with Radeon Graphics         , 8 cores, 5G,  Windows 11 , 64 bit Build 26100 (10.0.26100.3037)
Time: Wed Mar 12 17:38:39 2025 Malay Peninsula Standard Time elapsed time: 21.606481 seconds (0d 0h 0m 21s)

---------------  T H R E A D  ---------------

Current thread (0x000001e95e519fa0):  JavaThread "C2 CompilerThread0" daemon [_thread_in_native, id=431680, stack(0x0000000101400000,0x0000000101500000) (1024K)]


Current CompileTask:
C2:21606 2155       4       java.lang.reflect.Method::<init> (68 bytes)

Stack: [0x0000000101400000,0x0000000101500000]
Native frames: (J=compiled Java code, j=interpreted, Vv=VM code, C=native code)
V  [jvm.dll+0x6e08b9]  (no source info available)
V  [jvm.dll+0x87dc83]  (no source info available)
V  [jvm.dll+0x88010e]  (no source info available)
V  [jvm.dll+0x8807e3]  (no source info available)
V  [jvm.dll+0x27aee6]  (no source info available)
V  [jvm.dll+0xbc06f]  (no source info available)
V  [jvm.dll+0xbc2cb]  (no source info available)
V  [jvm.dll+0x3b3a9c]  (no source info available)
V  [jvm.dll+0x38a42b]  (no source info available)
V  [jvm.dll+0x38989a]  (no source info available)
V  [jvm.dll+0x244aa1]  (no source info available)
V  [jvm.dll+0x243dff]  (no source info available)
V  [jvm.dll+0x1c33a0]  (no source info available)
V  [jvm.dll+0x253cf1]  (no source info available)
V  [jvm.dll+0x251faa]  (no source info available)
V  [jvm.dll+0x3ee036]  (no source info available)
V  [jvm.dll+0x824f8b]  (no source info available)
V  [jvm.dll+0x6df065]  (no source info available)
C  [ucrtbase.dll+0x37b0]  (no source info available)
C  [KERNEL32.DLL+0x2e8d7]  (no source info available)
C  [ntdll.dll+0xbbf2c]  (no source info available)

Lock stack of current Java thread (top to bottom):


---------------  P R O C E S S  ---------------

Threads class SMR info:
_java_thread_list=0x000001e9a4c44940, length=17, elements={
0x000001e95e507780, 0x000001e95e509100, 0x000001e95e510ba0, 0x000001e95e514380,
0x000001e95e517220, 0x000001e95e524ea0, 0x000001e95e519fa0, 0x000001e95e528000,
0x000001e95e6723d0, 0x000001e95e681280, 0x000001e95e87f990, 0x000001e95e884540,
0x000001e95e8893c0, 0x000001e95e8f86e0, 0x000001e9400e3170, 0x000001e9a48b5d50,
0x000001e9a4d2a130
}

Java Threads: ( => current thread )
  0x000001e95e507780 JavaThread "Reference Handler"          daemon [_thread_blocked, id=424104, stack(0x0000000100e00000,0x0000000100f00000) (1024K)]
  0x000001e95e509100 JavaThread "Finalizer"                  daemon [_thread_blocked, id=432804, stack(0x0000000100f00000,0x0000000101000000) (1024K)]
  0x000001e95e510ba0 JavaThread "Signal Dispatcher"          daemon [_thread_blocked, id=433148, stack(0x0000000101000000,0x0000000101100000) (1024K)]
  0x000001e95e514380 JavaThread "Attach Listener"            daemon [_thread_blocked, id=432440, stack(0x0000000101100000,0x0000000101200000) (1024K)]
  0x000001e95e517220 JavaThread "Service Thread"             daemon [_thread_blocked, id=432508, stack(0x0000000101200000,0x0000000101300000) (1024K)]
  0x000001e95e524ea0 JavaThread "Monitor Deflation Thread"   daemon [_thread_blocked, id=396016, stack(0x0000000101300000,0x0000000101400000) (1024K)]
=>0x000001e95e519fa0 JavaThread "C2 CompilerThread0"         daemon [_thread_in_native, id=431680, stack(0x0000000101400000,0x0000000101500000) (1024K)]
  0x000001e95e528000 JavaThread "C1 CompilerThread0"         daemon [_thread_blocked, id=433120, stack(0x0000000101500000,0x0000000101600000) (1024K)]
  0x000001e95e6723d0 JavaThread "Notification Thread"        daemon [_thread_blocked, id=433044, stack(0x0000000101600000,0x0000000101700000) (1024K)]
  0x000001e95e681280 JavaThread "Common-Cleaner"             daemon [_thread_blocked, id=428104, stack(0x0000000101700000,0x0000000101800000) (1024K)]
  0x000001e95e87f990 JavaThread "Java2D Disposer"            daemon [_thread_blocked, id=431376, stack(0x0000000101800000,0x0000000101900000) (1024K)]
  0x000001e95e884540 JavaThread "AWT-Shutdown"                      [_thread_blocked, id=432776, stack(0x0000000101900000,0x0000000101a00000) (1024K)]
  0x000001e95e8893c0 JavaThread "AWT-Windows"                daemon [_thread_in_native, id=430892, stack(0x0000000101a00000,0x0000000101b00000) (1024K)]
  0x000001e95e8f86e0 JavaThread "AWT-EventQueue-0"                  [_thread_in_vm, id=433036, stack(0x0000000101b00000,0x0000000101c00000) (1024K)]
  0x000001e9400e3170 JavaThread "DestroyJavaVM"                     [_thread_blocked, id=432164, stack(0x0000000100600000,0x0000000100700000) (1024K)]
  0x000001e9a48b5d50 JavaThread "TimerQueue"                 daemon [_thread_blocked, id=430096, stack(0x0000000101e00000,0x0000000101f00000) (1024K)]
  0x000001e9a4d2a130 JavaThread "MemoryTimer-Database2.accdb" daemon [_thread_blocked, id=431200, stack(0x0000000102100000,0x0000000102200000) (1024K)]
Total: 17

Other Threads:
  0x000001e95e4efc80 VMThread "VM Thread"                           [id=430860, stack(0x0000000100d00000,0x0000000100e00000) (1024K)]
  0x000001e95e4d8450 WatcherThread "VM Periodic Task Thread"        [id=360268, stack(0x0000000100c00000,0x0000000100d00000) (1024K)]
  0x000001e942420000 WorkerThread "GC Thread#0"                     [id=423544, stack(0x0000000100700000,0x0000000100800000) (1024K)]
  0x000001e9a4959250 WorkerThread "GC Thread#1"                     [id=430956, stack(0x0000000102200000,0x0000000102300000) (1024K)]
  0x000001e9a4f7fc10 WorkerThread "GC Thread#2"                     [id=396796, stack(0x0000000102300000,0x0000000102400000) (1024K)]
  0x000001e9a4f80bd0 WorkerThread "GC Thread#3"                     [id=419192, stack(0x0000000102400000,0x0000000102500000) (1024K)]
  0x000001e9a90fcbf0 WorkerThread "GC Thread#4"                     [id=401320, stack(0x0000000102500000,0x0000000102600000) (1024K)]
  0x000001e9a90fd7c0 WorkerThread "GC Thread#5"                     [id=425576, stack(0x0000000102600000,0x0000000102700000) (1024K)]
  0x000001e9a92da460 WorkerThread "GC Thread#6"                     [id=431536, stack(0x0000000102700000,0x0000000102800000) (1024K)]
  0x000001e9a4903aa0 WorkerThread "GC Thread#7"                     [id=429320, stack(0x0000000102800000,0x0000000102900000) (1024K)]
  0x000001e942430610 ConcurrentGCThread "G1 Main Marker"            [id=429600, stack(0x0000000100800000,0x0000000100900000) (1024K)]
  0x000001e942432050 WorkerThread "G1 Conc#0"                       [id=432352, stack(0x0000000100900000,0x0000000100a00000) (1024K)]
  0x000001e94249e0f0 ConcurrentGCThread "G1 Refine#0"               [id=433124, stack(0x0000000100a00000,0x0000000100b00000) (1024K)]
  0x000001e95e3ab100 ConcurrentGCThread "G1 Service"                [id=432432, stack(0x0000000100b00000,0x0000000100c00000) (1024K)]
Total: 14

Threads with active compile tasks:
C2 CompilerThread0  21819 2155       4       java.lang.reflect.Method::<init> (68 bytes)
Total: 1

VM state: not at safepoint (normal execution)

VM Mutex/Monitor currently owned by a thread:  ([mutex/lock_event])
[0x00007ffcef921890] Metaspace_lock - owner thread: 0x000001e95e8f86e0

Heap address: 0x00000000a4200000, size: 1470 MB, Compressed Oops mode: 32-bit

CDS archive(s) mapped at: [0x000001e95f000000-0x000001e95fd70000-0x000001e95fd70000), size 14090240, SharedBaseAddress: 0x000001e95f000000, ArchiveRelocationMode: 1.
Compressed class space mapped at: 0x000001e960000000-0x000001e9a0000000, reserved size: 1073741824
Narrow klass base: 0x000001e95f000000, Narrow klass shift: 0, Narrow klass range: 0x41000000

GC Precious Log:
 CardTable entry size: 512
 Card Set container configuration: InlinePtr #cards 5 size 8 Array Of Cards #cards 10 size 36 Howl #buckets 4 coarsen threshold 1843 Howl Bitmap #cards 512 size 80 coarsen threshold 460 Card regions per heap region 1 cards per card region 2048
 CPUs: 8 total, 8 available
 Memory: 5877M
 Large Page Support: Disabled
 NUMA Support: Disabled
 Compressed Oops: Enabled (32-bit)
 Heap Region Size: 1M
 Heap Min Capacity: 8M
 Heap Initial Capacity: 92M
 Heap Max Capacity: 1470M
 Pre-touch: Disabled
 Parallel Workers: 8
 Concurrent Workers: 2
 Concurrent Refinement Workers: 8
 Periodic GC: Disabled

Heap:
 garbage-first heap   total reserved 1505280K, committed 94208K, used 16533K [0x00000000a4200000, 0x0000000100000000)
  region size 1024K, 14 young (14336K), 3 survivors (3072K)
 Metaspace       used 17823K, committed 18048K, reserved 1114112K
  class space    used 1941K, committed 2048K, reserved 1048576K

Heap Regions: E=young(eden), S=young(survivor), O=old, HS=humongous(starts), HC=humongous(continues), CS=collection set, F=free, TAMS=top-at-mark-start, PB=parsable bottom
|   0|0x00000000a4200000, 0x00000000a4300000, 0x00000000a4300000|100%|HS|  |TAMS 0x00000000a4200000| PB 0x00000000a4200000| Complete |  0
|   1|0x00000000a4300000, 0x00000000a4400000, 0x00000000a4400000|100%| O|  |TAMS 0x00000000a4300000| PB 0x00000000a4300000| Untracked |  0
|   2|0x00000000a4400000, 0x00000000a4500000, 0x00000000a4500000|100%| O|  |TAMS 0x00000000a4400000| PB 0x00000000a4400000| Untracked |  0
|   3|0x00000000a4500000, 0x00000000a4525530, 0x00000000a4600000| 14%| O|  |TAMS 0x00000000a4500000| PB 0x00000000a4500000| Untracked |  0
|   4|0x00000000a4600000, 0x00000000a4600000, 0x00000000a4700000|  0%| F|  |TAMS 0x00000000a4600000| PB 0x00000000a4600000| Untracked |  0
|   5|0x00000000a4700000, 0x00000000a4700000, 0x00000000a4800000|  0%| F|  |TAMS 0x00000000a4700000| PB 0x00000000a4700000| Untracked |  0
|   6|0x00000000a4800000, 0x00000000a4800000, 0x00000000a4900000|  0%| F|  |TAMS 0x00000000a4800000| PB 0x00000000a4800000| Untracked |  0
|   7|0x00000000a4900000, 0x00000000a4900000, 0x00000000a4a00000|  0%| F|  |TAMS 0x00000000a4900000| PB 0x00000000a4900000| Untracked |  0
|   8|0x00000000a4a00000, 0x00000000a4a00000, 0x00000000a4b00000|  0%| F|  |TAMS 0x00000000a4a00000| PB 0x00000000a4a00000| Untracked |  0
|   9|0x00000000a4b00000, 0x00000000a4b00000, 0x00000000a4c00000|  0%| F|  |TAMS 0x00000000a4b00000| PB 0x00000000a4b00000| Untracked |  0
|  10|0x00000000a4c00000, 0x00000000a4c00000, 0x00000000a4d00000|  0%| F|  |TAMS 0x00000000a4c00000| PB 0x00000000a4c00000| Untracked |  0
|  11|0x00000000a4d00000, 0x00000000a4d00000, 0x00000000a4e00000|  0%| F|  |TAMS 0x00000000a4d00000| PB 0x00000000a4d00000| Untracked |  0
|  12|0x00000000a4e00000, 0x00000000a4e00000, 0x00000000a4f00000|  0%| F|  |TAMS 0x00000000a4e00000| PB 0x00000000a4e00000| Untracked |  0
|  13|0x00000000a4f00000, 0x00000000a4f00000, 0x00000000a5000000|  0%| F|  |TAMS 0x00000000a4f00000| PB 0x00000000a4f00000| Untracked |  0
|  14|0x00000000a5000000, 0x00000000a5000000, 0x00000000a5100000|  0%| F|  |TAMS 0x00000000a5000000| PB 0x00000000a5000000| Untracked |  0
|  15|0x00000000a5100000, 0x00000000a5100000, 0x00000000a5200000|  0%| F|  |TAMS 0x00000000a5100000| PB 0x00000000a5100000| Untracked |  0
|  16|0x00000000a5200000, 0x00000000a5200000, 0x00000000a5300000|  0%| F|  |TAMS 0x00000000a5200000| PB 0x00000000a5200000| Untracked |  0
|  17|0x00000000a5300000, 0x00000000a5300000, 0x00000000a5400000|  0%| F|  |TAMS 0x00000000a5300000| PB 0x00000000a5300000| Untracked |  0
|  18|0x00000000a5400000, 0x00000000a5400000, 0x00000000a5500000|  0%| F|  |TAMS 0x00000000a5400000| PB 0x00000000a5400000| Untracked |  0
|  19|0x00000000a5500000, 0x00000000a5500000, 0x00000000a5600000|  0%| F|  |TAMS 0x00000000a5500000| PB 0x00000000a5500000| Untracked |  0
|  20|0x00000000a5600000, 0x00000000a5600000, 0x00000000a5700000|  0%| F|  |TAMS 0x00000000a5600000| PB 0x00000000a5600000| Untracked |  0
|  21|0x00000000a5700000, 0x00000000a5700000, 0x00000000a5800000|  0%| F|  |TAMS 0x00000000a5700000| PB 0x00000000a5700000| Untracked |  0
|  22|0x00000000a5800000, 0x00000000a5800000, 0x00000000a5900000|  0%| F|  |TAMS 0x00000000a5800000| PB 0x00000000a5800000| Untracked |  0
|  23|0x00000000a5900000, 0x00000000a5900000, 0x00000000a5a00000|  0%| F|  |TAMS 0x00000000a5900000| PB 0x00000000a5900000| Untracked |  0
|  24|0x00000000a5a00000, 0x00000000a5a00000, 0x00000000a5b00000|  0%| F|  |TAMS 0x00000000a5a00000| PB 0x00000000a5a00000| Untracked |  0
|  25|0x00000000a5b00000, 0x00000000a5b00000, 0x00000000a5c00000|  0%| F|  |TAMS 0x00000000a5b00000| PB 0x00000000a5b00000| Untracked |  0
|  26|0x00000000a5c00000, 0x00000000a5c00000, 0x00000000a5d00000|  0%| F|  |TAMS 0x00000000a5c00000| PB 0x00000000a5c00000| Untracked |  0
|  27|0x00000000a5d00000, 0x00000000a5d00000, 0x00000000a5e00000|  0%| F|  |TAMS 0x00000000a5d00000| PB 0x00000000a5d00000| Untracked |  0
|  28|0x00000000a5e00000, 0x00000000a5e00000, 0x00000000a5f00000|  0%| F|  |TAMS 0x00000000a5e00000| PB 0x00000000a5e00000| Untracked |  0
|  29|0x00000000a5f00000, 0x00000000a5f00000, 0x00000000a6000000|  0%| F|  |TAMS 0x00000000a5f00000| PB 0x00000000a5f00000| Untracked |  0
|  30|0x00000000a6000000, 0x00000000a6000000, 0x00000000a6100000|  0%| F|  |TAMS 0x00000000a6000000| PB 0x00000000a6000000| Untracked |  0
|  31|0x00000000a6100000, 0x00000000a6100000, 0x00000000a6200000|  0%| F|  |TAMS 0x00000000a6100000| PB 0x00000000a6100000| Untracked |  0
|  32|0x00000000a6200000, 0x00000000a6200000, 0x00000000a6300000|  0%| F|  |TAMS 0x00000000a6200000| PB 0x00000000a6200000| Untracked |  0
|  33|0x00000000a6300000, 0x00000000a6300000, 0x00000000a6400000|  0%| F|  |TAMS 0x00000000a6300000| PB 0x00000000a6300000| Untracked |  0
|  34|0x00000000a6400000, 0x00000000a6400000, 0x00000000a6500000|  0%| F|  |TAMS 0x00000000a6400000| PB 0x00000000a6400000| Untracked |  0
|  35|0x00000000a6500000, 0x00000000a6500000, 0x00000000a6600000|  0%| F|  |TAMS 0x00000000a6500000| PB 0x00000000a6500000| Untracked |  0
|  36|0x00000000a6600000, 0x00000000a6600000, 0x00000000a6700000|  0%| F|  |TAMS 0x00000000a6600000| PB 0x00000000a6600000| Untracked |  0
|  37|0x00000000a6700000, 0x00000000a6700000, 0x00000000a6800000|  0%| F|  |TAMS 0x00000000a6700000| PB 0x00000000a6700000| Untracked |  0
|  38|0x00000000a6800000, 0x00000000a6800000, 0x00000000a6900000|  0%| F|  |TAMS 0x00000000a6800000| PB 0x00000000a6800000| Untracked |  0
|  39|0x00000000a6900000, 0x00000000a6900000, 0x00000000a6a00000|  0%| F|  |TAMS 0x00000000a6900000| PB 0x00000000a6900000| Untracked |  0
|  40|0x00000000a6a00000, 0x00000000a6a00000, 0x00000000a6b00000|  0%| F|  |TAMS 0x00000000a6a00000| PB 0x00000000a6a00000| Untracked |  0
|  41|0x00000000a6b00000, 0x00000000a6b00000, 0x00000000a6c00000|  0%| F|  |TAMS 0x00000000a6b00000| PB 0x00000000a6b00000| Untracked |  0
|  42|0x00000000a6c00000, 0x00000000a6c00000, 0x00000000a6d00000|  0%| F|  |TAMS 0x00000000a6c00000| PB 0x00000000a6c00000| Untracked |  0
|  43|0x00000000a6d00000, 0x00000000a6d00000, 0x00000000a6e00000|  0%| F|  |TAMS 0x00000000a6d00000| PB 0x00000000a6d00000| Untracked |  0
|  44|0x00000000a6e00000, 0x00000000a6e00000, 0x00000000a6f00000|  0%| F|  |TAMS 0x00000000a6e00000| PB 0x00000000a6e00000| Untracked |  0
|  45|0x00000000a6f00000, 0x00000000a6f00000, 0x00000000a7000000|  0%| F|  |TAMS 0x00000000a6f00000| PB 0x00000000a6f00000| Untracked |  0
|  46|0x00000000a7000000, 0x00000000a7000000, 0x00000000a7100000|  0%| F|  |TAMS 0x00000000a7000000| PB 0x00000000a7000000| Untracked |  0
|  47|0x00000000a7100000, 0x00000000a7100000, 0x00000000a7200000|  0%| F|  |TAMS 0x00000000a7100000| PB 0x00000000a7100000| Untracked |  0
|  48|0x00000000a7200000, 0x00000000a7200000, 0x00000000a7300000|  0%| F|  |TAMS 0x00000000a7200000| PB 0x00000000a7200000| Untracked |  0
|  49|0x00000000a7300000, 0x00000000a7300000, 0x00000000a7400000|  0%| F|  |TAMS 0x00000000a7300000| PB 0x00000000a7300000| Untracked |  0
|  50|0x00000000a7400000, 0x00000000a7400000, 0x00000000a7500000|  0%| F|  |TAMS 0x00000000a7400000| PB 0x00000000a7400000| Untracked |  0
|  51|0x00000000a7500000, 0x00000000a7500000, 0x00000000a7600000|  0%| F|  |TAMS 0x00000000a7500000| PB 0x00000000a7500000| Untracked |  0
|  52|0x00000000a7600000, 0x00000000a7600000, 0x00000000a7700000|  0%| F|  |TAMS 0x00000000a7600000| PB 0x00000000a7600000| Untracked |  0
|  53|0x00000000a7700000, 0x00000000a7700000, 0x00000000a7800000|  0%| F|  |TAMS 0x00000000a7700000| PB 0x00000000a7700000| Untracked |  0
|  54|0x00000000a7800000, 0x00000000a7800000, 0x00000000a7900000|  0%| F|  |TAMS 0x00000000a7800000| PB 0x00000000a7800000| Untracked |  0
|  55|0x00000000a7900000, 0x00000000a7900000, 0x00000000a7a00000|  0%| F|  |TAMS 0x00000000a7900000| PB 0x00000000a7900000| Untracked |  0
|  56|0x00000000a7a00000, 0x00000000a7a00000, 0x00000000a7b00000|  0%| F|  |TAMS 0x00000000a7a00000| PB 0x00000000a7a00000| Untracked |  0
|  57|0x00000000a7b00000, 0x00000000a7b00000, 0x00000000a7c00000|  0%| F|  |TAMS 0x00000000a7b00000| PB 0x00000000a7b00000| Untracked |  0
|  58|0x00000000a7c00000, 0x00000000a7c00000, 0x00000000a7d00000|  0%| F|  |TAMS 0x00000000a7c00000| PB 0x00000000a7c00000| Untracked |  0
|  59|0x00000000a7d00000, 0x00000000a7d00000, 0x00000000a7e00000|  0%| F|  |TAMS 0x00000000a7d00000| PB 0x00000000a7d00000| Untracked |  0
|  60|0x00000000a7e00000, 0x00000000a7e00000, 0x00000000a7f00000|  0%| F|  |TAMS 0x00000000a7e00000| PB 0x00000000a7e00000| Untracked |  0
|  61|0x00000000a7f00000, 0x00000000a7f00000, 0x00000000a8000000|  0%| F|  |TAMS 0x00000000a7f00000| PB 0x00000000a7f00000| Untracked |  0
|  62|0x00000000a8000000, 0x00000000a8000000, 0x00000000a8100000|  0%| F|  |TAMS 0x00000000a8000000| PB 0x00000000a8000000| Untracked |  0
|  63|0x00000000a8100000, 0x00000000a8100000, 0x00000000a8200000|  0%| F|  |TAMS 0x00000000a8100000| PB 0x00000000a8100000| Untracked |  0
|  64|0x00000000a8200000, 0x00000000a8200000, 0x00000000a8300000|  0%| F|  |TAMS 0x00000000a8200000| PB 0x00000000a8200000| Untracked |  0
|  65|0x00000000a8300000, 0x00000000a8400000, 0x00000000a8400000|100%| S|CS|TAMS 0x00000000a8300000| PB 0x00000000a8300000| Complete |  0
|  66|0x00000000a8400000, 0x00000000a8500000, 0x00000000a8500000|100%| S|CS|TAMS 0x00000000a8400000| PB 0x00000000a8400000| Complete |  0
|  67|0x00000000a8500000, 0x00000000a8600000, 0x00000000a8600000|100%| S|CS|TAMS 0x00000000a8500000| PB 0x00000000a8500000| Complete |  0
|  68|0x00000000a8600000, 0x00000000a8600000, 0x00000000a8700000|  0%| F|  |TAMS 0x00000000a8600000| PB 0x00000000a8600000| Untracked |  0
|  69|0x00000000a8700000, 0x00000000a8700000, 0x00000000a8800000|  0%| F|  |TAMS 0x00000000a8700000| PB 0x00000000a8700000| Untracked |  0
|  70|0x00000000a8800000, 0x00000000a8800000, 0x00000000a8900000|  0%| F|  |TAMS 0x00000000a8800000| PB 0x00000000a8800000| Untracked |  0
|  71|0x00000000a8900000, 0x00000000a8900000, 0x00000000a8a00000|  0%| F|  |TAMS 0x00000000a8900000| PB 0x00000000a8900000| Untracked |  0
|  72|0x00000000a8a00000, 0x00000000a8a00000, 0x00000000a8b00000|  0%| F|  |TAMS 0x00000000a8a00000| PB 0x00000000a8a00000| Untracked |  0
|  73|0x00000000a8b00000, 0x00000000a8b00000, 0x00000000a8c00000|  0%| F|  |TAMS 0x00000000a8b00000| PB 0x00000000a8b00000| Untracked |  0
|  74|0x00000000a8c00000, 0x00000000a8c00000, 0x00000000a8d00000|  0%| F|  |TAMS 0x00000000a8c00000| PB 0x00000000a8c00000| Untracked |  0
|  75|0x00000000a8d00000, 0x00000000a8d00000, 0x00000000a8e00000|  0%| F|  |TAMS 0x00000000a8d00000| PB 0x00000000a8d00000| Untracked |  0
|  76|0x00000000a8e00000, 0x00000000a8e00000, 0x00000000a8f00000|  0%| F|  |TAMS 0x00000000a8e00000| PB 0x00000000a8e00000| Untracked |  0
|  77|0x00000000a8f00000, 0x00000000a8f00000, 0x00000000a9000000|  0%| F|  |TAMS 0x00000000a8f00000| PB 0x00000000a8f00000| Untracked |  0
|  78|0x00000000a9000000, 0x00000000a9000000, 0x00000000a9100000|  0%| F|  |TAMS 0x00000000a9000000| PB 0x00000000a9000000| Untracked |  0
|  79|0x00000000a9100000, 0x00000000a9100000, 0x00000000a9200000|  0%| F|  |TAMS 0x00000000a9100000| PB 0x00000000a9100000| Untracked |  0
|  80|0x00000000a9200000, 0x00000000a9200000, 0x00000000a9300000|  0%| F|  |TAMS 0x00000000a9200000| PB 0x00000000a9200000| Untracked |  0
|  81|0x00000000a9300000, 0x00000000a9400000, 0x00000000a9400000|100%| E|  |TAMS 0x00000000a9300000| PB 0x00000000a9300000| Complete |  0
|  82|0x00000000a9400000, 0x00000000a9500000, 0x00000000a9500000|100%| E|CS|TAMS 0x00000000a9400000| PB 0x00000000a9400000| Complete |  0
|  83|0x00000000a9500000, 0x00000000a9600000, 0x00000000a9600000|100%| E|CS|TAMS 0x00000000a9500000| PB 0x00000000a9500000| Complete |  0
|  84|0x00000000a9600000, 0x00000000a9700000, 0x00000000a9700000|100%| E|CS|TAMS 0x00000000a9600000| PB 0x00000000a9600000| Complete |  0
|  85|0x00000000a9700000, 0x00000000a9800000, 0x00000000a9800000|100%| E|CS|TAMS 0x00000000a9700000| PB 0x00000000a9700000| Complete |  0
|  86|0x00000000a9800000, 0x00000000a9900000, 0x00000000a9900000|100%| E|CS|TAMS 0x00000000a9800000| PB 0x00000000a9800000| Complete |  0
|  87|0x00000000a9900000, 0x00000000a9a00000, 0x00000000a9a00000|100%| E|CS|TAMS 0x00000000a9900000| PB 0x00000000a9900000| Complete |  0
|  88|0x00000000a9a00000, 0x00000000a9b00000, 0x00000000a9b00000|100%| E|CS|TAMS 0x00000000a9a00000| PB 0x00000000a9a00000| Complete |  0
|  89|0x00000000a9b00000, 0x00000000a9c00000, 0x00000000a9c00000|100%| E|CS|TAMS 0x00000000a9b00000| PB 0x00000000a9b00000| Complete |  0
|  90|0x00000000a9c00000, 0x00000000a9d00000, 0x00000000a9d00000|100%| E|CS|TAMS 0x00000000a9c00000| PB 0x00000000a9c00000| Complete |  0
|  91|0x00000000a9d00000, 0x00000000a9e00000, 0x00000000a9e00000|100%| E|CS|TAMS 0x00000000a9d00000| PB 0x00000000a9d00000| Complete |  0

Card table byte_map: [0x000001e95a120000,0x000001e95a400000] _byte_map_base: 0x000001e959bff000

Marking Bits: (CMBitMap*) 0x000001e942420710
 Bits: [0x000001e95a400000, 0x000001e95baf8000)

Polling page: 0x000001e941b40000

Metaspace:

Usage:
  Non-class:     15.51 MB used.
      Class:      1.90 MB used.
       Both:     17.41 MB used.

Virtual space:
  Non-class space:       64.00 MB reserved,      15.62 MB ( 24%) committed,  1 nodes.
      Class space:        1.00 GB reserved,       2.00 MB ( <1%) committed,  1 nodes.
             Both:        1.06 GB reserved,      17.62 MB (  2%) committed. 

Chunk freelists:
   Non-Class:  15.92 MB
       Class:  13.85 MB
        Both:  29.77 MB

MaxMetaspaceSize: unlimited
CompressedClassSpaceSize: 1.00 GB
Initial GC threshold: 21.00 MB
Current GC threshold: 21.00 MB
CDS: on
 - commit_granule_bytes: 65536.
 - commit_granule_words: 8192.
 - virtual_space_node_default_size: 8388608.
 - enlarge_chunks_in_place: 1.
 - use_allocation_guard: 0.


Internal statistics:

num_allocs_failed_limit: 0.
num_arena_births: 210.
num_arena_deaths: 0.
num_vsnodes_births: 2.
num_vsnodes_deaths: 0.
num_space_committed: 282.
num_space_uncommitted: 0.
num_chunks_returned_to_freelist: 0.
num_chunks_taken_from_freelist: 478.
num_chunk_merges: 0.
num_chunk_splits: 324.
num_chunks_enlarged: 216.
num_inconsistent_stats: 0.

CodeHeap 'non-profiled nmethods': size=120064Kb used=658Kb max_used=658Kb free=119406Kb
 bounds [0x000001e9525d0000, 0x000001e952840000, 0x000001e959b10000]
CodeHeap 'profiled nmethods': size=120000Kb used=3355Kb max_used=3355Kb free=116644Kb
 bounds [0x000001e94ab10000, 0x000001e94ae60000, 0x000001e952040000]
CodeHeap 'non-nmethods': size=5696Kb used=1670Kb max_used=1689Kb free=4025Kb
 bounds [0x000001e952040000, 0x000001e9522b0000, 0x000001e9525d0000]
CodeCache: size=245760Kb, used=5683Kb, max_used=5702Kb, free=240075Kb
 total_blobs=2994, nmethods=2257, adapters=643, full_count=0
Compilation: enabled, stopped_count=0, restarted_count=0

Compilation events (20 events):
Event: 19.568 Thread 0x000001e95e528000 2273       1       com.healthmarketscience.jackcess.impl.ColumnImpl::getColumnIndex (5 bytes)
Event: 19.568 Thread 0x000001e95e528000 nmethod 2273 0x000001e952671508 code [0x000001e952671620, 0x000001e9526716e8]
Event: 19.568 Thread 0x000001e95e528000 2275       1       java.lang.Short::shortValue (5 bytes)
Event: 19.568 Thread 0x000001e95e528000 nmethod 2275 0x000001e952671808 code [0x000001e952671920, 0x000001e9526719f0]
Event: 19.568 Thread 0x000001e95e528000 2274       1       com.healthmarketscience.jackcess.impl.PageChannel::getFormat (5 bytes)
Event: 19.568 Thread 0x000001e95e528000 nmethod 2274 0x000001e952671b08 code [0x000001e952671c20, 0x000001e952671ce8]
Event: 19.568 Thread 0x000001e95e528000 2276       1       com.healthmarketscience.jackcess.impl.IndexCursorImpl$IndexPosition::getEntry (5 bytes)
Event: 19.568 Thread 0x000001e95e528000 nmethod 2276 0x000001e952671e08 code [0x000001e952671f20, 0x000001e952671fe8]
Event: 19.568 Thread 0x000001e95e528000 2277       1       com.healthmarketscience.jackcess.impl.ColumnImpl::isVariableLength (5 bytes)
Event: 19.568 Thread 0x000001e95e528000 nmethod 2277 0x000001e952672108 code [0x000001e952672220, 0x000001e9526722f0]
Event: 19.569 Thread 0x000001e95e519fa0 nmethod 2232 0x000001e952672408 code [0x000001e952672640, 0x000001e952673ee8]
Event: 19.569 Thread 0x000001e95e519fa0 2152       4       java.lang.reflect.Method::copy (84 bytes)
Event: 19.570 Thread 0x000001e95e528000 2278       3       com.healthmarketscience.jackcess.impl.TableImpl::getFormat (8 bytes)
Event: 19.570 Thread 0x000001e95e528000 nmethod 2278 0x000001e94ae55908 code [0x000001e94ae55a20, 0x000001e94ae55b88]
Event: 19.571 Thread 0x000001e95e528000 2279       1       com.healthmarketscience.jackcess.impl.ColumnImpl::getTable (5 bytes)
Event: 19.571 Thread 0x000001e95e528000 nmethod 2279 0x000001e952674088 code [0x000001e9526741a0, 0x000001e952674268]
Event: 19.572 Thread 0x000001e95e519fa0 nmethod 2152 0x000001e952674388 code [0x000001e9526744a0, 0x000001e9526747b0]
Event: 19.572 Thread 0x000001e95e519fa0 2155       4       java.lang.reflect.Method::<init> (68 bytes)
Event: 19.573 Thread 0x000001e95e528000 2280       3       java.util.HashMap::<init> (98 bytes)
Event: 19.574 Thread 0x000001e95e528000 nmethod 2280 0x000001e94ae55c08 code [0x000001e94ae55ea0, 0x000001e94ae56e78]

GC Heap History (2 events):
Event: 18.061 GC heap before
{Heap before GC invocations=0 (full 0):
 garbage-first heap   total reserved 1505280K, committed 94208K, used 24576K [0x00000000a4200000, 0x0000000100000000)
  region size 1024K, 24 young (24576K), 0 survivors (0K)
 Metaspace       used 16193K, committed 16448K, reserved 1114112K
  class space    used 1852K, committed 1984K, reserved 1048576K
}
Event: 18.076 GC heap after
{Heap after GC invocations=1 (full 0):
 garbage-first heap   total reserved 1505280K, committed 94208K, used 6293K [0x00000000a4200000, 0x0000000100000000)
  region size 1024K, 3 young (3072K), 3 survivors (3072K)
 Metaspace       used 16193K, committed 16448K, reserved 1114112K
  class space    used 1852K, committed 1984K, reserved 1048576K
}

Dll operation events (10 events):
Event: 0.014 Loaded shared library C:\Program Files\Java\jdk-23\bin\java.dll
Event: 0.072 Loaded shared library C:\Program Files\Java\jdk-23\bin\jsvml.dll
Event: 0.119 Loaded shared library C:\Program Files\Java\jdk-23\bin\jimage.dll
Event: 0.127 Loaded shared library C:\Program Files\Java\jdk-23\bin\net.dll
Event: 0.130 Loaded shared library C:\Program Files\Java\jdk-23\bin\nio.dll
Event: 0.136 Loaded shared library C:\Program Files\Java\jdk-23\bin\zip.dll
Event: 0.199 Loaded shared library C:\Program Files\Java\jdk-23\bin\awt.dll
Event: 0.444 Loaded shared library C:\Program Files\Java\jdk-23\bin\freetype.dll
Event: 0.450 Loaded shared library C:\Program Files\Java\jdk-23\bin\fontmanager.dll
Event: 4.188 Loaded shared library C:\Program Files\Java\jdk-23\bin\verify.dll

Deoptimization events (20 events):
Event: 18.448 Thread 0x000001e95e8f86e0 Uncommon trap: trap_request=0xffffffde fr.pc=0x000001e952631814 relative=0x0000000000000ef4
Event: 18.448 Thread 0x000001e95e8f86e0 Uncommon trap: reason=class_check action=maybe_recompile pc=0x000001e952631814 method=java.util.HashMap.putVal(ILjava/lang/Object;Ljava/lang/Object;ZZ)Ljava/lang/Object; @ 253 c2
Event: 18.448 Thread 0x000001e95e8f86e0 DEOPT PACKING pc=0x000001e952631814 sp=0x0000000101bfe1e0
Event: 18.448 Thread 0x000001e95e8f86e0 DEOPT UNPACKING pc=0x000001e952094402 sp=0x0000000101bfe180 mode 2
Event: 19.574 Thread 0x000001e95e8f86e0 Uncommon trap: trap_request=0xffffffde fr.pc=0x000001e95260c28c relative=0x00000000000003ac
Event: 19.574 Thread 0x000001e95e8f86e0 Uncommon trap: reason=class_check action=maybe_recompile pc=0x000001e95260c28c method=java.util.regex.Pattern$Start.match(Ljava/util/regex/Matcher;ILjava/lang/CharSequence;)Z @ 44 c2
Event: 19.574 Thread 0x000001e95e8f86e0 DEOPT PACKING pc=0x000001e95260c28c sp=0x0000000101bfe380
Event: 19.574 Thread 0x000001e95e8f86e0 DEOPT UNPACKING pc=0x000001e952094402 sp=0x0000000101bfe330 mode 2
Event: 19.574 Thread 0x000001e95e8f86e0 Uncommon trap: trap_request=0xffffffde fr.pc=0x000001e95260c28c relative=0x00000000000003ac
Event: 19.574 Thread 0x000001e95e8f86e0 Uncommon trap: reason=class_check action=maybe_recompile pc=0x000001e95260c28c method=java.util.regex.Pattern$Start.match(Ljava/util/regex/Matcher;ILjava/lang/CharSequence;)Z @ 44 c2
Event: 19.574 Thread 0x000001e95e8f86e0 DEOPT PACKING pc=0x000001e95260c28c sp=0x0000000101bfe380
Event: 19.574 Thread 0x000001e95e8f86e0 DEOPT UNPACKING pc=0x000001e952094402 sp=0x0000000101bfe330 mode 2
Event: 19.574 Thread 0x000001e95e8f86e0 Uncommon trap: trap_request=0xffffffde fr.pc=0x000001e95260c28c relative=0x00000000000003ac
Event: 19.574 Thread 0x000001e95e8f86e0 Uncommon trap: reason=class_check action=maybe_recompile pc=0x000001e95260c28c method=java.util.regex.Pattern$Start.match(Ljava/util/regex/Matcher;ILjava/lang/CharSequence;)Z @ 44 c2
Event: 19.574 Thread 0x000001e95e8f86e0 DEOPT PACKING pc=0x000001e95260c28c sp=0x0000000101bfe380
Event: 19.574 Thread 0x000001e95e8f86e0 DEOPT UNPACKING pc=0x000001e952094402 sp=0x0000000101bfe330 mode 2
Event: 19.574 Thread 0x000001e95e8f86e0 Uncommon trap: trap_request=0xffffffde fr.pc=0x000001e95260c28c relative=0x00000000000003ac
Event: 19.574 Thread 0x000001e95e8f86e0 Uncommon trap: reason=class_check action=maybe_recompile pc=0x000001e95260c28c method=java.util.regex.Pattern$Start.match(Ljava/util/regex/Matcher;ILjava/lang/CharSequence;)Z @ 44 c2
Event: 19.574 Thread 0x000001e95e8f86e0 DEOPT PACKING pc=0x000001e95260c28c sp=0x0000000101bfe2f0
Event: 19.574 Thread 0x000001e95e8f86e0 DEOPT UNPACKING pc=0x000001e952094402 sp=0x0000000101bfe2a0 mode 2

Classes loaded (20 events):
Event: 18.116 Loading class java/lang/AssertionError
Event: 18.116 Loading class java/lang/AssertionError done
Event: 18.381 Loading class java/security/NoSuchAlgorithmException
Event: 18.381 Loading class java/security/GeneralSecurityException
Event: 18.382 Loading class java/security/GeneralSecurityException done
Event: 18.382 Loading class java/security/NoSuchAlgorithmException done
Event: 18.382 Loading class sun/security/provider/MD5
Event: 18.382 Loading class sun/security/provider/MD5 done
Event: 18.383 Loading class sun/security/provider/ByteArrayAccess$LE
Event: 18.383 Loading class sun/security/provider/ByteArrayAccess$LE done
Event: 18.430 Loading class java/lang/reflect/UndeclaredThrowableException
Event: 18.431 Loading class java/lang/reflect/UndeclaredThrowableException done
Event: 18.437 Loading class java/util/regex/Pattern$SliceI
Event: 18.438 Loading class java/util/regex/Pattern$SliceI done
Event: 18.439 Loading class java/util/regex/Pattern$Loop
Event: 18.439 Loading class java/util/regex/Pattern$Loop done
Event: 18.439 Loading class java/util/regex/Pattern$Prolog
Event: 18.440 Loading class java/util/regex/Pattern$Prolog done
Event: 18.441 Loading class java/util/regex/Pattern$Neg
Event: 18.442 Loading class java/util/regex/Pattern$Neg done

Classes unloaded (0 events):
No events

Classes redefined (0 events):
No events

Internal exceptions (20 events):
Event: 0.549 Thread 0x000001e9400e3170 Exception <a 'java/lang/ClassNotFoundException'{0x00000000a99f8200}: RootPane> (0x00000000a99f8200) 
thrown [s\open\src\hotspot\share\classfile\systemDictionary.cpp, line 313]
Event: 0.554 Thread 0x000001e9400e3170 Exception <a 'java/lang/ClassNotFoundException'{0x00000000a99fb060}: com/sun/swing/internal/plaf/metal/resources/spi/metalProvider> (0x00000000a99fb060) 
thrown [s\open\src\hotspot\share\classfile\systemDictionary.cpp, line 313]
Event: 0.556 Thread 0x000001e9400e3170 Exception <a 'java/lang/ClassNotFoundException'{0x00000000a99fed70}: com/sun/swing/internal/plaf/basic/resources/spi/basicProvider> (0x00000000a99fed70) 
thrown [s\open\src\hotspot\share\classfile\systemDictionary.cpp, line 313]
Event: 2.064 Thread 0x000001e95e8f86e0 Exception <a 'java/lang/ClassNotFoundException'{0x00000000a9891c08}: com/sun/swing/internal/plaf/synth/resources/spi/synthProvider> (0x00000000a9891c08) 
thrown [s\open\src\hotspot\share\classfile\systemDictionary.cpp, line 313]
Event: 4.111 Thread 0x000001e95e8f86e0 Exception <a 'java/lang/NoSuchMethodError'{0x00000000a98d5d40}: 'int java.lang.invoke.Invokers$Holder.invokeExact_MT(java.lang.Object, java.lang.Object)'> (0x00000000a98d5d40) 
thrown [s\open\src\hotspot\share\interpreter\linkResolver.cpp, line 796]
Event: 4.131 Thread 0x000001e95e8f86e0 Exception <a 'java/lang/NoSuchMethodError'{0x00000000a98e2318}: 'java.lang.Object java.lang.invoke.DirectMethodHandle$Holder.newInvokeSpecial(java.lang.Object, java.lang.Object, int)'> (0x00000000a98e2318) 
thrown [s\open\src\hotspot\share\interpreter\linkResolver.cpp, line 796]
Event: 4.134 Thread 0x000001e95e8f86e0 Exception <a 'java/lang/NoSuchMethodError'{0x00000000a9701480}: 'java.lang.Object java.lang.invoke.DirectMethodHandle$Holder.invokeStatic(java.lang.Object, java.lang.Object, java.lang.Object, java.lang.Object, int)'> (0x00000000a9701480) 
thrown [s\open\src\hotspot\share\interpreter\linkResolver.cpp, line 796]
Event: 4.136 Thread 0x000001e95e8f86e0 Exception <a 'java/lang/NoSuchMethodError'{0x00000000a970cfe8}: 'int java.lang.invoke.DirectMethodHandle$Holder.invokeSpecial(java.lang.Object, java.lang.Object, java.lang.Object)'> (0x00000000a970cfe8) 
thrown [s\open\src\hotspot\share\interpreter\linkResolver.cpp, line 796]
Event: 6.504 Thread 0x000001e9a4bfe4e0 Exception <a 'java/lang/NoSuchMethodError'{0x00000000a938e1a8}: 'java.lang.Object java.lang.invoke.DirectMethodHandle$Holder.newInvokeSpecial(java.lang.Object, java.lang.Object, java.lang.Object, int, int, int, int, int)'> (0x00000000a938e1a8) 
thrown [s\open\src\hotspot\share\interpreter\linkResolver.cpp, line 796]
Event: 7.620 Thread 0x000001e95e8893c0 Exception <a 'java/lang/NoSuchMethodError'{0x00000000a93fa518}: 'void java.lang.invoke.DirectMethodHandle$Holder.invokeVirtual(java.lang.Object, java.lang.Object)'> (0x00000000a93fa518) 
thrown [s\open\src\hotspot\share\interpreter\linkResolver.cpp, line 796]
Event: 9.719 Thread 0x000001e95e8f86e0 Exception <a 'java/lang/NoSuchMethodError'{0x00000000a936dee8}: 'void java.lang.invoke.DirectMethodHandle$Holder.invokeStaticInit(java.lang.Object)'> (0x00000000a936dee8) 
thrown [s\open\src\hotspot\share\interpreter\linkResolver.cpp, line 796]
Event: 12.104 Thread 0x000001e95e8f86e0 Exception <a 'java/lang/NoSuchMethodError'{0x00000000a916cc20}: 'java.lang.Object java.lang.invoke.DirectMethodHandle$Holder.invokeStaticInit(java.lang.Object, int, int, int, int)'> (0x00000000a916cc20) 
thrown [s\open\src\hotspot\share\interpreter\linkResolver.cpp, line 796]
Event: 13.203 Thread 0x000001e95e8f86e0 Exception <a 'java/lang/NoSuchMethodError'{0x00000000a902de68}: 'java.lang.Object java.lang.invoke.DirectMethodHandle$Holder.invokeStaticInit(java.lang.Object, java.lang.Object, int, int, int, int)'> (0x00000000a902de68) 
thrown [s\open\src\hotspot\share\interpreter\linkResolver.cpp, line 796]
Event: 13.223 Thread 0x000001e95e8f86e0 Exception <a 'java/lang/NoSuchMethodError'{0x00000000a9042e80}: 'java.lang.Object java.lang.invoke.DirectMethodHandle$Holder.invokeInterface(java.lang.Object, java.lang.Object)'> (0x00000000a9042e80) 
thrown [s\open\src\hotspot\share\interpreter\linkResolver.cpp, line 796]
Event: 15.367 Thread 0x000001e95e8f86e0 Exception <a 'java/lang/NoSuchMethodError'{0x00000000a8f4e0f8}: 'void java.lang.invoke.DirectMethodHandle$Holder.invokeStatic(java.lang.Object, int, java.lang.Object)'> (0x00000000a8f4e0f8) 
thrown [s\open\src\hotspot\share\interpreter\linkResolver.cpp, line 796]
Event: 15.404 Thread 0x000001e95e8f86e0 Exception <a 'java/lang/NoSuchMethodError'{0x00000000a8f8ab30}: 'java.lang.ClassLoader java.lang.Thread.getContextClassLoader(java.lang.Class)'> (0x00000000a8f8ab30) 
thrown [s\open\src\hotspot\share\interpreter\linkResolver.cpp, line 796]
Event: 15.406 Thread 0x000001e95e8f86e0 Exception <a 'java/lang/NoSuchMethodError'{0x00000000a8f902d0}: 'java.lang.Object java.lang.invoke.DirectMethodHandle$Holder.invokeStatic(java.lang.Object, java.lang.Object, int)'> (0x00000000a8f902d0) 
thrown [s\open\src\hotspot\share\interpreter\linkResolver.cpp, line 796]
Event: 15.409 Thread 0x000001e95e8f86e0 Exception <a 'java/lang/NoSuchMethodError'{0x00000000a8f9ae70}: 'void java.lang.invoke.DelegatingMethodHandle$Holder.delegate(java.lang.Object, java.lang.Object, int, java.lang.Object)'> (0x00000000a8f9ae70) 
thrown [s\open\src\hotspot\share\interpreter\linkResolver.cpp, line 796]
Event: 15.414 Thread 0x000001e95e8f86e0 Exception <a 'java/lang/NoSuchMethodError'{0x00000000a8fa7648}: 'java.lang.Object java.lang.invoke.Invokers$Holder.invokeExact_MT(java.lang.Object, java.lang.Object, java.lang.Object, java.lang.Object, java.lang.Object)'> (0x00000000a8fa7648) 
thrown [s\open\src\hotspot\share\interpreter\linkResolver.cpp, line 796]
Event: 15.451 Thread 0x000001e95e8f86e0 Exception <a 'java/lang/NoClassDefFoundError'{0x00000000a8fcfb08}: org/apache/log4j/Category> (0x00000000a8fcfb08) 
thrown [s\open\src\hotspot\share\classfile\systemDictionary.cpp, line 302]

VM Operations (20 events):
Event: 0.146 Executing VM operation: HandshakeAllThreads (Deoptimize)
Event: 0.146 Executing VM operation: HandshakeAllThreads (Deoptimize) done
Event: 0.242 Executing VM operation: HandshakeAllThreads (Deoptimize)
Event: 0.242 Executing VM operation: HandshakeAllThreads (Deoptimize) done
Event: 4.148 Executing VM operation: HandshakeAllThreads (Deoptimize)
Event: 4.148 Executing VM operation: HandshakeAllThreads (Deoptimize) done
Event: 4.164 Executing VM operation: HandshakeAllThreads (Deoptimize)
Event: 4.164 Executing VM operation: HandshakeAllThreads (Deoptimize) done
Event: 4.246 Executing VM operation: HandshakeAllThreads (Deoptimize)
Event: 4.246 Executing VM operation: HandshakeAllThreads (Deoptimize) done
Event: 6.479 Executing VM operation: HandshakeAllThreads (Deoptimize)
Event: 6.479 Executing VM operation: HandshakeAllThreads (Deoptimize) done
Event: 15.406 Executing VM operation: HandshakeAllThreads (Deoptimize)
Event: 15.406 Executing VM operation: HandshakeAllThreads (Deoptimize) done
Event: 15.494 Executing VM operation: HandshakeAllThreads (Deoptimize)
Event: 15.494 Executing VM operation: HandshakeAllThreads (Deoptimize) done
Event: 18.061 Executing VM operation: G1CollectForAllocation (G1 Evacuation Pause)
Event: 18.076 Executing VM operation: G1CollectForAllocation (G1 Evacuation Pause) done
Event: 18.369 Executing VM operation: HandshakeAllThreads (Deoptimize)
Event: 18.369 Executing VM operation: HandshakeAllThreads (Deoptimize) done

Memory protections (0 events):
No events

Nmethod flushes (0 events):
No events

Events (20 events):
Event: 0.069 Thread 0x000001e9400e3170 Thread added: 0x000001e95e507780
Event: 0.069 Thread 0x000001e9400e3170 Thread added: 0x000001e95e509100
Event: 0.070 Thread 0x000001e9400e3170 Thread added: 0x000001e95e510ba0
Event: 0.070 Thread 0x000001e9400e3170 Thread added: 0x000001e95e514380
Event: 0.070 Thread 0x000001e9400e3170 Thread added: 0x000001e95e517220
Event: 0.070 Thread 0x000001e9400e3170 Thread added: 0x000001e95e524ea0
Event: 0.070 Thread 0x000001e9400e3170 Thread added: 0x000001e95e519fa0
Event: 0.070 Thread 0x000001e9400e3170 Thread added: 0x000001e95e528000
Event: 0.096 Thread 0x000001e9400e3170 Thread added: 0x000001e95e6723d0
Event: 0.112 Thread 0x000001e9400e3170 Thread added: 0x000001e95e681280
Event: 0.299 Thread 0x000001e9400e3170 Thread added: 0x000001e95e87f990
Event: 0.301 Thread 0x000001e9400e3170 Thread added: 0x000001e95e884540
Event: 0.303 Thread 0x000001e9400e3170 Thread added: 0x000001e95e8893c0
Event: 0.589 Thread 0x000001e9400e3170 Thread added: 0x000001e95e8f86e0
Event: 0.589 Thread 0x000001e9400e3170 Thread exited: 0x000001e9400e3170
Event: 0.589 Thread 0x000001e9400e3170 Thread added: 0x000001e9400e3170
Event: 6.282 Thread 0x000001e95e8f86e0 Thread added: 0x000001e9a48b5d50
Event: 6.492 Thread 0x000001e95e8f86e0 Thread added: 0x000001e9a4bfe4e0
Event: 11.810 Thread 0x000001e9a4bfe4e0 Thread exited: 0x000001e9a4bfe4e0
Event: 13.218 Thread 0x000001e95e8f86e0 Thread added: 0x000001e9a4d2a130


Dynamic libraries:
0x00007ff62f990000 - 0x00007ff62f9a0000 	C:\Program Files\Java\jdk-23\bin\java.exe
0x00007ffd4c680000 - 0x00007ffd4c8e3000 	C:\WINDOWS\SYSTEM32\ntdll.dll
0x00007ffd4b1c0000 - 0x00007ffd4b287000 	C:\WINDOWS\System32\KERNEL32.DLL
0x00007ffd4a0c0000 - 0x00007ffd4a487000 	C:\WINDOWS\System32\KERNELBASE.dll
0x00007ffd49a20000 - 0x00007ffd49b6c000 	C:\WINDOWS\System32\ucrtbase.dll
0x00007ffd34dd0000 - 0x00007ffd34de7000 	C:\Program Files\Java\jdk-23\bin\jli.dll
0x00007ffd43f40000 - 0x00007ffd43f5b000 	C:\Program Files\Java\jdk-23\bin\VCRUNTIME140.dll
0x00007ffd4c2c0000 - 0x00007ffd4c489000 	C:\WINDOWS\System32\USER32.dll
0x00007ffd48bd0000 - 0x00007ffd48e60000 	C:\WINDOWS\WinSxS\amd64_microsoft.windows.common-controls_6595b64144ccf1df_6.0.26100.3037_none_3e09262ce333c378\COMCTL32.dll
0x00007ffd499f0000 - 0x00007ffd49a17000 	C:\WINDOWS\System32\win32u.dll
0x00007ffd4b9c0000 - 0x00007ffd4ba69000 	C:\WINDOWS\System32\msvcrt.dll
0x00007ffd4c530000 - 0x00007ffd4c55a000 	C:\WINDOWS\System32\GDI32.dll
0x00007ffd49f90000 - 0x00007ffd4a0bb000 	C:\WINDOWS\System32\gdi32full.dll
0x00007ffd49b70000 - 0x00007ffd49c13000 	C:\WINDOWS\System32\msvcp_win.dll
0x00007ffd4bed0000 - 0x00007ffd4beff000 	C:\WINDOWS\System32\IMM32.DLL
0x00007ffd3a5a0000 - 0x00007ffd3a5ac000 	C:\Program Files\Java\jdk-23\bin\vcruntime140_1.dll
0x00007ffd27a90000 - 0x00007ffd27b1e000 	C:\Program Files\Java\jdk-23\bin\msvcp140.dll
0x00007ffceecb0000 - 0x00007ffcef9ff000 	C:\Program Files\Java\jdk-23\bin\server\jvm.dll
0x00007ffd4be00000 - 0x00007ffd4beb4000 	C:\WINDOWS\System32\ADVAPI32.dll
0x00007ffd4c560000 - 0x00007ffd4c606000 	C:\WINDOWS\System32\sechost.dll
0x00007ffd4b090000 - 0x00007ffd4b1a6000 	C:\WINDOWS\System32\RPCRT4.dll
0x00007ffd4a590000 - 0x00007ffd4a604000 	C:\WINDOWS\System32\WS2_32.dll
0x00007ffd497d0000 - 0x00007ffd4981e000 	C:\WINDOWS\SYSTEM32\POWRPROF.dll
0x00007ffd3ad60000 - 0x00007ffd3ad6b000 	C:\WINDOWS\SYSTEM32\VERSION.dll
0x00007ffd42e00000 - 0x00007ffd42e36000 	C:\WINDOWS\SYSTEM32\WINMM.dll
0x00007ffd497b0000 - 0x00007ffd497c4000 	C:\WINDOWS\SYSTEM32\UMPDC.dll
0x00007ffd47ef0000 - 0x00007ffd47f0a000 	C:\WINDOWS\SYSTEM32\kernel.appcore.dll
0x00007ffd3a2b0000 - 0x00007ffd3a2ba000 	C:\Program Files\Java\jdk-23\bin\jimage.dll
0x00007ffd491b0000 - 0x00007ffd493f1000 	C:\WINDOWS\SYSTEM32\DBGHELP.DLL
0x00007ffd4ba70000 - 0x00007ffd4bdee000 	C:\WINDOWS\System32\combase.dll
0x00007ffd4a7a0000 - 0x00007ffd4a876000 	C:\WINDOWS\System32\OLEAUT32.dll
0x00007ffd49070000 - 0x00007ffd490a9000 	C:\WINDOWS\SYSTEM32\dbgcore.DLL
0x00007ffd49ef0000 - 0x00007ffd49f89000 	C:\WINDOWS\System32\bcryptPrimitives.dll
0x00007ffd3a2c0000 - 0x00007ffd3a2de000 	C:\Program Files\Java\jdk-23\bin\java.dll
0x00007ffd4b820000 - 0x00007ffd4b9b5000 	C:\WINDOWS\System32\ole32.dll
0x00007ffd4a8d0000 - 0x00007ffd4afd4000 	C:\WINDOWS\System32\SHELL32.dll
0x00007ffd46ca0000 - 0x00007ffd474d7000 	C:\WINDOWS\SYSTEM32\windows.storage.dll
0x00007ffd4b290000 - 0x00007ffd4b379000 	C:\WINDOWS\System32\SHCORE.dll
0x00007ffd4a630000 - 0x00007ffd4a68d000 	C:\WINDOWS\System32\shlwapi.dll
0x00007ffd49900000 - 0x00007ffd4992e000 	C:\WINDOWS\SYSTEM32\profapi.dll
0x00007ffd27fb0000 - 0x00007ffd28087000 	C:\Program Files\Java\jdk-23\bin\jsvml.dll
0x00007ffd390e0000 - 0x00007ffd390f0000 	C:\Program Files\Java\jdk-23\bin\net.dll
0x00007ffd483c0000 - 0x00007ffd4842a000 	C:\WINDOWS\system32\mswsock.dll
0x00007ffd385f0000 - 0x00007ffd38606000 	C:\Program Files\Java\jdk-23\bin\nio.dll
0x00007ffd384f0000 - 0x00007ffd38507000 	C:\Program Files\Java\jdk-23\bin\zip.dll
0x00007ffd04130000 - 0x00007ffd042be000 	C:\Program Files\Java\jdk-23\bin\awt.dll
0x00007ffd461a0000 - 0x00007ffd4623c000 	C:\WINDOWS\SYSTEM32\apphelp.dll
0x00007ffd46540000 - 0x00007ffd465ed000 	C:\WINDOWS\system32\uxtheme.dll
0x00007ffd4bf10000 - 0x00007ffd4c06c000 	C:\WINDOWS\System32\MSCTF.dll
0x00007ffd46650000 - 0x00007ffd4667e000 	C:\WINDOWS\system32\DWMAPI.DLL
0x00007ffd261c0000 - 0x00007ffd26247000 	C:\Program Files\Java\jdk-23\bin\freetype.dll
0x00007ffd1ecd0000 - 0x00007ffd1eda7000 	C:\Program Files\Java\jdk-23\bin\fontmanager.dll
0x00007ffd22fd0000 - 0x00007ffd230dc000 	C:\WINDOWS\system32\opengl32.dll
0x00007ffd24aa0000 - 0x00007ffd24acd000 	C:\WINDOWS\SYSTEM32\GLU32.dll
0x00007ffd466c0000 - 0x00007ffd46707000 	C:\WINDOWS\SYSTEM32\dxcore.dll
0x00007ffd229e0000 - 0x00007ffd22b8c000 	C:\WINDOWS\system32\d3d9.dll
0x00007ffcde650000 - 0x00007ffce1e94000 	C:\WINDOWS\System32\DriverStore\FileRepository\u0406361.inf_amd64_83db8324165c2a40\B405805\amdxn64.dll
0x00007ffd4b380000 - 0x00007ffd4b806000 	C:\WINDOWS\System32\SETUPAPI.dll
0x00007ffd42c50000 - 0x00007ffd42d7c000 	C:\WINDOWS\SYSTEM32\dxgi.dll
0x00007ffd42a40000 - 0x00007ffd42a9c000 	C:\WINDOWS\SYSTEM32\directxdatabasehelper.dll
0x00007ffd495e0000 - 0x00007ffd4963f000 	C:\WINDOWS\SYSTEM32\cfgmgr32.dll
0x00007ffd490b0000 - 0x00007ffd490d6000 	C:\WINDOWS\SYSTEM32\BCrypt.dll
0x00007ffd3d7b0000 - 0x00007ffd3d7e7000 	C:\WINDOWS\System32\DriverStore\FileRepository\u0406361.inf_amd64_83db8324165c2a40\B405805\amdihk64.dll
0x00007ffd385e0000 - 0x00007ffd385f0000 	C:\Program Files\Java\jdk-23\bin\verify.dll
0x00007ffd4afe0000 - 0x00007ffd4b088000 	C:\WINDOWS\System32\clbcatq.dll
0x00007ffd44b00000 - 0x00007ffd44d2e000 	C:\WINDOWS\SYSTEM32\WindowsCodecs.dll
0x00007ffd32670000 - 0x00007ffd326ca000 	C:\WINDOWS\system32\dataexchange.dll
0x00007ffd3cc80000 - 0x00007ffd3ceb8000 	C:\WINDOWS\system32\twinapi.appcore.dll
0x00007ffd49520000 - 0x00007ffd4953c000 	C:\WINDOWS\SYSTEM32\CRYPTSP.dll
0x00007ffd48430000 - 0x00007ffd48468000 	C:\WINDOWS\system32\rsaenh.dll
0x00007ffd484a0000 - 0x00007ffd484cb000 	C:\WINDOWS\SYSTEM32\USERENV.dll
0x00007ffd488f0000 - 0x00007ffd488fc000 	C:\WINDOWS\SYSTEM32\CRYPTBASE.dll
0x00007ffd479a0000 - 0x00007ffd479d2000 	C:\WINDOWS\SYSTEM32\IPHLPAPI.DLL
0x00007ffd4b810000 - 0x00007ffd4b81a000 	C:\WINDOWS\System32\NSI.dll

dbghelp: loaded successfully - version: 4.0.5 - missing functions: none
symbol engine: initialized successfully - sym options: 0x614 - pdb path: .;C:\Program Files\Java\jdk-23\bin;C:\WINDOWS\SYSTEM32;C:\WINDOWS\WinSxS\amd64_microsoft.windows.common-controls_6595b64144ccf1df_6.0.26100.3037_none_3e09262ce333c378;C:\Program Files\Java\jdk-23\bin\server;C:\WINDOWS\System32\DriverStore\FileRepository\u0406361.inf_amd64_83db8324165c2a40\B405805

VM Arguments:
java_command: com.mycompany.attendancesystem.Register
java_class_path (initial): C:\Users\sharon\Documents\NetBeansProjects\JJJJ\AttendanceSystem\target\classes;C:\Users\sharon\.m2\repository\net\sf\ucanaccess\ucanaccess\4.0.4\ucanaccess-4.0.4.jar;C:\Users\sharon\.m2\repository\org\hsqldb\hsqldb\2.3.1\hsqldb-2.3.1.jar;C:\Users\sharon\.m2\repository\com\healthmarketscience\jackcess\jackcess\2.1.11\jackcess-2.1.11.jar;C:\Users\sharon\.m2\repository\commons-lang\commons-lang\2.6\commons-lang-2.6.jar;C:\Users\sharon\.m2\repository\commons-logging\commons-logging\1.1.3\commons-logging-1.1.3.jar;C:\Users\sharon\.m2\repository\org\netbeans\external\AbsoluteLayout\RELEASE230\AbsoluteLayout-RELEASE230.jar;C:\Users\sharon\.m2\repository\com\toedter\jcalendar\1.4\jcalendar-1.4.jar
Launcher Type: SUN_STANDARD

[Global flags]
     intx CICompilerCount                          = 4                                         {product} {ergonomic}
     uint ConcGCThreads                            = 2                                         {product} {ergonomic}
     uint G1ConcRefinementThreads                  = 8                                         {product} {ergonomic}
   size_t G1HeapRegionSize                         = 1048576                                   {product} {ergonomic}
   size_t InitialHeapSize                          = 96468992                                  {product} {ergonomic}
   size_t MarkStackSize                            = 4194304                                   {product} {ergonomic}
   size_t MarkStackSizeMax                         = 536870912                                 {product} {ergonomic}
   size_t MaxHeapSize                              = 1541406720                                {product} {ergonomic}
   size_t MaxNewSize                               = 924844032                                 {product} {ergonomic}
   size_t MinHeapDeltaBytes                        = 1048576                                   {product} {ergonomic}
   size_t MinHeapSize                              = 8388608                                   {product} {ergonomic}
    uintx NonNMethodCodeHeapSize                   = 5832704                                {pd product} {ergonomic}
    uintx NonProfiledCodeHeapSize                  = 122945536                              {pd product} {ergonomic}
    uintx ProfiledCodeHeapSize                     = 122880000                              {pd product} {ergonomic}
    uintx ReservedCodeCacheSize                    = 251658240                              {pd product} {ergonomic}
     bool SegmentedCodeCache                       = true                                      {product} {ergonomic}
   size_t SoftMaxHeapSize                          = 1541406720                             {manageable} {ergonomic}
     bool UseCompressedOops                        = true                           {product lp64_product} {ergonomic}
     bool UseG1GC                                  = true                                      {product} {ergonomic}
     bool UseLargePagesIndividualAllocation        = false                                  {pd product} {ergonomic}

Logging:
Log output configuration:
 #0: stdout all=warning uptime,level,tags foldmultilines=false
 #1: stderr all=off uptime,level,tags foldmultilines=false

Environment Variables:
JAVA_HOME=C:\Program Files\Java\jdk-23
PATH=C:\Program Files\Common Files\Oracle\Java\javapath;C:\WINDOWS\system32;C:\WINDOWS;C:\WINDOWS\System32\Wbem;C:\WINDOWS\System32\WindowsPowerShell\v1.0\;C:\WINDOWS\System32\OpenSSH\;C:\Users\sharon\AppData\Local\Microsoft\WindowsApps;C:\Users\sharon\AppData\Local\GitHubDesktop\bin;
USERNAME=sharon
OS=Windows_NT
PROCESSOR_IDENTIFIER=AMD64 Family 23 Model 160 Stepping 0, AuthenticAMD
TMP=C:\Users\sharon\AppData\Local\Temp
TEMP=C:\Users\sharon\AppData\Local\Temp




Periodic native trim disabled

---------------  S Y S T E M  ---------------

OS:
 Windows 11 , 64 bit Build 26100 (10.0.26100.3037)
OS uptime: 3 days 4:42 hours
Hyper-V role detected

CPU: total 8 (initial active 8) (8 cores per cpu, 2 threads per core) family 23 model 160 stepping 0 microcode 0x8a00006, cx8, cmov, fxsr, ht, mmx, 3dnowpref, sse, sse2, sse3, ssse3, sse4a, sse4.1, sse4.2, popcnt, lzcnt, tsc, tscinvbit, avx, avx2, aes, clmul, bmi1, bmi2, adx, sha, fma, vzeroupper, clflush, clflushopt, hv, rdtscp, rdpid, f16c
Processor Information for processor 0
  Max Mhz: 2801, Current Mhz: 2801, Mhz Limit: 2801
Processor Information for processor 1
  Max Mhz: 2801, Current Mhz: 2801, Mhz Limit: 2801
Processor Information for processor 2
  Max Mhz: 2801, Current Mhz: 2801, Mhz Limit: 2801
Processor Information for processor 3
  Max Mhz: 2801, Current Mhz: 2801, Mhz Limit: 2801
Processor Information for processor 4
  Max Mhz: 2801, Current Mhz: 2801, Mhz Limit: 2801
Processor Information for processor 5
  Max Mhz: 2801, Current Mhz: 2801, Mhz Limit: 2801
Processor Information for processor 6
  Max Mhz: 2801, Current Mhz: 2483, Mhz Limit: 2801
Processor Information for processor 7
  Max Mhz: 2801, Current Mhz: 2483, Mhz Limit: 2801

Memory: 4k page, system-wide physical 5877M (327M free)
TotalPageFile size 24309M (AvailPageFile size 0M)
current process WorkingSet (physical memory assigned to process): 114M, peak: 125M
current process commit charge ("private bytes"): 220M, peak: 220M

vm_info: Java HotSpot(TM) 64-Bit Server VM (23.0.1+11-39) for windows-amd64 JRE (23.0.1+11-39), built on 2024-09-30T07:20:43Z with MS VC++ 17.6 (VS2022)

END.
