#
# There is insufficient memory for the Java Runtime Environment to continue.
# Native memory allocation (malloc) failed to allocate 242736 bytes. Error detail: Chunk::new
# Possible reasons:
#   The system is out of physical RAM or swap space
#   This process is running with CompressedOops enabled, and the Java Heap may be blocking the growth of the native heap
# Possible solutions:
#   Reduce memory load on the system
#   Increase physical memory or swap space
#   Check if swap backing store is full
#   Decrease Java heap size (-Xmx/-Xms)
#   Decrease number of Java threads
#   Decrease Java thread stack sizes (-Xss)
#   Set larger code cache with -XX:ReservedCodeCacheSize=
#   JVM is running with Unscaled Compressed Oops mode in which the Java heap is
#     placed in the first 4GB address space. The Java Heap base address is the
#     maximum limit for the native heap growth. Please use -XX:HeapBaseMinAddress
#     to set the Java Heap base and to place the Java Heap above 4GB virtual address.
# This output file may be truncated or incomplete.
#
#  Out of Memory Error (arena.cpp:149), pid=424008, tid=422632
#
# JRE version: Java(TM) SE Runtime Environment (23.0.1+11) (build 23.0.1+11-39)
# Java VM: Java HotSpot(TM) 64-Bit Server VM (23.0.1+11-39, mixed mode, sharing, tiered, compressed oops, compressed class ptrs, g1 gc, windows-amd64)
# No core dump will be written. Minidumps are not enabled by default on client versions of Windows
#

---------------  S U M M A R Y ------------

Command Line: com.mycompany.attendancesystem.Register

Host: AMD Ryzen 5 7520U with Radeon Graphics         , 8 cores, 5G,  Windows 11 , 64 bit Build 26100 (10.0.26100.3037)
Time: Wed Mar 12 16:51:40 2025 Malay Peninsula Standard Time elapsed time: 11.982872 seconds (0d 0h 0m 11s)

---------------  T H R E A D  ---------------

Current thread (0x00000204d1ef2b50):  JavaThread "C2 CompilerThread0" daemon [_thread_in_native, id=422632, stack(0x0000001964e00000,0x0000001964f00000) (1024K)]


Current CompileTask:
C2:11983 1191 % !   4       sun.awt.image.PNGImageDecoder::produceImage @ 960 (1917 bytes)

Stack: [0x0000001964e00000,0x0000001964f00000]
Native frames: (J=compiled Java code, j=interpreted, Vv=VM code, C=native code)
V  [jvm.dll+0x6e08b9]  (no source info available)
V  [jvm.dll+0x87dc83]  (no source info available)
V  [jvm.dll+0x88010e]  (no source info available)
V  [jvm.dll+0x8807e3]  (no source info available)
V  [jvm.dll+0x27aee6]  (no source info available)
V  [jvm.dll+0xbc06f]  (no source info available)
V  [jvm.dll+0xbc2cb]  (no source info available)
V  [jvm.dll+0x2ee94d]  (no source info available)
V  [jvm.dll+0x6063d9]  (no source info available)
V  [jvm.dll+0x24ddf2]  (no source info available)
V  [jvm.dll+0x24e1d5]  (no source info available)
V  [jvm.dll+0x246b54]  (no source info available)
V  [jvm.dll+0x243d04]  (no source info available)
V  [jvm.dll+0x1c33a0]  (no source info available)
V  [jvm.dll+0x253cf1]  (no source info available)
V  [jvm.dll+0x251faa]  (no source info available)
V  [jvm.dll+0x3ee036]  (no source info available)
V  [jvm.dll+0x824f8b]  (no source info available)
V  [jvm.dll+0x6df065]  (no source info available)
C  [ucrtbase.dll+0x37b0]  (no source info available)
C  [KERNEL32.DLL+0x2e8d7]  (no source info available)
C  [ntdll.dll+0xbbf2c]  (no source info available)

Lock stack of current Java thread (top to bottom):


---------------  P R O C E S S  ---------------

Threads class SMR info:
_java_thread_list=0x00000205186b69b0, length=17, elements={
0x00000204d1ee1cb0, 0x00000204d1ee3630, 0x00000204d1eed740, 0x00000204d1eee1a0,
0x00000204d1eef920, 0x00000204d1ef10a0, 0x00000204d1ef2b50, 0x00000204d1ef3600,
0x00000204d1f65560, 0x00000204d1f69350, 0x00000205172ec420, 0x00000205172f13e0,
0x00000205173001f0, 0x000002051736c7b0, 0x00000204b5db9500, 0x000002051855b6a0,
0x0000020517f92070
}

Java Threads: ( => current thread )
  0x00000204d1ee1cb0 JavaThread "Reference Handler"          daemon [_thread_blocked, id=431468, stack(0x0000001964800000,0x0000001964900000) (1024K)]
  0x00000204d1ee3630 JavaThread "Finalizer"                  daemon [_thread_blocked, id=423972, stack(0x0000001964900000,0x0000001964a00000) (1024K)]
  0x00000204d1eed740 JavaThread "Signal Dispatcher"          daemon [_thread_blocked, id=431960, stack(0x0000001964a00000,0x0000001964b00000) (1024K)]
  0x00000204d1eee1a0 JavaThread "Attach Listener"            daemon [_thread_blocked, id=428508, stack(0x0000001964b00000,0x0000001964c00000) (1024K)]
  0x00000204d1eef920 JavaThread "Service Thread"             daemon [_thread_blocked, id=392304, stack(0x0000001964c00000,0x0000001964d00000) (1024K)]
  0x00000204d1ef10a0 JavaThread "Monitor Deflation Thread"   daemon [_thread_blocked, id=431320, stack(0x0000001964d00000,0x0000001964e00000) (1024K)]
=>0x00000204d1ef2b50 JavaThread "C2 CompilerThread0"         daemon [_thread_in_native, id=422632, stack(0x0000001964e00000,0x0000001964f00000) (1024K)]
  0x00000204d1ef3600 JavaThread "C1 CompilerThread0"         daemon [_thread_blocked, id=422760, stack(0x0000001964f00000,0x0000001965000000) (1024K)]
  0x00000204d1f65560 JavaThread "Notification Thread"        daemon [_thread_blocked, id=425256, stack(0x0000001965000000,0x0000001965100000) (1024K)]
  0x00000204d1f69350 JavaThread "Common-Cleaner"             daemon [_thread_blocked, id=429148, stack(0x0000001965100000,0x0000001965200000) (1024K)]
  0x00000205172ec420 JavaThread "Java2D Disposer"            daemon [_thread_blocked, id=431988, stack(0x0000001965200000,0x0000001965300000) (1024K)]
  0x00000205172f13e0 JavaThread "AWT-Shutdown"                      [_thread_blocked, id=429940, stack(0x0000001965300000,0x0000001965400000) (1024K)]
  0x00000205173001f0 JavaThread "AWT-Windows"                daemon [_thread_in_native, id=431840, stack(0x0000001965400000,0x0000001965500000) (1024K)]
  0x000002051736c7b0 JavaThread "AWT-EventQueue-0"                  [_thread_in_native, id=426648, stack(0x0000001965500000,0x0000001965600000) (1024K)]
  0x00000204b5db9500 JavaThread "DestroyJavaVM"                     [_thread_blocked, id=425464, stack(0x0000001964000000,0x0000001964100000) (1024K)]
  0x000002051855b6a0 JavaThread "TimerQueue"                 daemon [_thread_blocked, id=431332, stack(0x0000001965600000,0x0000001965700000) (1024K)]
  0x0000020517f92070 JavaThread "Image Fetcher 0"            daemon [_thread_blocked, id=400664, stack(0x0000001965900000,0x0000001965a00000) (1024K)]
Total: 17

Other Threads:
  0x00000204d1ecbeb0 VMThread "VM Thread"                           [id=431996, stack(0x0000001964700000,0x0000001964800000) (1024K)]
  0x00000204d1eb71e0 WatcherThread "VM Periodic Task Thread"        [id=405632, stack(0x0000001964600000,0x0000001964700000) (1024K)]
  0x00000204b5e01990 WorkerThread "GC Thread#0"                     [id=432076, stack(0x0000001964100000,0x0000001964200000) (1024K)]
  0x00000204b5e11eb0 ConcurrentGCThread "G1 Main Marker"            [id=431828, stack(0x0000001964200000,0x0000001964300000) (1024K)]
  0x00000204b5e13160 WorkerThread "G1 Conc#0"                       [id=407736, stack(0x0000001964300000,0x0000001964400000) (1024K)]
  0x00000204d1d880e0 ConcurrentGCThread "G1 Refine#0"               [id=431140, stack(0x0000001964400000,0x0000001964500000) (1024K)]
  0x00000204d1d88c60 ConcurrentGCThread "G1 Service"                [id=431428, stack(0x0000001964500000,0x0000001964600000) (1024K)]
Total: 7

Threads with active compile tasks:
C2 CompilerThread0  12181 1191 % !   4       sun.awt.image.PNGImageDecoder::produceImage @ 960 (1917 bytes)
Total: 1

VM state: not at safepoint (normal execution)

VM Mutex/Monitor currently owned by a thread: None

Heap address: 0x00000000a4200000, size: 1470 MB, Compressed Oops mode: 32-bit

CDS archive(s) mapped at: [0x00000204d2000000-0x00000204d2d70000-0x00000204d2d70000), size 14090240, SharedBaseAddress: 0x00000204d2000000, ArchiveRelocationMode: 1.
Compressed class space mapped at: 0x00000204d3000000-0x0000020513000000, reserved size: 1073741824
Narrow klass base: 0x00000204d2000000, Narrow klass shift: 0, Narrow klass range: 0x41000000

GC Precious Log:
 CardTable entry size: 512
 Card Set container configuration: InlinePtr #cards 5 size 8 Array Of Cards #cards 10 size 36 Howl #buckets 4 coarsen threshold 1843 Howl Bitmap #cards 512 size 80 coarsen threshold 460 Card regions per heap region 1 cards per card region 2048
 CPUs: 8 total, 8 available
 Memory: 5877M
 Large Page Support: Disabled
 NUMA Support: Disabled
 Compressed Oops: Enabled (32-bit)
 Heap Region Size: 1M
 Heap Min Capacity: 8M
 Heap Initial Capacity: 92M
 Heap Max Capacity: 1470M
 Pre-touch: Disabled
 Parallel Workers: 8
 Concurrent Workers: 2
 Concurrent Refinement Workers: 8
 Periodic GC: Disabled

Heap:
 garbage-first heap   total reserved 1505280K, committed 94208K, used 12288K [0x00000000a4200000, 0x0000000100000000)
  region size 1024K, 12 young (12288K), 0 survivors (0K)
 Metaspace       used 10764K, committed 11008K, reserved 1114112K
  class space    used 1315K, committed 1408K, reserved 1048576K

Heap Regions: E=young(eden), S=young(survivor), O=old, HS=humongous(starts), HC=humongous(continues), CS=collection set, F=free, TAMS=top-at-mark-start, PB=parsable bottom
|   0|0x00000000a4200000, 0x00000000a4300000, 0x00000000a4300000|100%|HS|  |TAMS 0x00000000a4200000| PB 0x00000000a4200000| Complete |  0
|   1|0x00000000a4300000, 0x00000000a4300000, 0x00000000a4400000|  0%| F|  |TAMS 0x00000000a4300000| PB 0x00000000a4300000| Untracked |  0
|   2|0x00000000a4400000, 0x00000000a4400000, 0x00000000a4500000|  0%| F|  |TAMS 0x00000000a4400000| PB 0x00000000a4400000| Untracked |  0
|   3|0x00000000a4500000, 0x00000000a4500000, 0x00000000a4600000|  0%| F|  |TAMS 0x00000000a4500000| PB 0x00000000a4500000| Untracked |  0
|   4|0x00000000a4600000, 0x00000000a4600000, 0x00000000a4700000|  0%| F|  |TAMS 0x00000000a4600000| PB 0x00000000a4600000| Untracked |  0
|   5|0x00000000a4700000, 0x00000000a4700000, 0x00000000a4800000|  0%| F|  |TAMS 0x00000000a4700000| PB 0x00000000a4700000| Untracked |  0
|   6|0x00000000a4800000, 0x00000000a4800000, 0x00000000a4900000|  0%| F|  |TAMS 0x00000000a4800000| PB 0x00000000a4800000| Untracked |  0
|   7|0x00000000a4900000, 0x00000000a4900000, 0x00000000a4a00000|  0%| F|  |TAMS 0x00000000a4900000| PB 0x00000000a4900000| Untracked |  0
|   8|0x00000000a4a00000, 0x00000000a4a00000, 0x00000000a4b00000|  0%| F|  |TAMS 0x00000000a4a00000| PB 0x00000000a4a00000| Untracked |  0
|   9|0x00000000a4b00000, 0x00000000a4b00000, 0x00000000a4c00000|  0%| F|  |TAMS 0x00000000a4b00000| PB 0x00000000a4b00000| Untracked |  0
|  10|0x00000000a4c00000, 0x00000000a4c00000, 0x00000000a4d00000|  0%| F|  |TAMS 0x00000000a4c00000| PB 0x00000000a4c00000| Untracked |  0
|  11|0x00000000a4d00000, 0x00000000a4d00000, 0x00000000a4e00000|  0%| F|  |TAMS 0x00000000a4d00000| PB 0x00000000a4d00000| Untracked |  0
|  12|0x00000000a4e00000, 0x00000000a4e00000, 0x00000000a4f00000|  0%| F|  |TAMS 0x00000000a4e00000| PB 0x00000000a4e00000| Untracked |  0
|  13|0x00000000a4f00000, 0x00000000a4f00000, 0x00000000a5000000|  0%| F|  |TAMS 0x00000000a4f00000| PB 0x00000000a4f00000| Untracked |  0
|  14|0x00000000a5000000, 0x00000000a5000000, 0x00000000a5100000|  0%| F|  |TAMS 0x00000000a5000000| PB 0x00000000a5000000| Untracked |  0
|  15|0x00000000a5100000, 0x00000000a5100000, 0x00000000a5200000|  0%| F|  |TAMS 0x00000000a5100000| PB 0x00000000a5100000| Untracked |  0
|  16|0x00000000a5200000, 0x00000000a5200000, 0x00000000a5300000|  0%| F|  |TAMS 0x00000000a5200000| PB 0x00000000a5200000| Untracked |  0
|  17|0x00000000a5300000, 0x00000000a5300000, 0x00000000a5400000|  0%| F|  |TAMS 0x00000000a5300000| PB 0x00000000a5300000| Untracked |  0
|  18|0x00000000a5400000, 0x00000000a5400000, 0x00000000a5500000|  0%| F|  |TAMS 0x00000000a5400000| PB 0x00000000a5400000| Untracked |  0
|  19|0x00000000a5500000, 0x00000000a5500000, 0x00000000a5600000|  0%| F|  |TAMS 0x00000000a5500000| PB 0x00000000a5500000| Untracked |  0
|  20|0x00000000a5600000, 0x00000000a5600000, 0x00000000a5700000|  0%| F|  |TAMS 0x00000000a5600000| PB 0x00000000a5600000| Untracked |  0
|  21|0x00000000a5700000, 0x00000000a5700000, 0x00000000a5800000|  0%| F|  |TAMS 0x00000000a5700000| PB 0x00000000a5700000| Untracked |  0
|  22|0x00000000a5800000, 0x00000000a5800000, 0x00000000a5900000|  0%| F|  |TAMS 0x00000000a5800000| PB 0x00000000a5800000| Untracked |  0
|  23|0x00000000a5900000, 0x00000000a5900000, 0x00000000a5a00000|  0%| F|  |TAMS 0x00000000a5900000| PB 0x00000000a5900000| Untracked |  0
|  24|0x00000000a5a00000, 0x00000000a5a00000, 0x00000000a5b00000|  0%| F|  |TAMS 0x00000000a5a00000| PB 0x00000000a5a00000| Untracked |  0
|  25|0x00000000a5b00000, 0x00000000a5b00000, 0x00000000a5c00000|  0%| F|  |TAMS 0x00000000a5b00000| PB 0x00000000a5b00000| Untracked |  0
|  26|0x00000000a5c00000, 0x00000000a5c00000, 0x00000000a5d00000|  0%| F|  |TAMS 0x00000000a5c00000| PB 0x00000000a5c00000| Untracked |  0
|  27|0x00000000a5d00000, 0x00000000a5d00000, 0x00000000a5e00000|  0%| F|  |TAMS 0x00000000a5d00000| PB 0x00000000a5d00000| Untracked |  0
|  28|0x00000000a5e00000, 0x00000000a5e00000, 0x00000000a5f00000|  0%| F|  |TAMS 0x00000000a5e00000| PB 0x00000000a5e00000| Untracked |  0
|  29|0x00000000a5f00000, 0x00000000a5f00000, 0x00000000a6000000|  0%| F|  |TAMS 0x00000000a5f00000| PB 0x00000000a5f00000| Untracked |  0
|  30|0x00000000a6000000, 0x00000000a6000000, 0x00000000a6100000|  0%| F|  |TAMS 0x00000000a6000000| PB 0x00000000a6000000| Untracked |  0
|  31|0x00000000a6100000, 0x00000000a6100000, 0x00000000a6200000|  0%| F|  |TAMS 0x00000000a6100000| PB 0x00000000a6100000| Untracked |  0
|  32|0x00000000a6200000, 0x00000000a6200000, 0x00000000a6300000|  0%| F|  |TAMS 0x00000000a6200000| PB 0x00000000a6200000| Untracked |  0
|  33|0x00000000a6300000, 0x00000000a6300000, 0x00000000a6400000|  0%| F|  |TAMS 0x00000000a6300000| PB 0x00000000a6300000| Untracked |  0
|  34|0x00000000a6400000, 0x00000000a6400000, 0x00000000a6500000|  0%| F|  |TAMS 0x00000000a6400000| PB 0x00000000a6400000| Untracked |  0
|  35|0x00000000a6500000, 0x00000000a6500000, 0x00000000a6600000|  0%| F|  |TAMS 0x00000000a6500000| PB 0x00000000a6500000| Untracked |  0
|  36|0x00000000a6600000, 0x00000000a6600000, 0x00000000a6700000|  0%| F|  |TAMS 0x00000000a6600000| PB 0x00000000a6600000| Untracked |  0
|  37|0x00000000a6700000, 0x00000000a6700000, 0x00000000a6800000|  0%| F|  |TAMS 0x00000000a6700000| PB 0x00000000a6700000| Untracked |  0
|  38|0x00000000a6800000, 0x00000000a6800000, 0x00000000a6900000|  0%| F|  |TAMS 0x00000000a6800000| PB 0x00000000a6800000| Untracked |  0
|  39|0x00000000a6900000, 0x00000000a6900000, 0x00000000a6a00000|  0%| F|  |TAMS 0x00000000a6900000| PB 0x00000000a6900000| Untracked |  0
|  40|0x00000000a6a00000, 0x00000000a6a00000, 0x00000000a6b00000|  0%| F|  |TAMS 0x00000000a6a00000| PB 0x00000000a6a00000| Untracked |  0
|  41|0x00000000a6b00000, 0x00000000a6b00000, 0x00000000a6c00000|  0%| F|  |TAMS 0x00000000a6b00000| PB 0x00000000a6b00000| Untracked |  0
|  42|0x00000000a6c00000, 0x00000000a6c00000, 0x00000000a6d00000|  0%| F|  |TAMS 0x00000000a6c00000| PB 0x00000000a6c00000| Untracked |  0
|  43|0x00000000a6d00000, 0x00000000a6d00000, 0x00000000a6e00000|  0%| F|  |TAMS 0x00000000a6d00000| PB 0x00000000a6d00000| Untracked |  0
|  44|0x00000000a6e00000, 0x00000000a6e00000, 0x00000000a6f00000|  0%| F|  |TAMS 0x00000000a6e00000| PB 0x00000000a6e00000| Untracked |  0
|  45|0x00000000a6f00000, 0x00000000a6f00000, 0x00000000a7000000|  0%| F|  |TAMS 0x00000000a6f00000| PB 0x00000000a6f00000| Untracked |  0
|  46|0x00000000a7000000, 0x00000000a7000000, 0x00000000a7100000|  0%| F|  |TAMS 0x00000000a7000000| PB 0x00000000a7000000| Untracked |  0
|  47|0x00000000a7100000, 0x00000000a7100000, 0x00000000a7200000|  0%| F|  |TAMS 0x00000000a7100000| PB 0x00000000a7100000| Untracked |  0
|  48|0x00000000a7200000, 0x00000000a7200000, 0x00000000a7300000|  0%| F|  |TAMS 0x00000000a7200000| PB 0x00000000a7200000| Untracked |  0
|  49|0x00000000a7300000, 0x00000000a7300000, 0x00000000a7400000|  0%| F|  |TAMS 0x00000000a7300000| PB 0x00000000a7300000| Untracked |  0
|  50|0x00000000a7400000, 0x00000000a7400000, 0x00000000a7500000|  0%| F|  |TAMS 0x00000000a7400000| PB 0x00000000a7400000| Untracked |  0
|  51|0x00000000a7500000, 0x00000000a7500000, 0x00000000a7600000|  0%| F|  |TAMS 0x00000000a7500000| PB 0x00000000a7500000| Untracked |  0
|  52|0x00000000a7600000, 0x00000000a7600000, 0x00000000a7700000|  0%| F|  |TAMS 0x00000000a7600000| PB 0x00000000a7600000| Untracked |  0
|  53|0x00000000a7700000, 0x00000000a7700000, 0x00000000a7800000|  0%| F|  |TAMS 0x00000000a7700000| PB 0x00000000a7700000| Untracked |  0
|  54|0x00000000a7800000, 0x00000000a7800000, 0x00000000a7900000|  0%| F|  |TAMS 0x00000000a7800000| PB 0x00000000a7800000| Untracked |  0
|  55|0x00000000a7900000, 0x00000000a7900000, 0x00000000a7a00000|  0%| F|  |TAMS 0x00000000a7900000| PB 0x00000000a7900000| Untracked |  0
|  56|0x00000000a7a00000, 0x00000000a7a00000, 0x00000000a7b00000|  0%| F|  |TAMS 0x00000000a7a00000| PB 0x00000000a7a00000| Untracked |  0
|  57|0x00000000a7b00000, 0x00000000a7b00000, 0x00000000a7c00000|  0%| F|  |TAMS 0x00000000a7b00000| PB 0x00000000a7b00000| Untracked |  0
|  58|0x00000000a7c00000, 0x00000000a7c00000, 0x00000000a7d00000|  0%| F|  |TAMS 0x00000000a7c00000| PB 0x00000000a7c00000| Untracked |  0
|  59|0x00000000a7d00000, 0x00000000a7d00000, 0x00000000a7e00000|  0%| F|  |TAMS 0x00000000a7d00000| PB 0x00000000a7d00000| Untracked |  0
|  60|0x00000000a7e00000, 0x00000000a7e00000, 0x00000000a7f00000|  0%| F|  |TAMS 0x00000000a7e00000| PB 0x00000000a7e00000| Untracked |  0
|  61|0x00000000a7f00000, 0x00000000a7f00000, 0x00000000a8000000|  0%| F|  |TAMS 0x00000000a7f00000| PB 0x00000000a7f00000| Untracked |  0
|  62|0x00000000a8000000, 0x00000000a8000000, 0x00000000a8100000|  0%| F|  |TAMS 0x00000000a8000000| PB 0x00000000a8000000| Untracked |  0
|  63|0x00000000a8100000, 0x00000000a8100000, 0x00000000a8200000|  0%| F|  |TAMS 0x00000000a8100000| PB 0x00000000a8100000| Untracked |  0
|  64|0x00000000a8200000, 0x00000000a8200000, 0x00000000a8300000|  0%| F|  |TAMS 0x00000000a8200000| PB 0x00000000a8200000| Untracked |  0
|  65|0x00000000a8300000, 0x00000000a8300000, 0x00000000a8400000|  0%| F|  |TAMS 0x00000000a8300000| PB 0x00000000a8300000| Untracked |  0
|  66|0x00000000a8400000, 0x00000000a8400000, 0x00000000a8500000|  0%| F|  |TAMS 0x00000000a8400000| PB 0x00000000a8400000| Untracked |  0
|  67|0x00000000a8500000, 0x00000000a8500000, 0x00000000a8600000|  0%| F|  |TAMS 0x00000000a8500000| PB 0x00000000a8500000| Untracked |  0
|  68|0x00000000a8600000, 0x00000000a8600000, 0x00000000a8700000|  0%| F|  |TAMS 0x00000000a8600000| PB 0x00000000a8600000| Untracked |  0
|  69|0x00000000a8700000, 0x00000000a8700000, 0x00000000a8800000|  0%| F|  |TAMS 0x00000000a8700000| PB 0x00000000a8700000| Untracked |  0
|  70|0x00000000a8800000, 0x00000000a8800000, 0x00000000a8900000|  0%| F|  |TAMS 0x00000000a8800000| PB 0x00000000a8800000| Untracked |  0
|  71|0x00000000a8900000, 0x00000000a8900000, 0x00000000a8a00000|  0%| F|  |TAMS 0x00000000a8900000| PB 0x00000000a8900000| Untracked |  0
|  72|0x00000000a8a00000, 0x00000000a8a00000, 0x00000000a8b00000|  0%| F|  |TAMS 0x00000000a8a00000| PB 0x00000000a8a00000| Untracked |  0
|  73|0x00000000a8b00000, 0x00000000a8b00000, 0x00000000a8c00000|  0%| F|  |TAMS 0x00000000a8b00000| PB 0x00000000a8b00000| Untracked |  0
|  74|0x00000000a8c00000, 0x00000000a8c00000, 0x00000000a8d00000|  0%| F|  |TAMS 0x00000000a8c00000| PB 0x00000000a8c00000| Untracked |  0
|  75|0x00000000a8d00000, 0x00000000a8d00000, 0x00000000a8e00000|  0%| F|  |TAMS 0x00000000a8d00000| PB 0x00000000a8d00000| Untracked |  0
|  76|0x00000000a8e00000, 0x00000000a8e00000, 0x00000000a8f00000|  0%| F|  |TAMS 0x00000000a8e00000| PB 0x00000000a8e00000| Untracked |  0
|  77|0x00000000a8f00000, 0x00000000a8f00000, 0x00000000a9000000|  0%| F|  |TAMS 0x00000000a8f00000| PB 0x00000000a8f00000| Untracked |  0
|  78|0x00000000a9000000, 0x00000000a9000000, 0x00000000a9100000|  0%| F|  |TAMS 0x00000000a9000000| PB 0x00000000a9000000| Untracked |  0
|  79|0x00000000a9100000, 0x00000000a9100000, 0x00000000a9200000|  0%| F|  |TAMS 0x00000000a9100000| PB 0x00000000a9100000| Untracked |  0
|  80|0x00000000a9200000, 0x00000000a92f5d28, 0x00000000a9300000| 96%| E|  |TAMS 0x00000000a9200000| PB 0x00000000a9200000| Complete |  0
|  81|0x00000000a9300000, 0x00000000a9400000, 0x00000000a9400000|100%| E|CS|TAMS 0x00000000a9300000| PB 0x00000000a9300000| Complete |  0
|  82|0x00000000a9400000, 0x00000000a9500000, 0x00000000a9500000|100%| E|CS|TAMS 0x00000000a9400000| PB 0x00000000a9400000| Complete |  0
|  83|0x00000000a9500000, 0x00000000a9600000, 0x00000000a9600000|100%| E|CS|TAMS 0x00000000a9500000| PB 0x00000000a9500000| Complete |  0
|  84|0x00000000a9600000, 0x00000000a9700000, 0x00000000a9700000|100%| E|CS|TAMS 0x00000000a9600000| PB 0x00000000a9600000| Complete |  0
|  85|0x00000000a9700000, 0x00000000a9800000, 0x00000000a9800000|100%| E|CS|TAMS 0x00000000a9700000| PB 0x00000000a9700000| Complete |  0
|  86|0x00000000a9800000, 0x00000000a9900000, 0x00000000a9900000|100%| E|CS|TAMS 0x00000000a9800000| PB 0x00000000a9800000| Complete |  0
|  87|0x00000000a9900000, 0x00000000a9a00000, 0x00000000a9a00000|100%| E|CS|TAMS 0x00000000a9900000| PB 0x00000000a9900000| Complete |  0
|  88|0x00000000a9a00000, 0x00000000a9b00000, 0x00000000a9b00000|100%| E|CS|TAMS 0x00000000a9a00000| PB 0x00000000a9a00000| Complete |  0
|  89|0x00000000a9b00000, 0x00000000a9c00000, 0x00000000a9c00000|100%| E|CS|TAMS 0x00000000a9b00000| PB 0x00000000a9b00000| Complete |  0
|  90|0x00000000a9c00000, 0x00000000a9d00000, 0x00000000a9d00000|100%| E|CS|TAMS 0x00000000a9c00000| PB 0x00000000a9c00000| Complete |  0
|  91|0x00000000a9d00000, 0x00000000a9e00000, 0x00000000a9e00000|100%| E|CS|TAMS 0x00000000a9d00000| PB 0x00000000a9d00000| Complete |  0

Card table byte_map: [0x00000204cdb00000,0x00000204cdde0000] _byte_map_base: 0x00000204cd5df000

Marking Bits: (CMBitMap*) 0x00000204b5e020a0
 Bits: [0x00000204cdde0000, 0x00000204cf4d8000)

Polling page: 0x00000204b3db0000

Metaspace:

Usage:
  Non-class:      9.23 MB used.
      Class:      1.28 MB used.
       Both:     10.51 MB used.

Virtual space:
  Non-class space:       64.00 MB reserved,       9.38 MB ( 15%) committed,  1 nodes.
      Class space:        1.00 GB reserved,       1.38 MB ( <1%) committed,  1 nodes.
             Both:        1.06 GB reserved,      10.75 MB ( <1%) committed. 

Chunk freelists:
   Non-Class:  6.43 MB
       Class:  14.65 MB
        Both:  21.08 MB

MaxMetaspaceSize: unlimited
CompressedClassSpaceSize: 1.00 GB
Initial GC threshold: 21.00 MB
Current GC threshold: 21.00 MB
CDS: on
 - commit_granule_bytes: 65536.
 - commit_granule_words: 8192.
 - virtual_space_node_default_size: 8388608.
 - enlarge_chunks_in_place: 1.
 - use_allocation_guard: 0.


Internal statistics:

num_allocs_failed_limit: 0.
num_arena_births: 162.
num_arena_deaths: 0.
num_vsnodes_births: 2.
num_vsnodes_deaths: 0.
num_space_committed: 172.
num_space_uncommitted: 0.
num_chunks_returned_to_freelist: 0.
num_chunks_taken_from_freelist: 224.
num_chunk_merges: 0.
num_chunk_splits: 130.
num_chunks_enlarged: 59.
num_inconsistent_stats: 0.

CodeHeap 'non-profiled nmethods': size=120064Kb used=337Kb max_used=337Kb free=119727Kb
 bounds [0x00000204c5fb0000, 0x00000204c6220000, 0x00000204cd4f0000]
CodeHeap 'profiled nmethods': size=120000Kb used=1720Kb max_used=1720Kb free=118279Kb
 bounds [0x00000204be4f0000, 0x00000204be760000, 0x00000204c5a20000]
CodeHeap 'non-nmethods': size=5696Kb used=1574Kb max_used=1574Kb free=4121Kb
 bounds [0x00000204c5a20000, 0x00000204c5c90000, 0x00000204c5fb0000]
CodeCache: size=245760Kb, used=3631Kb, max_used=3631Kb, free=242127Kb
 total_blobs=1920, nmethods=1266, adapters=560, full_count=0
Compilation: enabled, stopped_count=0, restarted_count=0

Compilation events (20 events):
Event: 9.943 Thread 0x00000204d1ef3600 nmethod 1217 0x00000204be681288 code [0x00000204be6813a0, 0x00000204be6815e0]
Event: 9.943 Thread 0x00000204d1ef3600 1218       3       sun.awt.image.ImageWatched$WeakLink$$Lambda/0x00000204d3164aa0::run (32 bytes)
Event: 9.943 Thread 0x00000204d1ef3600 nmethod 1218 0x00000204be681608 code [0x00000204be681720, 0x00000204be681888]
Event: 9.943 Thread 0x00000204d1ef3600 1219       3       java.awt.ImageMediaEntry::imageUpdate (51 bytes)
Event: 9.944 Thread 0x00000204d1ef3600 nmethod 1219 0x00000204be681908 code [0x00000204be681a80, 0x00000204be682258]
Event: 9.944 Thread 0x00000204d1ef3600 1220   !   3       sun.awt.image.ImageRepresentation::setPixels (1058 bytes)
Event: 9.951 Thread 0x00000204d1ef3600 nmethod 1220 0x00000204be682308 code [0x00000204be6827a0, 0x00000204be685c78]
Event: 9.951 Thread 0x00000204d1ef3600 1221       3       sun.awt.image.ByteInterleavedRaster::putByteData (834 bytes)
Event: 9.953 Thread 0x00000204d1ef3600 nmethod 1221 0x00000204be685d08 code [0x00000204be685fa0, 0x00000204be687510]
Event: 9.955 Thread 0x00000204d1ef3600 1222       3       sun.awt.image.ImageWatched$WeakLink::update (39 bytes)
Event: 9.956 Thread 0x00000204d1ef3600 nmethod 1222 0x00000204be687588 code [0x00000204be6877a0, 0x00000204be688410]
Event: 9.958 Thread 0x00000204d1ef3600 1224       3       java.util.zip.Inflater::ensureOpen (47 bytes)
Event: 9.959 Thread 0x00000204d1ef3600 nmethod 1224 0x00000204be688508 code [0x00000204be688640, 0x00000204be688890]
Event: 9.959 Thread 0x00000204d1ef3600 1225       3       java.io.BufferedInputStream::fill (204 bytes)
Event: 11.974 Thread 0x00000204d1ef3600 nmethod 1225 0x00000204be688908 code [0x00000204be688ae0, 0x00000204be6895c8]
Event: 11.975 Thread 0x00000204d1ef3600 1228       3       sun.awt.image.ImageDecoder::setPixels (58 bytes)
Event: 11.976 Thread 0x00000204d1ef3600 nmethod 1228 0x00000204be689688 code [0x00000204be689800, 0x00000204be689fd0]
Event: 11.976 Thread 0x00000204d1ef3600 1226       3       java.io.BufferedInputStream::getInIfOpen (21 bytes)
Event: 11.977 Thread 0x00000204d1ef3600 nmethod 1226 0x00000204be68a088 code [0x00000204be68a1c0, 0x00000204be68a3c8]
Event: 11.977 Thread 0x00000204d1ef3600 1227   !   3       java.util.zip.Inflater::setInput (56 bytes)

GC Heap History (0 events):
No events

Dll operation events (10 events):
Event: 0.014 Loaded shared library C:\Program Files\Java\jdk-23\bin\java.dll
Event: 1.079 Loaded shared library C:\Program Files\Java\jdk-23\bin\jsvml.dll
Event: 1.132 Loaded shared library C:\Program Files\Java\jdk-23\bin\net.dll
Event: 1.135 Loaded shared library C:\Program Files\Java\jdk-23\bin\nio.dll
Event: 1.146 Loaded shared library C:\Program Files\Java\jdk-23\bin\zip.dll
Event: 1.172 Loaded shared library C:\Program Files\Java\jdk-23\bin\jimage.dll
Event: 1.237 Loaded shared library C:\Program Files\Java\jdk-23\bin\awt.dll
Event: 1.538 Loaded shared library C:\Program Files\Java\jdk-23\bin\freetype.dll
Event: 1.542 Loaded shared library C:\Program Files\Java\jdk-23\bin\fontmanager.dll
Event: 3.291 Loaded shared library C:\Program Files\Java\jdk-23\bin\verify.dll

Deoptimization events (8 events):
Event: 1.150 Thread 0x00000204b5db9500 DEOPT PACKING pc=0x00000204be4f0228 sp=0x00000019640f9f50
Event: 1.150 Thread 0x00000204b5db9500 DEOPT UNPACKING pc=0x00000204c5a74b22 sp=0x00000019640f93d8 mode 0
Event: 1.155 Thread 0x00000204b5db9500 DEOPT PACKING pc=0x00000204be4f0228 sp=0x00000019640f9f80
Event: 1.155 Thread 0x00000204b5db9500 DEOPT UNPACKING pc=0x00000204c5a74b22 sp=0x00000019640f9408 mode 0
Event: 3.466 Thread 0x000002051736c7b0 Uncommon trap: trap_request=0xffffff45 fr.pc=0x00000204c5fe090c relative=0x000000000000012c
Event: 3.466 Thread 0x000002051736c7b0 Uncommon trap: reason=unstable_if action=reinterpret pc=0x00000204c5fe090c method=java.util.regex.Pattern$BmpCharPropertyGreedy.match(Ljava/util/regex/Matcher;ILjava/lang/CharSequence;)Z @ 12 c2
Event: 3.466 Thread 0x000002051736c7b0 DEOPT PACKING pc=0x00000204c5fe090c sp=0x00000019655fdbf0
Event: 3.466 Thread 0x000002051736c7b0 DEOPT UNPACKING pc=0x00000204c5a74402 sp=0x00000019655fdb88 mode 2

Classes loaded (20 events):
Event: 9.857 Loading class java/awt/image/BufferedImage
Event: 9.857 Loading class java/awt/image/WritableRenderedImage
Event: 9.857 Loading class java/awt/image/RenderedImage
Event: 9.857 Loading class java/awt/image/RenderedImage done
Event: 9.857 Loading class java/awt/image/WritableRenderedImage done
Event: 9.858 Loading class java/awt/image/BufferedImage done
Event: 9.858 Loading class java/awt/image/BufferedImage$1
Event: 9.858 Loading class java/awt/image/BufferedImage$1 done
Event: 9.858 Loading class sun/awt/image/IntegerComponentRaster
Event: 9.859 Loading class sun/awt/image/IntegerComponentRaster done
Event: 9.859 Loading class sun/awt/image/BytePackedRaster
Event: 9.859 Loading class sun/awt/image/BytePackedRaster done
Event: 9.861 Loading class javax/swing/KeyboardManager
Event: 9.862 Loading class javax/swing/KeyboardManager done
Event: 9.887 Loading class sun/awt/image/FileImageSource
Event: 9.888 Loading class sun/awt/image/FileImageSource done
Event: 9.896 Loading class sun/awt/image/PNGImageDecoder
Event: 9.897 Loading class sun/awt/image/PNGImageDecoder done
Event: 9.899 Loading class sun/awt/image/PNGFilterInputStream
Event: 9.899 Loading class sun/awt/image/PNGFilterInputStream done

Classes unloaded (0 events):
No events

Classes redefined (0 events):
No events

Internal exceptions (20 events):
Event: 1.636 Thread 0x00000204b5db9500 Exception <a 'java/lang/ClassNotFoundException'{0x00000000a99f4c80}: ToolBar> (0x00000000a99f4c80) 
thrown [s\open\src\hotspot\share\classfile\systemDictionary.cpp, line 313]
Event: 1.636 Thread 0x00000204b5db9500 Exception <a 'java/lang/ClassNotFoundException'{0x00000000a99f4fe0}: Button> (0x00000000a99f4fe0) 
thrown [s\open\src\hotspot\share\classfile\systemDictionary.cpp, line 313]
Event: 1.636 Thread 0x00000204b5db9500 Exception <a 'java/lang/ClassNotFoundException'{0x00000000a99f54a8}: ToolBar> (0x00000000a99f54a8) 
thrown [s\open\src\hotspot\share\classfile\systemDictionary.cpp, line 313]
Event: 1.636 Thread 0x00000204b5db9500 Exception <a 'java/lang/ClassNotFoundException'{0x00000000a99f5818}: ToggleButton> (0x00000000a99f5818) 
thrown [s\open\src\hotspot\share\classfile\systemDictionary.cpp, line 313]
Event: 1.636 Thread 0x00000204b5db9500 Exception <a 'java/lang/ClassNotFoundException'{0x00000000a99f5f20}: javax/swing/JToolBarSeparator> (0x00000000a99f5f20) 
thrown [s\open\src\hotspot\share\classfile\systemDictionary.cpp, line 313]
Event: 1.636 Thread 0x00000204b5db9500 Exception <a 'java/lang/ClassNotFoundException'{0x00000000a99f6230}: ToolBarSeparator> (0x00000000a99f6230) 
thrown [s\open\src\hotspot\share\classfile\systemDictionary.cpp, line 313]
Event: 1.637 Thread 0x00000204b5db9500 Exception <a 'java/lang/ClassNotFoundException'{0x00000000a99f6748}: ToolTip> (0x00000000a99f6748) 
thrown [s\open\src\hotspot\share\classfile\systemDictionary.cpp, line 313]
Event: 1.639 Thread 0x00000204b5db9500 Exception <a 'java/lang/ClassNotFoundException'{0x00000000a99f7098}: Tree> (0x00000000a99f7098) 
thrown [s\open\src\hotspot\share\classfile\systemDictionary.cpp, line 313]
Event: 1.639 Thread 0x00000204b5db9500 Exception <a 'java/lang/ClassNotFoundException'{0x00000000a99f7590}: Tree> (0x00000000a99f7590) 
thrown [s\open\src\hotspot\share\classfile\systemDictionary.cpp, line 313]
Event: 1.639 Thread 0x00000204b5db9500 Exception <a 'java/lang/ClassNotFoundException'{0x00000000a99f7900}: javax/swing/JTreeCell> (0x00000000a99f7900) 
thrown [s\open\src\hotspot\share\classfile\systemDictionary.cpp, line 313]
Event: 1.639 Thread 0x00000204b5db9500 Exception <a 'java/lang/ClassNotFoundException'{0x00000000a99f7c08}: TreeCell> (0x00000000a99f7c08) 
thrown [s\open\src\hotspot\share\classfile\systemDictionary.cpp, line 313]
Event: 1.640 Thread 0x00000204b5db9500 Exception <a 'java/lang/ClassNotFoundException'{0x00000000a99f83c0}: RootPane> (0x00000000a99f83c0) 
thrown [s\open\src\hotspot\share\classfile\systemDictionary.cpp, line 313]
Event: 1.644 Thread 0x00000204b5db9500 Exception <a 'java/lang/ClassNotFoundException'{0x00000000a99fb220}: com/sun/swing/internal/plaf/metal/resources/spi/metalProvider> (0x00000000a99fb220) 
thrown [s\open\src\hotspot\share\classfile\systemDictionary.cpp, line 313]
Event: 1.647 Thread 0x00000204b5db9500 Exception <a 'java/lang/ClassNotFoundException'{0x00000000a99fef30}: com/sun/swing/internal/plaf/basic/resources/spi/basicProvider> (0x00000000a99fef30) 
thrown [s\open\src\hotspot\share\classfile\systemDictionary.cpp, line 313]
Event: 3.129 Thread 0x000002051736c7b0 Exception <a 'java/lang/ClassNotFoundException'{0x00000000a9891bf8}: com/sun/swing/internal/plaf/synth/resources/spi/synthProvider> (0x00000000a9891bf8) 
thrown [s\open\src\hotspot\share\classfile\systemDictionary.cpp, line 313]
Event: 3.177 Thread 0x000002051736c7b0 Exception <a 'java/lang/NoSuchMethodError'{0x00000000a98d5d30}: 'int java.lang.invoke.Invokers$Holder.invokeExact_MT(java.lang.Object, java.lang.Object)'> (0x00000000a98d5d30) 
thrown [s\open\src\hotspot\share\interpreter\linkResolver.cpp, line 796]
Event: 3.206 Thread 0x000002051736c7b0 Exception <a 'java/lang/NoSuchMethodError'{0x00000000a98e2308}: 'java.lang.Object java.lang.invoke.DirectMethodHandle$Holder.newInvokeSpecial(java.lang.Object, java.lang.Object, int)'> (0x00000000a98e2308) 
thrown [s\open\src\hotspot\share\interpreter\linkResolver.cpp, line 796]
Event: 3.209 Thread 0x000002051736c7b0 Exception <a 'java/lang/NoSuchMethodError'{0x00000000a9701480}: 'java.lang.Object java.lang.invoke.DirectMethodHandle$Holder.invokeStatic(java.lang.Object, java.lang.Object, java.lang.Object, java.lang.Object, int)'> (0x00000000a9701480) 
thrown [s\open\src\hotspot\share\interpreter\linkResolver.cpp, line 796]
Event: 3.211 Thread 0x000002051736c7b0 Exception <a 'java/lang/NoSuchMethodError'{0x00000000a970cfe8}: 'int java.lang.invoke.DirectMethodHandle$Holder.invokeSpecial(java.lang.Object, java.lang.Object, java.lang.Object)'> (0x00000000a970cfe8) 
thrown [s\open\src\hotspot\share\interpreter\linkResolver.cpp, line 796]
Event: 8.835 Thread 0x0000020517f92070 Exception <a 'java/lang/NoSuchMethodError'{0x00000000a938e1a0}: 'java.lang.Object java.lang.invoke.DirectMethodHandle$Holder.newInvokeSpecial(java.lang.Object, java.lang.Object, java.lang.Object, int, int, int, int, int)'> (0x00000000a938e1a0) 
thrown [s\open\src\hotspot\share\interpreter\linkResolver.cpp, line 796]

VM Operations (12 events):
Event: 1.166 Executing VM operation: HandshakeAllThreads (Deoptimize)
Event: 1.166 Executing VM operation: HandshakeAllThreads (Deoptimize) done
Event: 1.292 Executing VM operation: HandshakeAllThreads (Deoptimize)
Event: 1.292 Executing VM operation: HandshakeAllThreads (Deoptimize) done
Event: 3.230 Executing VM operation: HandshakeAllThreads (Deoptimize)
Event: 3.230 Executing VM operation: HandshakeAllThreads (Deoptimize) done
Event: 3.253 Executing VM operation: HandshakeAllThreads (Deoptimize)
Event: 3.253 Executing VM operation: HandshakeAllThreads (Deoptimize) done
Event: 3.377 Executing VM operation: HandshakeAllThreads (Deoptimize)
Event: 3.377 Executing VM operation: HandshakeAllThreads (Deoptimize) done
Event: 8.806 Executing VM operation: HandshakeAllThreads (Deoptimize)
Event: 8.806 Executing VM operation: HandshakeAllThreads (Deoptimize) done

Memory protections (0 events):
No events

Nmethod flushes (0 events):
No events

Events (19 events):
Event: 0.056 Thread 0x00000204b5db9500 Thread added: 0x00000204b5db9500
Event: 0.074 Thread 0x00000204b5db9500 Thread added: 0x00000204d1ee1cb0
Event: 0.074 Thread 0x00000204b5db9500 Thread added: 0x00000204d1ee3630
Event: 0.075 Thread 0x00000204b5db9500 Thread added: 0x00000204d1eed740
Event: 0.075 Thread 0x00000204b5db9500 Thread added: 0x00000204d1eee1a0
Event: 0.075 Thread 0x00000204b5db9500 Thread added: 0x00000204d1eef920
Event: 0.075 Thread 0x00000204b5db9500 Thread added: 0x00000204d1ef10a0
Event: 0.075 Thread 0x00000204b5db9500 Thread added: 0x00000204d1ef2b50
Event: 0.075 Thread 0x00000204b5db9500 Thread added: 0x00000204d1ef3600
Event: 0.100 Thread 0x00000204b5db9500 Thread added: 0x00000204d1f65560
Event: 0.105 Thread 0x00000204b5db9500 Thread added: 0x00000204d1f69350
Event: 1.373 Thread 0x00000204b5db9500 Thread added: 0x00000205172ec420
Event: 1.376 Thread 0x00000204b5db9500 Thread added: 0x00000205172f13e0
Event: 1.378 Thread 0x00000204b5db9500 Thread added: 0x00000205173001f0
Event: 1.676 Thread 0x00000204b5db9500 Thread added: 0x000002051736c7b0
Event: 1.676 Thread 0x00000204b5db9500 Thread exited: 0x00000204b5db9500
Event: 1.677 Thread 0x00000204b5db9500 Thread added: 0x00000204b5db9500
Event: 4.551 Thread 0x000002051736c7b0 Thread added: 0x000002051855b6a0
Event: 8.827 Thread 0x000002051736c7b0 Thread added: 0x0000020517f92070


Dynamic libraries:
0x00007ff6c2b10000 - 0x00007ff6c2b20000 	C:\Program Files\Java\jdk-23\bin\java.exe
0x00007ffd4c680000 - 0x00007ffd4c8e3000 	C:\WINDOWS\SYSTEM32\ntdll.dll
0x00007ffd4b1c0000 - 0x00007ffd4b287000 	C:\WINDOWS\System32\KERNEL32.DLL
0x00007ffd4a0c0000 - 0x00007ffd4a487000 	C:\WINDOWS\System32\KERNELBASE.dll
0x00007ffd49a20000 - 0x00007ffd49b6c000 	C:\WINDOWS\System32\ucrtbase.dll
0x00007ffd43f40000 - 0x00007ffd43f5b000 	C:\Program Files\Java\jdk-23\bin\VCRUNTIME140.dll
0x00007ffd34db0000 - 0x00007ffd34dc7000 	C:\Program Files\Java\jdk-23\bin\jli.dll
0x00007ffd4c2c0000 - 0x00007ffd4c489000 	C:\WINDOWS\System32\USER32.dll
0x00007ffd48bd0000 - 0x00007ffd48e60000 	C:\WINDOWS\WinSxS\amd64_microsoft.windows.common-controls_6595b64144ccf1df_6.0.26100.3037_none_3e09262ce333c378\COMCTL32.dll
0x00007ffd499f0000 - 0x00007ffd49a17000 	C:\WINDOWS\System32\win32u.dll
0x00007ffd4b9c0000 - 0x00007ffd4ba69000 	C:\WINDOWS\System32\msvcrt.dll
0x00007ffd4c530000 - 0x00007ffd4c55a000 	C:\WINDOWS\System32\GDI32.dll
0x00007ffd49f90000 - 0x00007ffd4a0bb000 	C:\WINDOWS\System32\gdi32full.dll
0x00007ffd49b70000 - 0x00007ffd49c13000 	C:\WINDOWS\System32\msvcp_win.dll
0x00007ffd4bed0000 - 0x00007ffd4beff000 	C:\WINDOWS\System32\IMM32.DLL
0x00007ffd3a5a0000 - 0x00007ffd3a5ac000 	C:\Program Files\Java\jdk-23\bin\vcruntime140_1.dll
0x00007ffd27a90000 - 0x00007ffd27b1e000 	C:\Program Files\Java\jdk-23\bin\msvcp140.dll
0x00007ffceecb0000 - 0x00007ffcef9ff000 	C:\Program Files\Java\jdk-23\bin\server\jvm.dll
0x00007ffd4be00000 - 0x00007ffd4beb4000 	C:\WINDOWS\System32\ADVAPI32.dll
0x00007ffd4c560000 - 0x00007ffd4c606000 	C:\WINDOWS\System32\sechost.dll
0x00007ffd4b090000 - 0x00007ffd4b1a6000 	C:\WINDOWS\System32\RPCRT4.dll
0x00007ffd4a590000 - 0x00007ffd4a604000 	C:\WINDOWS\System32\WS2_32.dll
0x00007ffd42e00000 - 0x00007ffd42e36000 	C:\WINDOWS\SYSTEM32\WINMM.dll
0x00007ffd497d0000 - 0x00007ffd4981e000 	C:\WINDOWS\SYSTEM32\POWRPROF.dll
0x00007ffd3ad60000 - 0x00007ffd3ad6b000 	C:\WINDOWS\SYSTEM32\VERSION.dll
0x00007ffd497b0000 - 0x00007ffd497c4000 	C:\WINDOWS\SYSTEM32\UMPDC.dll
0x00007ffd47ef0000 - 0x00007ffd47f0a000 	C:\WINDOWS\SYSTEM32\kernel.appcore.dll
0x00007ffd3a2b0000 - 0x00007ffd3a2ba000 	C:\Program Files\Java\jdk-23\bin\jimage.dll
0x00007ffd491b0000 - 0x00007ffd493f1000 	C:\WINDOWS\SYSTEM32\DBGHELP.DLL
0x00007ffd4ba70000 - 0x00007ffd4bdee000 	C:\WINDOWS\System32\combase.dll
0x00007ffd4a7a0000 - 0x00007ffd4a876000 	C:\WINDOWS\System32\OLEAUT32.dll
0x00007ffd49070000 - 0x00007ffd490a9000 	C:\WINDOWS\SYSTEM32\dbgcore.DLL
0x00007ffd49ef0000 - 0x00007ffd49f89000 	C:\WINDOWS\System32\bcryptPrimitives.dll
0x00007ffd3a2c0000 - 0x00007ffd3a2de000 	C:\Program Files\Java\jdk-23\bin\java.dll
0x00007ffd4b820000 - 0x00007ffd4b9b5000 	C:\WINDOWS\System32\ole32.dll
0x00007ffd4a8d0000 - 0x00007ffd4afd4000 	C:\WINDOWS\System32\SHELL32.dll
0x00007ffd46ca0000 - 0x00007ffd474d7000 	C:\WINDOWS\SYSTEM32\windows.storage.dll
0x00007ffd4b290000 - 0x00007ffd4b379000 	C:\WINDOWS\System32\SHCORE.dll
0x00007ffd4a630000 - 0x00007ffd4a68d000 	C:\WINDOWS\System32\shlwapi.dll
0x00007ffd49900000 - 0x00007ffd4992e000 	C:\WINDOWS\SYSTEM32\profapi.dll
0x00007ffd27fb0000 - 0x00007ffd28087000 	C:\Program Files\Java\jdk-23\bin\jsvml.dll
0x00007ffd390e0000 - 0x00007ffd390f0000 	C:\Program Files\Java\jdk-23\bin\net.dll
0x00007ffd483c0000 - 0x00007ffd4842a000 	C:\WINDOWS\system32\mswsock.dll
0x00007ffd385f0000 - 0x00007ffd38606000 	C:\Program Files\Java\jdk-23\bin\nio.dll
0x00007ffd384f0000 - 0x00007ffd38507000 	C:\Program Files\Java\jdk-23\bin\zip.dll
0x00007ffd04130000 - 0x00007ffd042be000 	C:\Program Files\Java\jdk-23\bin\awt.dll
0x00007ffd461a0000 - 0x00007ffd4623c000 	C:\WINDOWS\SYSTEM32\apphelp.dll
0x00007ffd46540000 - 0x00007ffd465ed000 	C:\WINDOWS\system32\uxtheme.dll
0x00007ffd4bf10000 - 0x00007ffd4c06c000 	C:\WINDOWS\System32\MSCTF.dll
0x00007ffd46650000 - 0x00007ffd4667e000 	C:\WINDOWS\system32\DWMAPI.DLL
0x00007ffd261c0000 - 0x00007ffd26247000 	C:\Program Files\Java\jdk-23\bin\freetype.dll
0x00007ffd1ecd0000 - 0x00007ffd1eda7000 	C:\Program Files\Java\jdk-23\bin\fontmanager.dll
0x00007ffd22fd0000 - 0x00007ffd230dc000 	C:\WINDOWS\system32\opengl32.dll
0x00007ffd24aa0000 - 0x00007ffd24acd000 	C:\WINDOWS\SYSTEM32\GLU32.dll
0x00007ffd466c0000 - 0x00007ffd46707000 	C:\WINDOWS\SYSTEM32\dxcore.dll
0x00007ffd229e0000 - 0x00007ffd22b8c000 	C:\WINDOWS\system32\d3d9.dll
0x00007ffcde650000 - 0x00007ffce1e94000 	C:\WINDOWS\System32\DriverStore\FileRepository\u0406361.inf_amd64_83db8324165c2a40\B405805\amdxn64.dll
0x00007ffd4b380000 - 0x00007ffd4b806000 	C:\WINDOWS\System32\SETUPAPI.dll
0x00007ffd42c50000 - 0x00007ffd42d7c000 	C:\WINDOWS\SYSTEM32\dxgi.dll
0x00007ffd42a40000 - 0x00007ffd42a9c000 	C:\WINDOWS\SYSTEM32\directxdatabasehelper.dll
0x00007ffd495e0000 - 0x00007ffd4963f000 	C:\WINDOWS\SYSTEM32\cfgmgr32.dll
0x00007ffd490b0000 - 0x00007ffd490d6000 	C:\WINDOWS\SYSTEM32\BCrypt.dll
0x00007ffd3d7b0000 - 0x00007ffd3d7e7000 	C:\WINDOWS\System32\DriverStore\FileRepository\u0406361.inf_amd64_83db8324165c2a40\B405805\amdihk64.dll
0x00007ffd385e0000 - 0x00007ffd385f0000 	C:\Program Files\Java\jdk-23\bin\verify.dll
0x00007ffd4afe0000 - 0x00007ffd4b088000 	C:\WINDOWS\System32\clbcatq.dll
0x00007ffd44b00000 - 0x00007ffd44d2e000 	C:\WINDOWS\SYSTEM32\WindowsCodecs.dll

dbghelp: loaded successfully - version: 4.0.5 - missing functions: none
symbol engine: initialized successfully - sym options: 0x614 - pdb path: .;C:\Program Files\Java\jdk-23\bin;C:\WINDOWS\SYSTEM32;C:\WINDOWS\WinSxS\amd64_microsoft.windows.common-controls_6595b64144ccf1df_6.0.26100.3037_none_3e09262ce333c378;C:\Program Files\Java\jdk-23\bin\server;C:\WINDOWS\System32\DriverStore\FileRepository\u0406361.inf_amd64_83db8324165c2a40\B405805

VM Arguments:
java_command: com.mycompany.attendancesystem.Register
java_class_path (initial): C:\Users\sharon\Documents\NetBeansProjects\JJJJ\AttendanceSystem\target\classes;C:\Users\sharon\.m2\repository\net\sf\ucanaccess\ucanaccess\4.0.4\ucanaccess-4.0.4.jar;C:\Users\sharon\.m2\repository\org\hsqldb\hsqldb\2.3.1\hsqldb-2.3.1.jar;C:\Users\sharon\.m2\repository\com\healthmarketscience\jackcess\jackcess\2.1.11\jackcess-2.1.11.jar;C:\Users\sharon\.m2\repository\commons-lang\commons-lang\2.6\commons-lang-2.6.jar;C:\Users\sharon\.m2\repository\commons-logging\commons-logging\1.1.3\commons-logging-1.1.3.jar;C:\Users\sharon\.m2\repository\org\netbeans\external\AbsoluteLayout\RELEASE230\AbsoluteLayout-RELEASE230.jar;C:\Users\sharon\.m2\repository\com\toedter\jcalendar\1.4\jcalendar-1.4.jar
Launcher Type: SUN_STANDARD

[Global flags]
     intx CICompilerCount                          = 4                                         {product} {ergonomic}
     uint ConcGCThreads                            = 2                                         {product} {ergonomic}
     uint G1ConcRefinementThreads                  = 8                                         {product} {ergonomic}
   size_t G1HeapRegionSize                         = 1048576                                   {product} {ergonomic}
   size_t InitialHeapSize                          = 96468992                                  {product} {ergonomic}
   size_t MarkStackSize                            = 4194304                                   {product} {ergonomic}
   size_t MarkStackSizeMax                         = 536870912                                 {product} {ergonomic}
   size_t MaxHeapSize                              = 1541406720                                {product} {ergonomic}
   size_t MaxNewSize                               = 924844032                                 {product} {ergonomic}
   size_t MinHeapDeltaBytes                        = 1048576                                   {product} {ergonomic}
   size_t MinHeapSize                              = 8388608                                   {product} {ergonomic}
    uintx NonNMethodCodeHeapSize                   = 5832704                                {pd product} {ergonomic}
    uintx NonProfiledCodeHeapSize                  = 122945536                              {pd product} {ergonomic}
    uintx ProfiledCodeHeapSize                     = 122880000                              {pd product} {ergonomic}
    uintx ReservedCodeCacheSize                    = 251658240                              {pd product} {ergonomic}
     bool SegmentedCodeCache                       = true                                      {product} {ergonomic}
   size_t SoftMaxHeapSize                          = 1541406720                             {manageable} {ergonomic}
     bool UseCompressedOops                        = true                           {product lp64_product} {ergonomic}
     bool UseG1GC                                  = true                                      {product} {ergonomic}
     bool UseLargePagesIndividualAllocation        = false                                  {pd product} {ergonomic}

Logging:
Log output configuration:
 #0: stdout all=warning uptime,level,tags foldmultilines=false
 #1: stderr all=off uptime,level,tags foldmultilines=false

Environment Variables:
JAVA_HOME=C:\Program Files\Java\jdk-23
PATH=C:\Program Files\Common Files\Oracle\Java\javapath;C:\WINDOWS\system32;C:\WINDOWS;C:\WINDOWS\System32\Wbem;C:\WINDOWS\System32\WindowsPowerShell\v1.0\;C:\WINDOWS\System32\OpenSSH\;C:\Users\sharon\AppData\Local\Microsoft\WindowsApps;C:\Users\sharon\AppData\Local\GitHubDesktop\bin;
USERNAME=sharon
OS=Windows_NT
PROCESSOR_IDENTIFIER=AMD64 Family 23 Model 160 Stepping 0, AuthenticAMD
TMP=C:\Users\sharon\AppData\Local\Temp
TEMP=C:\Users\sharon\AppData\Local\Temp




Periodic native trim disabled

---------------  S Y S T E M  ---------------

OS:
 Windows 11 , 64 bit Build 26100 (10.0.26100.3037)
OS uptime: 3 days 3:55 hours
Hyper-V role detected

CPU: total 8 (initial active 8) (8 cores per cpu, 2 threads per core) family 23 model 160 stepping 0 microcode 0x8a00006, cx8, cmov, fxsr, ht, mmx, 3dnowpref, sse, sse2, sse3, ssse3, sse4a, sse4.1, sse4.2, popcnt, lzcnt, tsc, tscinvbit, avx, avx2, aes, clmul, bmi1, bmi2, adx, sha, fma, vzeroupper, clflush, clflushopt, hv, rdtscp, rdpid, f16c
Processor Information for processor 0
  Max Mhz: 2801, Current Mhz: 2801, Mhz Limit: 2801
Processor Information for processor 1
  Max Mhz: 2801, Current Mhz: 2801, Mhz Limit: 2801
Processor Information for processor 2
  Max Mhz: 2801, Current Mhz: 2483, Mhz Limit: 2801
Processor Information for processor 3
  Max Mhz: 2801, Current Mhz: 2801, Mhz Limit: 2801
Processor Information for processor 4
  Max Mhz: 2801, Current Mhz: 2483, Mhz Limit: 2801
Processor Information for processor 5
  Max Mhz: 2801, Current Mhz: 2801, Mhz Limit: 2801
Processor Information for processor 6
  Max Mhz: 2801, Current Mhz: 2483, Mhz Limit: 2801
Processor Information for processor 7
  Max Mhz: 2801, Current Mhz: 2483, Mhz Limit: 2801

Memory: 4k page, system-wide physical 5877M (216M free)
TotalPageFile size 24309M (AvailPageFile size 1M)
current process WorkingSet (physical memory assigned to process): 85M, peak: 85M
current process commit charge ("private bytes"): 200M, peak: 200M

vm_info: Java HotSpot(TM) 64-Bit Server VM (23.0.1+11-39) for windows-amd64 JRE (23.0.1+11-39), built on 2024-09-30T07:20:43Z with MS VC++ 17.6 (VS2022)

END.
